2025-05-04 11:57:07.452 | INFO     | final_strategy:get_signal:22 - Building history 1/60...
2025-05-04 11:57:09.066 | INFO     | final_strategy:get_signal:22 - Building history 2/60...
2025-05-04 11:57:10.705 | INFO     | final_strategy:get_signal:22 - Building history 3/60...
2025-05-04 11:57:12.334 | INFO     | final_strategy:get_signal:22 - Building history 4/60...
2025-05-04 11:57:13.962 | INFO     | final_strategy:get_signal:22 - Building history 5/60...
2025-05-04 11:57:15.582 | INFO     | final_strategy:get_signal:22 - Building history 6/60...
2025-05-04 11:57:17.170 | INFO     | final_strategy:get_signal:22 - Building history 7/60...
2025-05-04 11:57:18.803 | INFO     | final_strategy:get_signal:22 - Building history 8/60...
2025-05-04 11:57:20.426 | INFO     | final_strategy:get_signal:22 - Building history 9/60...
2025-05-04 11:57:22.055 | INFO     | final_strategy:get_signal:22 - Building history 10/60...
2025-05-04 11:57:23.670 | INFO     | final_strategy:get_signal:22 - Building history 11/60...
2025-05-04 11:57:25.290 | INFO     | final_strategy:get_signal:22 - Building history 12/60...
2025-05-04 11:57:26.921 | INFO     | final_strategy:get_signal:22 - Building history 13/60...
2025-05-04 11:57:28.553 | INFO     | final_strategy:get_signal:22 - Building history 14/60...
2025-05-04 11:57:30.178 | INFO     | final_strategy:get_signal:22 - Building history 15/60...
2025-05-04 11:57:31.785 | INFO     | final_strategy:get_signal:22 - Building history 16/60...
2025-05-04 11:57:33.874 | INFO     | final_strategy:get_signal:22 - Building history 17/60...
2025-05-04 11:57:35.503 | INFO     | final_strategy:get_signal:22 - Building history 18/60...
2025-05-04 11:57:37.138 | INFO     | final_strategy:get_signal:22 - Building history 19/60...
2025-05-04 11:57:38.774 | INFO     | final_strategy:get_signal:22 - Building history 20/60...
2025-05-04 11:57:40.401 | INFO     | final_strategy:get_signal:22 - Building history 21/60...
2025-05-04 11:57:42.023 | INFO     | final_strategy:get_signal:22 - Building history 22/60...
2025-05-04 11:57:43.645 | INFO     | final_strategy:get_signal:22 - Building history 23/60...
2025-05-04 11:57:45.261 | INFO     | final_strategy:get_signal:22 - Building history 24/60...
2025-05-04 11:57:46.888 | INFO     | final_strategy:get_signal:22 - Building history 25/60...
2025-05-04 11:57:48.521 | INFO     | final_strategy:get_signal:22 - Building history 26/60...
2025-05-04 11:57:50.597 | INFO     | final_strategy:get_signal:22 - Building history 27/60...
2025-05-04 11:57:52.224 | INFO     | final_strategy:get_signal:22 - Building history 28/60...
2025-05-04 11:57:53.841 | INFO     | final_strategy:get_signal:22 - Building history 29/60...
2025-05-04 11:57:55.458 | INFO     | final_strategy:get_signal:22 - Building history 30/60...
2025-05-04 11:57:57.073 | INFO     | final_strategy:get_signal:22 - Building history 31/60...
2025-05-04 11:57:58.705 | INFO     | final_strategy:get_signal:22 - Building history 32/60...
2025-05-04 11:58:00.327 | INFO     | final_strategy:get_signal:22 - Building history 33/60...
2025-05-04 11:58:01.955 | INFO     | final_strategy:get_signal:22 - Building history 34/60...
2025-05-04 11:58:03.567 | INFO     | final_strategy:get_signal:22 - Building history 35/60...
2025-05-04 11:58:05.185 | INFO     | final_strategy:get_signal:22 - Building history 36/60...
2025-05-04 11:58:06.992 | INFO     | final_strategy:get_signal:22 - Building history 37/60...
2025-05-04 11:58:08.646 | INFO     | final_strategy:get_signal:22 - Building history 38/60...
2025-05-04 11:58:10.270 | INFO     | final_strategy:get_signal:22 - Building history 39/60...
2025-05-04 11:58:11.879 | INFO     | final_strategy:get_signal:22 - Building history 40/60...
2025-05-04 11:58:13.518 | INFO     | final_strategy:get_signal:22 - Building history 41/60...
2025-05-04 11:58:15.104 | INFO     | final_strategy:get_signal:22 - Building history 42/60...
2025-05-04 11:58:16.732 | INFO     | final_strategy:get_signal:22 - Building history 43/60...
2025-05-04 11:58:18.357 | INFO     | final_strategy:get_signal:22 - Building history 44/60...
2025-05-04 11:58:19.974 | INFO     | final_strategy:get_signal:22 - Building history 45/60...
2025-05-04 11:58:21.589 | INFO     | final_strategy:get_signal:22 - Building history 46/60...
2025-05-04 11:58:23.204 | INFO     | final_strategy:get_signal:22 - Building history 47/60...
2025-05-04 11:58:24.824 | INFO     | final_strategy:get_signal:22 - Building history 48/60...
2025-05-04 11:58:26.449 | INFO     | final_strategy:get_signal:22 - Building history 49/60...
2025-05-04 11:58:28.071 | INFO     | final_strategy:get_signal:22 - Building history 50/60...
2025-05-04 11:58:29.695 | INFO     | final_strategy:get_signal:22 - Building history 51/60...
2025-05-04 11:58:31.313 | INFO     | final_strategy:get_signal:22 - Building history 52/60...
2025-05-04 11:58:32.927 | INFO     | final_strategy:get_signal:22 - Building history 53/60...
2025-05-04 11:58:34.548 | INFO     | final_strategy:get_signal:22 - Building history 54/60...
2025-05-04 11:58:36.169 | INFO     | final_strategy:get_signal:22 - Building history 55/60...
2025-05-04 11:58:37.798 | INFO     | final_strategy:get_signal:22 - Building history 56/60...
2025-05-04 11:58:39.897 | INFO     | final_strategy:get_signal:22 - Building history 57/60...
2025-05-04 11:58:41.535 | INFO     | final_strategy:get_signal:22 - Building history 58/60...
2025-05-04 11:58:43.161 | INFO     | final_strategy:get_signal:22 - Building history 59/60...
2025-05-04 11:58:44.831 | INFO     | final_strategy:get_signal:34 - [STRATEGY] Z-score: -0.53
2025-05-04 11:58:46.487 | INFO     | final_strategy:get_signal:34 - [STRATEGY] Z-score: -0.51
2025-05-04 11:58:48.154 | INFO     | final_strategy:get_signal:34 - [STRATEGY] Z-score: -0.49
2025-05-04 11:58:49.819 | INFO     | final_strategy:get_signal:34 - [STRATEGY] Z-score: -0.46
2025-05-04 11:58:51.466 | INFO     | final_strategy:get_signal:34 - [STRATEGY] Z-score: -3.26
2025-05-04 11:58:51.469 | DEBUG    | final_bot:step:57 - [ACTION] Opening new position.
2025-05-04 11:58:59.986 | INFO     | order_manager:close_spot_position:75 - [SPOT] Closing spot position: SELL 0.01 BTCUSDT
2025-05-04 11:59:00.589 | ERROR    | order_manager:close_spot_position:79 - [SPOT ERROR] Failed to close spot position: list index out of range
2025-05-04 11:59:00.843 | DEBUG    | order_manager:close_futures_position:46 - [FUTURES] No open futures position for BTCUSDT.
2025-05-04 11:59:01.932 | INFO     | order_manager:close_spot_position:75 - [SPOT] Closing spot position: SELL 0.01 BTCUSDT
2025-05-04 11:59:02.525 | ERROR    | order_manager:close_spot_position:79 - [SPOT ERROR] Failed to close spot position: list index out of range
2025-05-04 11:59:02.776 | DEBUG    | order_manager:close_futures_position:46 - [FUTURES] No open futures position for BTCUSDT.
2025-05-04 11:59:04.295 | INFO     | order_manager:close_spot_position:75 - [SPOT] Closing spot position: SELL 0.01 BTCUSDT
2025-05-04 11:59:04.900 | ERROR    | order_manager:close_spot_position:79 - [SPOT ERROR] Failed to close spot position: list index out of range
2025-05-04 11:59:05.158 | DEBUG    | order_manager:close_futures_position:46 - [FUTURES] No open futures position for BTCUSDT.
2025-05-04 11:59:06.231 | INFO     | order_manager:close_spot_position:75 - [SPOT] Closing spot position: SELL 0.01 BTCUSDT
2025-05-04 11:59:06.818 | ERROR    | order_manager:close_spot_position:79 - [SPOT ERROR] Failed to close spot position: list index out of range
2025-05-04 11:59:07.072 | DEBUG    | order_manager:close_futures_position:46 - [FUTURES] No open futures position for BTCUSDT.
2025-05-04 11:59:09.036 | INFO     | order_manager:close_spot_position:75 - [SPOT] Closing spot position: SELL 0.01 BTCUSDT
2025-05-04 11:59:09.598 | ERROR    | order_manager:close_spot_position:79 - [SPOT ERROR] Failed to close spot position: list index out of range
2025-05-04 11:59:09.849 | DEBUG    | order_manager:close_futures_position:46 - [FUTURES] No open futures position for BTCUSDT.
2025-05-04 11:59:11.403 | INFO     | order_manager:close_spot_position:75 - [SPOT] Closing spot position: SELL 0.01 BTCUSDT
2025-05-04 11:59:11.976 | ERROR    | order_manager:close_spot_position:79 - [SPOT ERROR] Failed to close spot position: list index out of range
2025-05-04 11:59:12.231 | DEBUG    | order_manager:close_futures_position:46 - [FUTURES] No open futures position for BTCUSDT.
2025-05-04 11:59:14.208 | INFO     | order_manager:close_spot_position:75 - [SPOT] Closing spot position: SELL 0.01 BTCUSDT
2025-05-04 11:59:15.001 | ERROR    | order_manager:close_spot_position:79 - [SPOT ERROR] Failed to close spot position: list index out of range
2025-05-04 11:59:15.250 | DEBUG    | order_manager:close_futures_position:46 - [FUTURES] No open futures position for BTCUSDT.
2025-05-04 11:59:16.810 | INFO     | order_manager:close_spot_position:75 - [SPOT] Closing spot position: SELL 0.01 BTCUSDT
2025-05-04 11:59:17.402 | ERROR    | order_manager:close_spot_position:79 - [SPOT ERROR] Failed to close spot position: list index out of range
2025-05-04 11:59:17.648 | DEBUG    | order_manager:close_futures_position:46 - [FUTURES] No open futures position for BTCUSDT.
2025-05-04 11:59:19.649 | INFO     | order_manager:close_spot_position:75 - [SPOT] Closing spot position: SELL 0.01 BTCUSDT
2025-05-04 11:59:20.254 | ERROR    | order_manager:close_spot_position:79 - [SPOT ERROR] Failed to close spot position: list index out of range
2025-05-04 11:59:20.510 | DEBUG    | order_manager:close_futures_position:46 - [FUTURES] No open futures position for BTCUSDT.
2025-05-04 11:59:22.498 | INFO     | order_manager:close_spot_position:75 - [SPOT] Closing spot position: SELL 0.01 BTCUSDT
2025-05-04 11:59:23.099 | ERROR    | order_manager:close_spot_position:79 - [SPOT ERROR] Failed to close spot position: list index out of range
2025-05-04 11:59:23.347 | DEBUG    | order_manager:close_futures_position:46 - [FUTURES] No open futures position for BTCUSDT.
2025-05-04 11:59:24.442 | INFO     | order_manager:close_spot_position:75 - [SPOT] Closing spot position: SELL 0.01 BTCUSDT
2025-05-04 11:59:25.931 | ERROR    | order_manager:close_spot_position:79 - [SPOT ERROR] Failed to close spot position: list index out of range
2025-05-04 11:59:26.181 | DEBUG    | order_manager:close_futures_position:46 - [FUTURES] No open futures position for BTCUSDT.
2025-05-04 11:59:27.276 | INFO     | order_manager:close_spot_position:75 - [SPOT] Closing spot position: SELL 0.01 BTCUSDT
2025-05-04 11:59:28.290 | ERROR    | order_manager:close_spot_position:79 - [SPOT ERROR] Failed to close spot position: list index out of range
2025-05-04 11:59:28.543 | DEBUG    | order_manager:close_futures_position:46 - [FUTURES] No open futures position for BTCUSDT.
2025-05-04 11:59:30.951 | INFO     | order_manager:close_spot_position:75 - [SPOT] Closing spot position: SELL 0.01 BTCUSDT
2025-05-04 11:59:31.542 | ERROR    | order_manager:close_spot_position:79 - [SPOT ERROR] Failed to close spot position: list index out of range
2025-05-04 11:59:31.790 | DEBUG    | order_manager:close_futures_position:46 - [FUTURES] No open futures position for BTCUSDT.
2025-05-04 11:59:33.764 | INFO     | order_manager:close_spot_position:75 - [SPOT] Closing spot position: SELL 0.01 BTCUSDT
2025-05-04 11:59:34.774 | ERROR    | order_manager:close_spot_position:79 - [SPOT ERROR] Failed to close spot position: list index out of range
2025-05-04 11:59:35.469 | DEBUG    | order_manager:close_futures_position:46 - [FUTURES] No open futures position for BTCUSDT.
2025-05-04 11:59:36.996 | INFO     | order_manager:close_spot_position:75 - [SPOT] Closing spot position: SELL 0.01 BTCUSDT
2025-05-04 12:01:22.258 | ERROR    | order_manager:close_spot_position:79 - [SPOT ERROR] Failed to close spot position: list index out of range
2025-05-04 12:01:22.528 | DEBUG    | order_manager:close_futures_position:46 - [FUTURES] No open futures position for BTCUSDT.
2025-05-04 12:02:14.826 | INFO     | order_manager:close_spot_position:75 - [SPOT] Closing spot position: SELL 0.01 BTCUSDT
2025-05-04 12:02:34.988 | ERROR    | order_manager:close_spot_position:79 - [SPOT ERROR] Failed to close spot position: list index out of range
2025-05-04 12:02:35.354 | DEBUG    | order_manager:close_futures_position:46 - [FUTURES] No open futures position for BTCUSDT.
2025-05-04 12:10:58.519 | INFO     | final_strategy:get_signal:22 - Building history 1/60...
2025-05-04 12:11:15.972 | INFO     | order_manager:close_spot_position:75 - [SPOT] Closing spot position: SELL 0.01 BTCUSDT
2025-05-04 12:11:17.406 | SUCCESS  | order_manager:_safe_order:111 - [ORDER SUCCESS] SELL 0.00999 BTCUSDT (futures=False, reduceOnly=False)
2025-05-04 12:11:17.711 | DEBUG    | order_manager:close_futures_position:46 - [FUTURES] No open futures position for BTCUSDT.
2025-05-04 12:12:41.914 | INFO     | order_manager:close_spot_position:73 - [SPOT] No spot balance for BTC to close.
2025-05-04 12:12:42.203 | DEBUG    | order_manager:close_futures_position:46 - [FUTURES] No open futures position for BTCUSDT.
2025-05-04 12:12:42.775 | INFO     | final_strategy:get_signal:22 - Building history 1/60...
2025-05-04 12:12:44.347 | INFO     | final_strategy:get_signal:22 - Building history 2/60...
2025-05-04 12:12:45.957 | INFO     | final_strategy:get_signal:22 - Building history 3/60...
2025-05-04 12:12:47.554 | INFO     | final_strategy:get_signal:22 - Building history 4/60...
2025-05-04 12:12:49.268 | INFO     | final_strategy:get_signal:22 - Building history 5/60...
2025-05-04 12:12:51.059 | INFO     | final_strategy:get_signal:22 - Building history 6/60...
2025-05-04 12:12:52.797 | INFO     | final_strategy:get_signal:22 - Building history 7/60...
2025-05-04 12:12:54.415 | INFO     | final_strategy:get_signal:22 - Building history 8/60...
2025-05-04 12:12:56.172 | INFO     | final_strategy:get_signal:22 - Building history 9/60...
2025-05-04 12:12:58.015 | INFO     | final_strategy:get_signal:22 - Building history 10/60...
2025-05-04 12:12:59.600 | INFO     | final_strategy:get_signal:22 - Building history 11/60...
2025-05-04 12:13:01.189 | INFO     | final_strategy:get_signal:22 - Building history 12/60...
2025-05-04 12:13:02.941 | INFO     | final_strategy:get_signal:22 - Building history 13/60...
2025-05-04 12:13:04.782 | INFO     | final_strategy:get_signal:22 - Building history 14/60...
2025-05-04 12:13:06.588 | INFO     | final_strategy:get_signal:22 - Building history 15/60...
2025-05-04 12:13:08.255 | INFO     | final_strategy:get_signal:22 - Building history 16/60...
2025-05-04 12:13:10.008 | INFO     | final_strategy:get_signal:22 - Building history 17/60...
2025-05-04 12:13:11.675 | INFO     | final_strategy:get_signal:22 - Building history 18/60...
2025-05-04 12:13:13.363 | INFO     | final_strategy:get_signal:22 - Building history 19/60...
2025-05-04 12:13:15.188 | INFO     | final_strategy:get_signal:22 - Building history 20/60...
2025-05-04 12:13:16.938 | INFO     | final_strategy:get_signal:22 - Building history 21/60...
2025-05-04 12:13:18.713 | INFO     | final_strategy:get_signal:22 - Building history 22/60...
2025-05-04 12:13:20.366 | INFO     | final_strategy:get_signal:22 - Building history 23/60...
2025-05-04 12:13:22.454 | INFO     | final_strategy:get_signal:22 - Building history 24/60...
2025-05-04 12:13:24.198 | INFO     | final_strategy:get_signal:22 - Building history 25/60...
2025-05-04 12:13:25.900 | INFO     | final_strategy:get_signal:22 - Building history 26/60...
2025-05-04 12:13:27.657 | INFO     | final_strategy:get_signal:22 - Building history 27/60...
2025-05-04 12:13:29.344 | INFO     | final_strategy:get_signal:22 - Building history 28/60...
2025-05-04 12:13:31.108 | INFO     | final_strategy:get_signal:22 - Building history 29/60...
2025-05-04 12:13:32.816 | INFO     | final_strategy:get_signal:22 - Building history 30/60...
2025-05-04 12:13:34.520 | INFO     | final_strategy:get_signal:22 - Building history 31/60...
2025-05-04 12:13:36.319 | INFO     | final_strategy:get_signal:22 - Building history 32/60...
2025-05-04 12:13:38.031 | INFO     | final_strategy:get_signal:22 - Building history 33/60...
2025-05-04 12:13:39.801 | INFO     | final_strategy:get_signal:22 - Building history 34/60...
2025-05-04 12:13:41.523 | INFO     | final_strategy:get_signal:22 - Building history 35/60...
2025-05-04 12:13:43.279 | INFO     | final_strategy:get_signal:22 - Building history 36/60...
2025-05-04 12:13:45.030 | INFO     | final_strategy:get_signal:22 - Building history 37/60...
2025-05-04 12:13:46.851 | INFO     | final_strategy:get_signal:22 - Building history 38/60...
2025-05-04 12:13:48.689 | INFO     | final_strategy:get_signal:22 - Building history 39/60...
2025-05-04 12:13:50.532 | INFO     | final_strategy:get_signal:22 - Building history 40/60...
2025-05-04 12:13:52.252 | INFO     | final_strategy:get_signal:22 - Building history 41/60...
2025-05-04 12:13:53.986 | INFO     | final_strategy:get_signal:22 - Building history 42/60...
2025-05-04 12:13:55.641 | INFO     | final_strategy:get_signal:22 - Building history 43/60...
2025-05-04 12:13:57.402 | INFO     | final_strategy:get_signal:22 - Building history 44/60...
2025-05-04 12:13:59.168 | INFO     | final_strategy:get_signal:22 - Building history 45/60...
2025-05-04 12:14:00.989 | INFO     | final_strategy:get_signal:22 - Building history 46/60...
2025-05-04 12:14:02.830 | INFO     | final_strategy:get_signal:22 - Building history 47/60...
2025-05-04 12:14:04.583 | INFO     | final_strategy:get_signal:22 - Building history 48/60...
2025-05-04 12:14:06.319 | INFO     | final_strategy:get_signal:22 - Building history 49/60...
2025-05-04 12:14:08.064 | INFO     | final_strategy:get_signal:22 - Building history 50/60...
2025-05-04 12:14:09.889 | INFO     | final_strategy:get_signal:22 - Building history 51/60...
2025-05-04 12:14:11.532 | INFO     | final_strategy:get_signal:22 - Building history 52/60...
2025-05-04 12:14:13.147 | INFO     | final_strategy:get_signal:22 - Building history 53/60...
2025-05-04 12:14:14.729 | INFO     | final_strategy:get_signal:22 - Building history 54/60...
2025-05-04 12:14:16.307 | INFO     | final_strategy:get_signal:22 - Building history 55/60...
2025-05-04 12:14:17.987 | INFO     | final_strategy:get_signal:22 - Building history 56/60...
2025-05-04 12:14:19.616 | INFO     | final_strategy:get_signal:22 - Building history 57/60...
2025-05-04 12:14:21.290 | INFO     | final_strategy:get_signal:22 - Building history 58/60...
2025-05-04 12:14:23.405 | INFO     | final_strategy:get_signal:22 - Building history 59/60...
2025-05-04 12:14:25.036 | INFO     | final_strategy:get_signal:34 - [STRATEGY] Z-score: 0.27
2025-05-04 12:14:26.654 | INFO     | final_strategy:get_signal:34 - [STRATEGY] Z-score: 0.24
2025-05-04 12:14:28.327 | INFO     | final_strategy:get_signal:34 - [STRATEGY] Z-score: 0.19
2025-05-04 12:14:29.976 | INFO     | final_strategy:get_signal:34 - [STRATEGY] Z-score: 0.15
2025-05-04 12:14:31.722 | INFO     | final_strategy:get_signal:34 - [STRATEGY] Z-score: 0.07
2025-05-04 12:14:33.453 | INFO     | final_strategy:get_signal:34 - [STRATEGY] Z-score: -0.04
2025-05-04 12:14:35.095 | INFO     | final_strategy:get_signal:34 - [STRATEGY] Z-score: -1.65
2025-05-04 12:14:35.098 | DEBUG    | final_bot:step:57 - [ACTION] Opening new position.
2025-05-04 12:14:36.109 | SUCCESS  | order_manager:_safe_order:111 - [ORDER SUCCESS] BUY 0.00999 BTCUSDT (futures=False, reduceOnly=False)
2025-05-04 12:14:37.107 | ERROR    | order_manager:_safe_order:129 - [ORDER ERROR] Binance API error -2019: Margin is insufficient.
2025-05-04 12:14:39.479 | INFO     | order_manager:close_spot_position:75 - [SPOT] Closing spot position: SELL 0.01 BTCUSDT
2025-05-04 12:14:40.553 | SUCCESS  | order_manager:_safe_order:111 - [ORDER SUCCESS] SELL 0.00999 BTCUSDT (futures=False, reduceOnly=False)
2025-05-04 12:14:41.320 | DEBUG    | order_manager:close_futures_position:46 - [FUTURES] No open futures position for BTCUSDT.
2025-05-04 12:14:41.325 | ERROR    | final_bot:open_position:95 - [ERROR] Order failed. Closed all open positions.
2025-05-04 12:14:42.974 | INFO     | final_strategy:get_signal:34 - [STRATEGY] Z-score: -0.16
2025-05-04 12:14:44.586 | INFO     | final_strategy:get_signal:34 - [STRATEGY] Z-score: -0.12
2025-05-04 12:14:46.222 | INFO     | final_strategy:get_signal:34 - [STRATEGY] Z-score: -0.07
2025-05-04 12:14:47.852 | INFO     | final_strategy:get_signal:34 - [STRATEGY] Z-score: 5.67
2025-05-04 12:14:47.855 | INFO     | final_bot:step:48 - [STRATEGY] Short signal skipped (short spreads disabled)
2025-05-04 12:14:49.748 | INFO     | final_strategy:get_signal:34 - [STRATEGY] Z-score: -0.1
2025-05-04 12:14:51.398 | INFO     | final_strategy:get_signal:34 - [STRATEGY] Z-score: 1.42
2025-05-04 12:14:53.019 | INFO     | final_strategy:get_signal:34 - [STRATEGY] Z-score: -0.06
2025-05-04 12:14:54.730 | INFO     | final_strategy:get_signal:34 - [STRATEGY] Z-score: 7.49
2025-05-04 12:14:54.733 | INFO     | final_bot:step:48 - [STRATEGY] Short signal skipped (short spreads disabled)
2025-05-04 12:14:56.842 | INFO     | final_strategy:get_signal:34 - [STRATEGY] Z-score: -0.14
2025-05-04 12:14:58.528 | INFO     | final_strategy:get_signal:34 - [STRATEGY] Z-score: -0.14
2025-05-04 12:15:00.222 | INFO     | final_strategy:get_signal:34 - [STRATEGY] Z-score: -0.14
2025-05-04 12:15:01.909 | INFO     | final_strategy:get_signal:34 - [STRATEGY] Z-score: -0.14
2025-05-04 12:15:03.562 | INFO     | final_strategy:get_signal:34 - [STRATEGY] Z-score: -0.14
2025-05-04 12:15:05.237 | INFO     | final_strategy:get_signal:34 - [STRATEGY] Z-score: -0.16
2025-05-04 12:15:06.836 | INFO     | final_strategy:get_signal:34 - [STRATEGY] Z-score: -0.16
2025-05-04 12:15:08.473 | INFO     | final_strategy:get_signal:34 - [STRATEGY] Z-score: -0.16
2025-05-04 12:15:10.081 | INFO     | final_strategy:get_signal:34 - [STRATEGY] Z-score: -0.2
2025-05-04 12:15:11.683 | INFO     | final_strategy:get_signal:34 - [STRATEGY] Z-score: -0.2
2025-05-04 12:15:13.302 | INFO     | final_strategy:get_signal:34 - [STRATEGY] Z-score: -0.2
2025-05-04 12:15:14.917 | INFO     | final_strategy:get_signal:34 - [STRATEGY] Z-score: -0.2
2025-05-04 12:15:16.564 | INFO     | final_strategy:get_signal:34 - [STRATEGY] Z-score: -0.2
2025-05-04 12:15:18.306 | INFO     | final_strategy:get_signal:34 - [STRATEGY] Z-score: -0.19
2025-05-04 12:15:19.998 | INFO     | final_strategy:get_signal:34 - [STRATEGY] Z-score: -0.19
2025-05-04 12:15:21.616 | INFO     | final_strategy:get_signal:34 - [STRATEGY] Z-score: -0.19
2025-05-04 12:15:23.253 | INFO     | final_strategy:get_signal:34 - [STRATEGY] Z-score: -0.19
2025-05-04 12:15:24.849 | INFO     | final_strategy:get_signal:34 - [STRATEGY] Z-score: -0.19
2025-05-04 12:15:26.477 | INFO     | final_strategy:get_signal:34 - [STRATEGY] Z-score: -0.19
2025-05-04 12:15:28.069 | INFO     | final_strategy:get_signal:34 - [STRATEGY] Z-score: -0.2
2025-05-04 12:15:29.726 | INFO     | final_strategy:get_signal:34 - [STRATEGY] Z-score: 0.2
2025-05-04 12:15:31.432 | INFO     | final_strategy:get_signal:34 - [STRATEGY] Z-score: -0.2
2025-05-04 12:15:33.052 | INFO     | final_strategy:get_signal:34 - [STRATEGY] Z-score: -0.19
2025-05-04 12:15:34.662 | INFO     | final_strategy:get_signal:34 - [STRATEGY] Z-score: 1.25
2025-05-04 12:15:36.364 | INFO     | final_strategy:get_signal:34 - [STRATEGY] Z-score: 2.52
2025-05-04 12:15:36.367 | INFO     | final_bot:step:48 - [STRATEGY] Short signal skipped (short spreads disabled)
2025-05-04 12:15:38.009 | INFO     | final_strategy:get_signal:34 - [STRATEGY] Z-score: -0.43
2025-05-04 12:15:39.625 | INFO     | final_strategy:get_signal:34 - [STRATEGY] Z-score: -0.48
2025-05-04 12:15:41.324 | INFO     | final_strategy:get_signal:34 - [STRATEGY] Z-score: -0.48
2025-05-04 12:15:42.999 | INFO     | final_strategy:get_signal:34 - [STRATEGY] Z-score: -0.47
2025-05-04 12:15:44.672 | INFO     | final_strategy:get_signal:34 - [STRATEGY] Z-score: 0.34
2025-05-04 12:15:46.348 | INFO     | final_strategy:get_signal:34 - [STRATEGY] Z-score: 2.01
2025-05-04 12:15:46.352 | INFO     | final_bot:step:48 - [STRATEGY] Short signal skipped (short spreads disabled)
2025-05-04 12:15:48.016 | INFO     | final_strategy:get_signal:34 - [STRATEGY] Z-score: 1.91
2025-05-04 12:15:48.020 | INFO     | final_bot:step:48 - [STRATEGY] Short signal skipped (short spreads disabled)
2025-05-04 12:15:50.554 | INFO     | final_strategy:get_signal:34 - [STRATEGY] Z-score: -0.82
2025-05-04 12:15:52.187 | INFO     | final_strategy:get_signal:34 - [STRATEGY] Z-score: -0.9
2025-05-04 12:15:53.840 | INFO     | final_strategy:get_signal:34 - [STRATEGY] Z-score: -0.73
2025-05-04 12:15:55.506 | INFO     | final_strategy:get_signal:34 - [STRATEGY] Z-score: -0.5
2025-05-04 12:15:57.182 | INFO     | final_strategy:get_signal:34 - [STRATEGY] Z-score: -0.46
2025-05-04 12:15:58.805 | INFO     | final_strategy:get_signal:34 - [STRATEGY] Z-score: -0.45
2025-05-04 12:16:00.859 | INFO     | final_strategy:get_signal:34 - [STRATEGY] Z-score: -0.47
2025-05-04 12:16:02.510 | INFO     | final_strategy:get_signal:34 - [STRATEGY] Z-score: -0.46
2025-05-04 12:16:04.203 | INFO     | final_strategy:get_signal:34 - [STRATEGY] Z-score: -0.45
2025-05-04 12:16:06.311 | INFO     | final_strategy:get_signal:34 - [STRATEGY] Z-score: -0.45
2025-05-04 12:16:07.937 | INFO     | final_strategy:get_signal:34 - [STRATEGY] Z-score: -0.45
2025-05-04 12:16:09.539 | INFO     | final_strategy:get_signal:34 - [STRATEGY] Z-score: -0.44
2025-05-04 12:16:11.147 | INFO     | final_strategy:get_signal:34 - [STRATEGY] Z-score: -0.42
2025-05-04 12:16:12.909 | INFO     | final_strategy:get_signal:34 - [STRATEGY] Z-score: -0.39
2025-05-04 12:16:14.543 | INFO     | final_strategy:get_signal:34 - [STRATEGY] Z-score: -0.39
2025-05-04 12:16:16.144 | INFO     | final_strategy:get_signal:34 - [STRATEGY] Z-score: -0.45
2025-05-04 12:16:17.821 | INFO     | final_strategy:get_signal:34 - [STRATEGY] Z-score: -0.75
2025-05-04 12:16:19.471 | INFO     | final_strategy:get_signal:34 - [STRATEGY] Z-score: -1.26
2025-05-04 12:16:21.117 | INFO     | final_strategy:get_signal:34 - [STRATEGY] Z-score: -1.23
2025-05-04 12:16:22.842 | INFO     | final_strategy:get_signal:34 - [STRATEGY] Z-score: -1.2
2025-05-04 12:16:24.484 | INFO     | final_strategy:get_signal:34 - [STRATEGY] Z-score: -1.17
2025-05-04 12:16:26.136 | INFO     | final_strategy:get_signal:34 - [STRATEGY] Z-score: -1.14
2025-05-04 12:16:27.783 | INFO     | final_strategy:get_signal:34 - [STRATEGY] Z-score: -1.14
2025-05-04 12:16:29.876 | INFO     | final_strategy:get_signal:34 - [STRATEGY] Z-score: -1.56
2025-05-04 12:16:29.879 | DEBUG    | final_bot:step:57 - [ACTION] Opening new position.
2025-05-04 12:16:30.888 | SUCCESS  | order_manager:_safe_order:111 - [ORDER SUCCESS] BUY 0.00999 BTCUSDT (futures=False, reduceOnly=False)
2025-05-04 12:16:31.773 | ERROR    | order_manager:_safe_order:129 - [ORDER ERROR] Binance API error -2019: Margin is insufficient.
2025-05-04 12:16:33.682 | INFO     | order_manager:close_spot_position:75 - [SPOT] Closing spot position: SELL 0.01 BTCUSDT
2025-05-04 12:16:34.649 | SUCCESS  | order_manager:_safe_order:111 - [ORDER SUCCESS] SELL 0.00999 BTCUSDT (futures=False, reduceOnly=False)
2025-05-04 12:16:35.088 | DEBUG    | order_manager:close_futures_position:46 - [FUTURES] No open futures position for BTCUSDT.
2025-05-04 12:16:35.094 | ERROR    | final_bot:open_position:95 - [ERROR] Order failed. Closed all open positions.
2025-05-04 12:16:36.778 | INFO     | final_strategy:get_signal:34 - [STRATEGY] Z-score: -0.14
2025-05-04 12:16:38.508 | INFO     | final_strategy:get_signal:34 - [STRATEGY] Z-score: -0.15
2025-05-04 12:16:40.233 | INFO     | final_strategy:get_signal:34 - [STRATEGY] Z-score: 0.03
2025-05-04 12:16:41.913 | INFO     | final_strategy:get_signal:34 - [STRATEGY] Z-score: 0.2
2025-05-04 12:16:43.821 | INFO     | final_strategy:get_signal:34 - [STRATEGY] Z-score: 0.2
2025-05-04 12:16:45.416 | INFO     | final_strategy:get_signal:34 - [STRATEGY] Z-score: -0.08
2025-05-04 12:16:47.528 | INFO     | final_strategy:get_signal:34 - [STRATEGY] Z-score: -0.07
2025-05-04 12:16:49.125 | INFO     | final_strategy:get_signal:34 - [STRATEGY] Z-score: -0.07
2025-05-04 12:16:50.746 | INFO     | final_strategy:get_signal:34 - [STRATEGY] Z-score: -0.06
2025-05-04 12:16:52.446 | INFO     | final_strategy:get_signal:34 - [STRATEGY] Z-score: -0.05
2025-05-04 12:16:54.077 | INFO     | final_strategy:get_signal:34 - [STRATEGY] Z-score: -0.05
2025-05-04 12:16:55.702 | INFO     | final_strategy:get_signal:34 - [STRATEGY] Z-score: 0.23
2025-05-04 12:16:57.312 | INFO     | final_strategy:get_signal:34 - [STRATEGY] Z-score: -0.11
2025-05-04 12:16:58.980 | INFO     | final_strategy:get_signal:34 - [STRATEGY] Z-score: -0.39
2025-05-04 12:17:00.606 | INFO     | final_strategy:get_signal:34 - [STRATEGY] Z-score: -0.4
2025-05-04 12:17:02.259 | INFO     | final_strategy:get_signal:34 - [STRATEGY] Z-score: -0.58
2025-05-04 12:17:03.911 | INFO     | final_strategy:get_signal:34 - [STRATEGY] Z-score: -0.56
2025-05-04 12:17:05.524 | INFO     | final_strategy:get_signal:34 - [STRATEGY] Z-score: -0.69
2025-05-04 12:17:07.157 | INFO     | final_strategy:get_signal:34 - [STRATEGY] Z-score: -0.67
2025-05-04 12:17:08.807 | INFO     | final_strategy:get_signal:34 - [STRATEGY] Z-score: -0.66
2025-05-04 12:17:10.424 | INFO     | final_strategy:get_signal:34 - [STRATEGY] Z-score: -0.68
2025-05-04 12:17:12.052 | INFO     | final_strategy:get_signal:34 - [STRATEGY] Z-score: -0.68
2025-05-04 12:17:13.690 | INFO     | final_strategy:get_signal:34 - [STRATEGY] Z-score: -0.66
2025-05-04 12:17:15.418 | INFO     | final_strategy:get_signal:34 - [STRATEGY] Z-score: -0.66
2025-05-04 12:17:17.087 | INFO     | final_strategy:get_signal:34 - [STRATEGY] Z-score: -0.64
2025-05-04 12:17:18.729 | INFO     | final_strategy:get_signal:34 - [STRATEGY] Z-score: -0.35
2025-05-04 12:17:20.335 | INFO     | final_strategy:get_signal:34 - [STRATEGY] Z-score: -0.74
2025-05-04 12:17:22.415 | INFO     | final_strategy:get_signal:34 - [STRATEGY] Z-score: -0.72
2025-05-04 12:17:24.033 | INFO     | final_strategy:get_signal:34 - [STRATEGY] Z-score: -0.41
2025-05-04 12:17:25.731 | INFO     | final_strategy:get_signal:34 - [STRATEGY] Z-score: -0.37
2025-05-04 12:17:27.356 | INFO     | final_strategy:get_signal:34 - [STRATEGY] Z-score: -1.03
2025-05-04 12:17:28.968 | INFO     | final_strategy:get_signal:34 - [STRATEGY] Z-score: -0.34
2025-05-04 12:17:30.730 | INFO     | final_strategy:get_signal:34 - [STRATEGY] Z-score: -0.33
2025-05-04 12:17:32.458 | INFO     | final_strategy:get_signal:34 - [STRATEGY] Z-score: -0.3
2025-05-04 12:17:34.619 | INFO     | final_strategy:get_signal:34 - [STRATEGY] Z-score: -0.28
2025-05-04 12:17:36.249 | INFO     | final_strategy:get_signal:34 - [STRATEGY] Z-score: -0.25
2025-05-04 12:17:37.885 | INFO     | final_strategy:get_signal:34 - [STRATEGY] Z-score: -0.25
2025-05-04 12:17:39.987 | INFO     | final_strategy:get_signal:34 - [STRATEGY] Z-score: -0.25
2025-05-04 12:17:41.618 | INFO     | final_strategy:get_signal:34 - [STRATEGY] Z-score: 0.55
2025-05-04 12:17:43.253 | INFO     | final_strategy:get_signal:34 - [STRATEGY] Z-score: 0.56
2025-05-04 12:17:44.965 | INFO     | final_strategy:get_signal:34 - [STRATEGY] Z-score: 0.56
2025-05-04 12:17:46.639 | INFO     | final_strategy:get_signal:34 - [STRATEGY] Z-score: 0.75
2025-05-04 12:17:48.333 | INFO     | final_strategy:get_signal:34 - [STRATEGY] Z-score: 0.75
2025-05-04 12:17:50.041 | INFO     | final_strategy:get_signal:34 - [STRATEGY] Z-score: 1.26
2025-05-04 12:17:51.698 | INFO     | final_strategy:get_signal:34 - [STRATEGY] Z-score: 1.11
2025-05-04 12:17:53.427 | INFO     | final_strategy:get_signal:34 - [STRATEGY] Z-score: 1.09
2025-05-04 12:17:55.173 | INFO     | final_strategy:get_signal:34 - [STRATEGY] Z-score: 1.08
2025-05-04 12:17:56.854 | INFO     | final_strategy:get_signal:34 - [STRATEGY] Z-score: 1.07
2025-05-04 12:17:58.533 | INFO     | final_strategy:get_signal:34 - [STRATEGY] Z-score: 1.06
2025-05-04 12:18:00.204 | INFO     | final_strategy:get_signal:34 - [STRATEGY] Z-score: 1.05
2025-05-04 12:18:01.814 | INFO     | final_strategy:get_signal:34 - [STRATEGY] Z-score: 1.04
2025-05-04 12:18:03.438 | INFO     | final_strategy:get_signal:34 - [STRATEGY] Z-score: 0.94
2025-05-04 12:18:05.102 | INFO     | final_strategy:get_signal:34 - [STRATEGY] Z-score: 0.74
2025-05-04 12:18:06.730 | INFO     | final_strategy:get_signal:34 - [STRATEGY] Z-score: 0.72
2025-05-04 12:18:08.496 | INFO     | final_strategy:get_signal:34 - [STRATEGY] Z-score: 0.69
2025-05-04 12:18:10.141 | INFO     | final_strategy:get_signal:34 - [STRATEGY] Z-score: 0.46
2025-05-04 12:18:11.822 | INFO     | final_strategy:get_signal:34 - [STRATEGY] Z-score: 0.4
2025-05-04 12:18:13.534 | INFO     | final_strategy:get_signal:34 - [STRATEGY] Z-score: 0.35
2025-05-04 12:18:15.291 | INFO     | final_strategy:get_signal:34 - [STRATEGY] Z-score: 0.32
2025-05-04 12:18:17.016 | INFO     | final_strategy:get_signal:34 - [STRATEGY] Z-score: 0.3
2025-05-04 12:18:18.759 | INFO     | final_strategy:get_signal:34 - [STRATEGY] Z-score: 0.31
2025-05-04 12:18:20.605 | INFO     | final_strategy:get_signal:34 - [STRATEGY] Z-score: 0.31
2025-05-04 12:18:22.446 | INFO     | final_strategy:get_signal:34 - [STRATEGY] Z-score: 3.34
2025-05-04 12:18:22.449 | INFO     | final_bot:step:48 - [STRATEGY] Short signal skipped (short spreads disabled)
2025-05-04 12:18:24.191 | INFO     | final_strategy:get_signal:34 - [STRATEGY] Z-score: 0.28
2025-05-04 12:18:25.933 | INFO     | final_strategy:get_signal:34 - [STRATEGY] Z-score: 1.08
2025-05-04 12:18:27.678 | INFO     | final_strategy:get_signal:34 - [STRATEGY] Z-score: 0.29
2025-05-04 12:18:29.510 | INFO     | final_strategy:get_signal:34 - [STRATEGY] Z-score: 0.3
2025-05-04 12:18:31.280 | INFO     | final_strategy:get_signal:34 - [STRATEGY] Z-score: 1.85
2025-05-04 12:18:31.283 | INFO     | final_bot:step:48 - [STRATEGY] Short signal skipped (short spreads disabled)
2025-05-04 12:18:33.087 | INFO     | final_strategy:get_signal:34 - [STRATEGY] Z-score: 0.28
2025-05-04 12:18:34.808 | INFO     | final_strategy:get_signal:34 - [STRATEGY] Z-score: 0.69
2025-05-04 12:18:36.568 | INFO     | final_strategy:get_signal:34 - [STRATEGY] Z-score: 0.61
2025-05-04 12:18:38.259 | INFO     | final_strategy:get_signal:34 - [STRATEGY] Z-score: 0.71
2025-05-04 12:18:39.944 | INFO     | final_strategy:get_signal:34 - [STRATEGY] Z-score: 0.7
2025-05-04 12:18:41.609 | INFO     | final_strategy:get_signal:34 - [STRATEGY] Z-score: 0.69
2025-05-04 12:18:43.366 | INFO     | final_strategy:get_signal:34 - [STRATEGY] Z-score: 0.67
2025-05-04 12:18:45.022 | INFO     | final_strategy:get_signal:34 - [STRATEGY] Z-score: 0.58
2025-05-04 12:18:46.754 | INFO     | final_strategy:get_signal:34 - [STRATEGY] Z-score: 0.56
2025-05-04 12:18:48.424 | INFO     | final_strategy:get_signal:34 - [STRATEGY] Z-score: 0.54
2025-05-04 12:18:50.152 | INFO     | final_strategy:get_signal:34 - [STRATEGY] Z-score: 1.12
2025-05-04 12:18:51.792 | INFO     | final_strategy:get_signal:34 - [STRATEGY] Z-score: 1.09
2025-05-04 12:18:53.400 | INFO     | final_strategy:get_signal:34 - [STRATEGY] Z-score: 0.95
2025-05-04 12:18:55.487 | INFO     | final_strategy:get_signal:34 - [STRATEGY] Z-score: 1.02
2025-05-04 12:18:57.110 | INFO     | final_strategy:get_signal:34 - [STRATEGY] Z-score: 0.98
2025-05-04 12:18:58.761 | INFO     | final_strategy:get_signal:34 - [STRATEGY] Z-score: 1.64
2025-05-04 12:18:58.764 | INFO     | final_bot:step:48 - [STRATEGY] Short signal skipped (short spreads disabled)
2025-05-04 12:19:00.394 | INFO     | final_strategy:get_signal:34 - [STRATEGY] Z-score: 2.76
2025-05-04 12:19:00.397 | INFO     | final_bot:step:48 - [STRATEGY] Short signal skipped (short spreads disabled)
2025-05-04 12:19:02.152 | INFO     | final_strategy:get_signal:34 - [STRATEGY] Z-score: 4.86
2025-05-04 12:19:02.155 | INFO     | final_bot:step:48 - [STRATEGY] Short signal skipped (short spreads disabled)
2025-05-04 12:19:03.915 | INFO     | final_strategy:get_signal:34 - [STRATEGY] Z-score: 4.26
2025-05-04 12:19:03.919 | INFO     | final_bot:step:48 - [STRATEGY] Short signal skipped (short spreads disabled)
2025-05-04 12:19:05.580 | INFO     | final_strategy:get_signal:34 - [STRATEGY] Z-score: 3.97
2025-05-04 12:19:05.584 | INFO     | final_bot:step:48 - [STRATEGY] Short signal skipped (short spreads disabled)
2025-05-04 12:19:07.809 | INFO     | final_strategy:get_signal:34 - [STRATEGY] Z-score: 3.49
2025-05-04 12:19:07.812 | INFO     | final_bot:step:48 - [STRATEGY] Short signal skipped (short spreads disabled)
2025-05-04 12:19:09.650 | INFO     | final_strategy:get_signal:34 - [STRATEGY] Z-score: 3.25
2025-05-04 12:19:09.654 | INFO     | final_bot:step:48 - [STRATEGY] Short signal skipped (short spreads disabled)
2025-05-04 12:19:11.339 | INFO     | final_strategy:get_signal:34 - [STRATEGY] Z-score: 3.58
2025-05-04 12:19:11.342 | INFO     | final_bot:step:48 - [STRATEGY] Short signal skipped (short spreads disabled)
2025-05-04 12:19:12.965 | INFO     | final_strategy:get_signal:34 - [STRATEGY] Z-score: 3.29
2025-05-04 12:19:12.969 | INFO     | final_bot:step:48 - [STRATEGY] Short signal skipped (short spreads disabled)
2025-05-04 12:19:14.729 | INFO     | final_strategy:get_signal:34 - [STRATEGY] Z-score: 4.48
2025-05-04 12:19:14.733 | INFO     | final_bot:step:48 - [STRATEGY] Short signal skipped (short spreads disabled)
2025-05-04 12:19:16.418 | INFO     | final_strategy:get_signal:34 - [STRATEGY] Z-score: 5.24
2025-05-04 12:19:16.422 | INFO     | final_bot:step:48 - [STRATEGY] Short signal skipped (short spreads disabled)
2025-05-04 12:19:18.103 | INFO     | final_strategy:get_signal:34 - [STRATEGY] Z-score: 4.15
2025-05-04 12:19:18.107 | INFO     | final_bot:step:48 - [STRATEGY] Short signal skipped (short spreads disabled)
2025-05-04 12:19:19.796 | INFO     | final_strategy:get_signal:34 - [STRATEGY] Z-score: 3.75
2025-05-04 12:19:19.799 | INFO     | final_bot:step:48 - [STRATEGY] Short signal skipped (short spreads disabled)
2025-05-04 12:19:21.487 | INFO     | final_strategy:get_signal:34 - [STRATEGY] Z-score: 3.26
2025-05-04 12:19:21.491 | INFO     | final_bot:step:48 - [STRATEGY] Short signal skipped (short spreads disabled)
2025-05-04 12:19:23.275 | INFO     | final_strategy:get_signal:34 - [STRATEGY] Z-score: 2.98
2025-05-04 12:19:23.278 | INFO     | final_bot:step:48 - [STRATEGY] Short signal skipped (short spreads disabled)
2025-05-04 12:19:24.988 | INFO     | final_strategy:get_signal:34 - [STRATEGY] Z-score: 2.81
2025-05-04 12:19:24.991 | INFO     | final_bot:step:48 - [STRATEGY] Short signal skipped (short spreads disabled)
2025-05-04 12:19:26.674 | INFO     | final_strategy:get_signal:34 - [STRATEGY] Z-score: 2.8
2025-05-04 12:19:26.677 | INFO     | final_bot:step:48 - [STRATEGY] Short signal skipped (short spreads disabled)
2025-05-04 12:19:28.389 | INFO     | final_strategy:get_signal:34 - [STRATEGY] Z-score: 2.58
2025-05-04 12:19:28.393 | INFO     | final_bot:step:48 - [STRATEGY] Short signal skipped (short spreads disabled)
2025-05-04 12:19:30.477 | INFO     | final_strategy:get_signal:34 - [STRATEGY] Z-score: 2.4
2025-05-04 12:19:30.480 | INFO     | final_bot:step:48 - [STRATEGY] Short signal skipped (short spreads disabled)
2025-05-04 12:19:32.587 | INFO     | final_strategy:get_signal:34 - [STRATEGY] Z-score: 2.23
2025-05-04 12:19:32.591 | INFO     | final_bot:step:48 - [STRATEGY] Short signal skipped (short spreads disabled)
2025-05-04 12:19:34.232 | INFO     | final_strategy:get_signal:34 - [STRATEGY] Z-score: 2.03
2025-05-04 12:19:34.235 | INFO     | final_bot:step:48 - [STRATEGY] Short signal skipped (short spreads disabled)
2025-05-04 12:19:35.872 | INFO     | final_strategy:get_signal:34 - [STRATEGY] Z-score: 1.92
2025-05-04 12:19:35.875 | INFO     | final_bot:step:48 - [STRATEGY] Short signal skipped (short spreads disabled)
2025-05-04 12:19:37.526 | INFO     | final_strategy:get_signal:34 - [STRATEGY] Z-score: 3.09
2025-05-04 12:19:37.529 | INFO     | final_bot:step:48 - [STRATEGY] Short signal skipped (short spreads disabled)
2025-05-04 12:19:39.245 | INFO     | final_strategy:get_signal:34 - [STRATEGY] Z-score: 2.83
2025-05-04 12:19:39.249 | INFO     | final_bot:step:48 - [STRATEGY] Short signal skipped (short spreads disabled)
2025-05-04 12:19:40.932 | INFO     | final_strategy:get_signal:34 - [STRATEGY] Z-score: 1.66
2025-05-04 12:19:40.936 | INFO     | final_bot:step:48 - [STRATEGY] Short signal skipped (short spreads disabled)
2025-05-04 12:19:42.725 | INFO     | final_strategy:get_signal:34 - [STRATEGY] Z-score: 2.51
2025-05-04 12:19:42.729 | INFO     | final_bot:step:48 - [STRATEGY] Short signal skipped (short spreads disabled)
2025-05-04 12:19:44.451 | INFO     | final_strategy:get_signal:34 - [STRATEGY] Z-score: 2.35
2025-05-04 12:19:44.455 | INFO     | final_bot:step:48 - [STRATEGY] Short signal skipped (short spreads disabled)
2025-05-04 12:19:46.222 | INFO     | final_strategy:get_signal:34 - [STRATEGY] Z-score: 2.27
2025-05-04 12:19:46.225 | INFO     | final_bot:step:48 - [STRATEGY] Short signal skipped (short spreads disabled)
2025-05-04 12:19:47.938 | INFO     | final_strategy:get_signal:34 - [STRATEGY] Z-score: 2.14
2025-05-04 12:19:47.941 | INFO     | final_bot:step:48 - [STRATEGY] Short signal skipped (short spreads disabled)
2025-05-04 12:19:49.634 | INFO     | final_strategy:get_signal:34 - [STRATEGY] Z-score: 2.03
2025-05-04 12:19:49.640 | INFO     | final_bot:step:48 - [STRATEGY] Short signal skipped (short spreads disabled)
2025-05-04 12:19:51.280 | INFO     | final_strategy:get_signal:34 - [STRATEGY] Z-score: 1.93
2025-05-04 12:19:51.284 | INFO     | final_bot:step:48 - [STRATEGY] Short signal skipped (short spreads disabled)
2025-05-04 12:19:52.962 | INFO     | final_strategy:get_signal:34 - [STRATEGY] Z-score: 1.84
2025-05-04 12:19:52.965 | INFO     | final_bot:step:48 - [STRATEGY] Short signal skipped (short spreads disabled)
2025-05-04 12:19:54.671 | INFO     | final_strategy:get_signal:34 - [STRATEGY] Z-score: 1.75
2025-05-04 12:19:54.674 | INFO     | final_bot:step:48 - [STRATEGY] Short signal skipped (short spreads disabled)
2025-05-04 12:19:56.754 | INFO     | final_strategy:get_signal:34 - [STRATEGY] Z-score: 1.84
2025-05-04 12:19:56.758 | INFO     | final_bot:step:48 - [STRATEGY] Short signal skipped (short spreads disabled)
2025-05-04 12:19:58.414 | INFO     | final_strategy:get_signal:34 - [STRATEGY] Z-score: 1.79
2025-05-04 12:19:58.418 | INFO     | final_bot:step:48 - [STRATEGY] Short signal skipped (short spreads disabled)
2025-05-04 12:20:00.089 | INFO     | final_strategy:get_signal:34 - [STRATEGY] Z-score: 1.91
2025-05-04 12:20:00.092 | INFO     | final_bot:step:48 - [STRATEGY] Short signal skipped (short spreads disabled)
2025-05-04 12:20:01.761 | INFO     | final_strategy:get_signal:34 - [STRATEGY] Z-score: 1.83
2025-05-04 12:20:01.764 | INFO     | final_bot:step:48 - [STRATEGY] Short signal skipped (short spreads disabled)
2025-05-04 12:20:03.375 | INFO     | final_strategy:get_signal:34 - [STRATEGY] Z-score: 1.77
2025-05-04 12:20:03.378 | INFO     | final_bot:step:48 - [STRATEGY] Short signal skipped (short spreads disabled)
2025-05-04 12:20:05.070 | INFO     | final_strategy:get_signal:34 - [STRATEGY] Z-score: 1.69
2025-05-04 12:20:05.073 | INFO     | final_bot:step:48 - [STRATEGY] Short signal skipped (short spreads disabled)
2025-05-04 12:20:06.705 | INFO     | final_strategy:get_signal:34 - [STRATEGY] Z-score: 1.72
2025-05-04 12:20:06.708 | INFO     | final_bot:step:48 - [STRATEGY] Short signal skipped (short spreads disabled)
2025-05-04 12:20:08.530 | INFO     | final_strategy:get_signal:34 - [STRATEGY] Z-score: 1.62
2025-05-04 12:20:08.534 | INFO     | final_bot:step:48 - [STRATEGY] Short signal skipped (short spreads disabled)
2025-05-04 12:20:10.309 | INFO     | final_strategy:get_signal:34 - [STRATEGY] Z-score: -0.72
2025-05-04 12:20:11.940 | INFO     | final_strategy:get_signal:34 - [STRATEGY] Z-score: -0.81
2025-05-04 12:20:13.620 | INFO     | final_strategy:get_signal:34 - [STRATEGY] Z-score: -0.73
2025-05-04 12:20:15.286 | INFO     | final_strategy:get_signal:34 - [STRATEGY] Z-score: -0.75
2025-05-04 12:20:16.908 | INFO     | final_strategy:get_signal:34 - [STRATEGY] Z-score: -0.7
2025-05-04 12:20:18.510 | INFO     | final_strategy:get_signal:34 - [STRATEGY] Z-score: 1.64
2025-05-04 12:20:18.513 | INFO     | final_bot:step:48 - [STRATEGY] Short signal skipped (short spreads disabled)
2025-05-04 12:20:20.189 | INFO     | final_strategy:get_signal:34 - [STRATEGY] Z-score: 1.39
2025-05-04 12:20:21.791 | INFO     | final_strategy:get_signal:34 - [STRATEGY] Z-score: -0.99
2025-05-04 12:20:23.432 | INFO     | final_strategy:get_signal:34 - [STRATEGY] Z-score: -1.0
2025-05-04 12:20:25.156 | INFO     | final_strategy:get_signal:34 - [STRATEGY] Z-score: -0.02
2025-05-04 12:20:26.777 | INFO     | final_strategy:get_signal:34 - [STRATEGY] Z-score: 1.34
2025-05-04 12:20:28.838 | INFO     | final_strategy:get_signal:34 - [STRATEGY] Z-score: 1.29
2025-05-04 12:20:30.475 | INFO     | final_strategy:get_signal:34 - [STRATEGY] Z-score: -0.46
2025-05-04 12:20:32.084 | INFO     | final_strategy:get_signal:34 - [STRATEGY] Z-score: -0.48
2025-05-04 12:20:33.709 | INFO     | final_strategy:get_signal:34 - [STRATEGY] Z-score: -0.51
2025-05-04 12:20:35.301 | INFO     | final_strategy:get_signal:34 - [STRATEGY] Z-score: -0.53
2025-05-04 12:20:36.973 | INFO     | final_strategy:get_signal:34 - [STRATEGY] Z-score: -0.56
2025-05-04 12:20:38.632 | INFO     | final_strategy:get_signal:34 - [STRATEGY] Z-score: -0.58
2025-05-04 12:20:40.293 | INFO     | final_strategy:get_signal:34 - [STRATEGY] Z-score: -0.63
2025-05-04 12:20:41.937 | INFO     | final_strategy:get_signal:34 - [STRATEGY] Z-score: -0.55
2025-05-04 12:20:43.631 | INFO     | final_strategy:get_signal:34 - [STRATEGY] Z-score: -0.58
2025-05-04 12:20:45.278 | INFO     | final_strategy:get_signal:34 - [STRATEGY] Z-score: -0.76
2025-05-04 12:20:46.922 | INFO     | final_strategy:get_signal:34 - [STRATEGY] Z-score: -0.89
2025-05-04 12:20:48.577 | INFO     | final_strategy:get_signal:34 - [STRATEGY] Z-score: -0.83
2025-05-04 12:20:50.205 | INFO     | final_strategy:get_signal:34 - [STRATEGY] Z-score: -0.84
2025-05-04 12:20:51.805 | INFO     | final_strategy:get_signal:34 - [STRATEGY] Z-score: -1.06
2025-05-04 12:20:53.403 | INFO     | final_strategy:get_signal:34 - [STRATEGY] Z-score: -1.14
2025-05-04 12:20:55.044 | INFO     | final_strategy:get_signal:34 - [STRATEGY] Z-score: -1.14
2025-05-04 12:20:56.697 | INFO     | final_strategy:get_signal:34 - [STRATEGY] Z-score: -1.1
2025-05-04 12:20:58.344 | INFO     | final_strategy:get_signal:34 - [STRATEGY] Z-score: -1.1
2025-05-04 12:20:59.966 | INFO     | final_strategy:get_signal:34 - [STRATEGY] Z-score: -1.08
2025-05-04 12:21:01.625 | INFO     | final_strategy:get_signal:34 - [STRATEGY] Z-score: -1.05
2025-05-04 12:21:03.311 | INFO     | final_strategy:get_signal:34 - [STRATEGY] Z-score: -1.02
2025-05-04 12:21:04.958 | INFO     | final_strategy:get_signal:34 - [STRATEGY] Z-score: -0.96
2025-05-04 12:21:07.311 | INFO     | final_strategy:get_signal:34 - [STRATEGY] Z-score: -0.87
2025-05-04 12:21:09.069 | INFO     | final_strategy:get_signal:34 - [STRATEGY] Z-score: -0.8
2025-05-04 12:21:10.749 | INFO     | final_strategy:get_signal:34 - [STRATEGY] Z-score: -0.71
2025-05-04 12:21:12.637 | INFO     | final_strategy:get_signal:34 - [STRATEGY] Z-score: -0.7
2025-05-04 12:21:14.252 | INFO     | final_strategy:get_signal:34 - [STRATEGY] Z-score: -0.68
2025-05-04 12:21:16.016 | INFO     | final_strategy:get_signal:34 - [STRATEGY] Z-score: -0.67
2025-05-04 12:21:17.749 | INFO     | final_strategy:get_signal:34 - [STRATEGY] Z-score: -0.62
2025-05-04 12:21:19.599 | INFO     | final_strategy:get_signal:34 - [STRATEGY] Z-score: -0.6
2025-05-04 12:21:21.266 | INFO     | final_strategy:get_signal:34 - [STRATEGY] Z-score: -0.57
2025-05-04 12:21:22.884 | INFO     | final_strategy:get_signal:34 - [STRATEGY] Z-score: -0.57
2025-05-04 12:21:24.564 | INFO     | final_strategy:get_signal:34 - [STRATEGY] Z-score: -0.54
2025-05-04 12:21:26.204 | INFO     | final_strategy:get_signal:34 - [STRATEGY] Z-score: -0.49
2025-05-04 12:21:27.867 | INFO     | final_strategy:get_signal:34 - [STRATEGY] Z-score: -0.46
2025-05-04 12:21:29.534 | INFO     | final_strategy:get_signal:34 - [STRATEGY] Z-score: -0.44
2025-05-04 12:21:31.179 | INFO     | final_strategy:get_signal:34 - [STRATEGY] Z-score: -0.42
2025-05-04 12:21:32.792 | INFO     | final_strategy:get_signal:34 - [STRATEGY] Z-score: -0.4
2025-05-04 12:21:34.531 | INFO     | final_strategy:get_signal:34 - [STRATEGY] Z-score: -0.28
2025-05-04 12:21:36.194 | INFO     | final_strategy:get_signal:34 - [STRATEGY] Z-score: -0.26
2025-05-04 12:21:37.856 | INFO     | final_strategy:get_signal:34 - [STRATEGY] Z-score: -0.23
2025-05-04 12:21:39.511 | INFO     | final_strategy:get_signal:34 - [STRATEGY] Z-score: -0.26
2025-05-04 12:21:41.185 | INFO     | final_strategy:get_signal:34 - [STRATEGY] Z-score: -0.24
2025-05-04 12:21:42.948 | INFO     | final_strategy:get_signal:34 - [STRATEGY] Z-score: -0.2
2025-05-04 12:21:44.712 | INFO     | final_strategy:get_signal:34 - [STRATEGY] Z-score: -0.18
2025-05-04 12:21:46.409 | INFO     | final_strategy:get_signal:34 - [STRATEGY] Z-score: -0.16
2025-05-04 12:21:48.210 | INFO     | final_strategy:get_signal:34 - [STRATEGY] Z-score: -0.19
2025-05-04 12:21:49.888 | INFO     | final_strategy:get_signal:34 - [STRATEGY] Z-score: -0.16
2025-05-04 12:21:51.521 | INFO     | final_strategy:get_signal:34 - [STRATEGY] Z-score: -0.16
2025-05-04 12:21:53.171 | INFO     | final_strategy:get_signal:34 - [STRATEGY] Z-score: -0.19
2025-05-04 12:21:54.843 | INFO     | final_strategy:get_signal:34 - [STRATEGY] Z-score: -0.21
2025-05-04 12:21:56.525 | INFO     | final_strategy:get_signal:34 - [STRATEGY] Z-score: -0.2
2025-05-04 12:21:58.370 | INFO     | final_strategy:get_signal:34 - [STRATEGY] Z-score: -0.18
2025-05-04 12:22:00.549 | INFO     | final_strategy:get_signal:34 - [STRATEGY] Z-score: -0.13
2025-05-04 12:22:02.176 | INFO     | final_strategy:get_signal:34 - [STRATEGY] Z-score: -0.02
2025-05-04 12:22:03.784 | INFO     | final_strategy:get_signal:34 - [STRATEGY] Z-score: -0.05
2025-05-04 12:22:05.859 | INFO     | final_strategy:get_signal:34 - [STRATEGY] Z-score: -2.78
2025-05-04 12:22:05.864 | DEBUG    | final_bot:step:57 - [ACTION] Opening new position.
2025-05-04 12:22:06.886 | SUCCESS  | order_manager:_safe_order:111 - [ORDER SUCCESS] BUY 0.00999 BTCUSDT (futures=False, reduceOnly=False)
2025-05-04 12:22:08.396 | ERROR    | order_manager:_safe_order:129 - [ORDER ERROR] Binance API error -2019: Margin is insufficient.
2025-05-04 12:22:09.949 | INFO     | order_manager:close_spot_position:75 - [SPOT] Closing spot position: SELL 0.01 BTCUSDT
2025-05-04 12:22:11.059 | SUCCESS  | order_manager:_safe_order:111 - [ORDER SUCCESS] SELL 0.00999 BTCUSDT (futures=False, reduceOnly=False)
2025-05-04 12:22:11.807 | DEBUG    | order_manager:close_futures_position:46 - [FUTURES] No open futures position for BTCUSDT.
2025-05-04 12:22:11.810 | ERROR    | final_bot:open_position:95 - [ERROR] Order failed. Closed all open positions.
2025-05-04 12:22:13.852 | INFO     | final_strategy:get_signal:34 - [STRATEGY] Z-score: -0.89
2025-05-04 12:22:15.470 | INFO     | final_strategy:get_signal:34 - [STRATEGY] Z-score: -1.01
2025-05-04 12:22:17.523 | INFO     | final_strategy:get_signal:34 - [STRATEGY] Z-score: -1.49
2025-05-04 12:22:19.141 | INFO     | final_strategy:get_signal:34 - [STRATEGY] Z-score: -1.29
2025-05-04 12:22:20.803 | INFO     | final_strategy:get_signal:34 - [STRATEGY] Z-score: -1.25
2025-05-04 12:22:22.478 | INFO     | final_strategy:get_signal:34 - [STRATEGY] Z-score: -1.21
2025-05-04 12:22:24.163 | INFO     | final_strategy:get_signal:34 - [STRATEGY] Z-score: -1.16
2025-05-04 12:22:25.867 | INFO     | final_strategy:get_signal:34 - [STRATEGY] Z-score: -1.03
2025-05-04 12:22:27.563 | INFO     | final_strategy:get_signal:34 - [STRATEGY] Z-score: -0.99
2025-05-04 12:22:29.287 | INFO     | final_strategy:get_signal:34 - [STRATEGY] Z-score: -0.96
2025-05-04 12:22:30.931 | INFO     | final_strategy:get_signal:34 - [STRATEGY] Z-score: -1.59
2025-05-04 12:22:30.935 | DEBUG    | final_bot:step:57 - [ACTION] Opening new position.
2025-05-04 12:22:32.380 | SUCCESS  | order_manager:_safe_order:111 - [ORDER SUCCESS] BUY 0.00999 BTCUSDT (futures=False, reduceOnly=False)
2025-05-04 12:22:33.932 | ERROR    | order_manager:_safe_order:129 - [ORDER ERROR] Binance API error -2019: Margin is insufficient.
2025-05-04 12:22:35.402 | INFO     | order_manager:close_spot_position:75 - [SPOT] Closing spot position: SELL 0.01 BTCUSDT
2025-05-04 12:22:36.969 | SUCCESS  | order_manager:_safe_order:111 - [ORDER SUCCESS] SELL 0.00999 BTCUSDT (futures=False, reduceOnly=False)
2025-05-04 12:22:37.380 | DEBUG    | order_manager:close_futures_position:46 - [FUTURES] No open futures position for BTCUSDT.
2025-05-04 12:22:37.386 | ERROR    | final_bot:open_position:95 - [ERROR] Order failed. Closed all open positions.
2025-05-04 12:22:39.171 | INFO     | final_strategy:get_signal:34 - [STRATEGY] Z-score: -2.17
2025-05-04 12:22:39.173 | DEBUG    | final_bot:step:57 - [ACTION] Opening new position.
2025-05-04 12:22:40.155 | SUCCESS  | order_manager:_safe_order:111 - [ORDER SUCCESS] BUY 0.00999 BTCUSDT (futures=False, reduceOnly=False)
2025-05-04 12:22:41.168 | ERROR    | order_manager:_safe_order:129 - [ORDER ERROR] Binance API error -2019: Margin is insufficient.
2025-05-04 12:22:44.202 | INFO     | order_manager:close_spot_position:75 - [SPOT] Closing spot position: SELL 0.01 BTCUSDT
2025-05-04 12:22:45.233 | SUCCESS  | order_manager:_safe_order:111 - [ORDER SUCCESS] SELL 0.00999 BTCUSDT (futures=False, reduceOnly=False)
2025-05-04 12:22:45.645 | DEBUG    | order_manager:close_futures_position:46 - [FUTURES] No open futures position for BTCUSDT.
2025-05-04 12:22:45.648 | ERROR    | final_bot:open_position:95 - [ERROR] Order failed. Closed all open positions.
2025-05-04 12:22:47.268 | INFO     | final_strategy:get_signal:34 - [STRATEGY] Z-score: -2.2
2025-05-04 12:22:47.271 | DEBUG    | final_bot:step:57 - [ACTION] Opening new position.
2025-05-04 12:22:48.691 | SUCCESS  | order_manager:_safe_order:111 - [ORDER SUCCESS] BUY 0.00999 BTCUSDT (futures=False, reduceOnly=False)
2025-05-04 12:22:49.798 | ERROR    | order_manager:_safe_order:129 - [ORDER ERROR] Binance API error -2019: Margin is insufficient.
2025-05-04 12:22:51.551 | INFO     | order_manager:close_spot_position:75 - [SPOT] Closing spot position: SELL 0.01 BTCUSDT
2025-05-04 12:22:52.667 | SUCCESS  | order_manager:_safe_order:111 - [ORDER SUCCESS] SELL 0.00999 BTCUSDT (futures=False, reduceOnly=False)
2025-05-04 12:22:52.957 | DEBUG    | order_manager:close_futures_position:46 - [FUTURES] No open futures position for BTCUSDT.
2025-05-04 12:22:52.960 | ERROR    | final_bot:open_position:95 - [ERROR] Order failed. Closed all open positions.
2025-05-04 12:22:55.034 | INFO     | final_strategy:get_signal:34 - [STRATEGY] Z-score: -1.76
2025-05-04 12:22:55.037 | DEBUG    | final_bot:step:57 - [ACTION] Opening new position.
2025-05-04 12:22:56.464 | SUCCESS  | order_manager:_safe_order:111 - [ORDER SUCCESS] BUY 0.00999 BTCUSDT (futures=False, reduceOnly=False)
2025-05-04 12:22:57.579 | ERROR    | order_manager:_safe_order:129 - [ORDER ERROR] Binance API error -2019: Margin is insufficient.
2025-05-04 12:22:59.015 | INFO     | order_manager:close_spot_position:75 - [SPOT] Closing spot position: SELL 0.01 BTCUSDT
2025-05-04 12:23:00.024 | SUCCESS  | order_manager:_safe_order:111 - [ORDER SUCCESS] SELL 0.00999 BTCUSDT (futures=False, reduceOnly=False)
2025-05-04 12:23:00.326 | DEBUG    | order_manager:close_futures_position:46 - [FUTURES] No open futures position for BTCUSDT.
2025-05-04 12:23:00.330 | ERROR    | final_bot:open_position:95 - [ERROR] Order failed. Closed all open positions.
2025-05-04 12:23:01.968 | INFO     | final_strategy:get_signal:34 - [STRATEGY] Z-score: -0.12
2025-05-04 12:23:03.576 | INFO     | final_strategy:get_signal:34 - [STRATEGY] Z-score: -0.11
2025-05-04 12:23:05.187 | INFO     | final_strategy:get_signal:34 - [STRATEGY] Z-score: -0.18
2025-05-04 12:23:06.909 | INFO     | final_strategy:get_signal:34 - [STRATEGY] Z-score: -0.14
2025-05-04 12:23:08.554 | INFO     | final_strategy:get_signal:34 - [STRATEGY] Z-score: -0.39
2025-05-04 12:23:10.169 | INFO     | final_strategy:get_signal:34 - [STRATEGY] Z-score: -0.39
2025-05-04 12:23:11.807 | INFO     | final_strategy:get_signal:34 - [STRATEGY] Z-score: -0.37
2025-05-04 12:23:13.414 | INFO     | final_strategy:get_signal:34 - [STRATEGY] Z-score: -0.96
2025-05-04 12:23:15.024 | INFO     | final_strategy:get_signal:34 - [STRATEGY] Z-score: -0.95
2025-05-04 12:23:16.666 | INFO     | final_strategy:get_signal:34 - [STRATEGY] Z-score: -0.94
2025-05-04 12:23:18.313 | INFO     | final_strategy:get_signal:34 - [STRATEGY] Z-score: -0.02
2025-05-04 12:23:19.941 | INFO     | final_strategy:get_signal:34 - [STRATEGY] Z-score: -0.16
2025-05-04 12:23:21.733 | INFO     | final_strategy:get_signal:34 - [STRATEGY] Z-score: -0.55
2025-05-04 12:23:23.388 | INFO     | final_strategy:get_signal:34 - [STRATEGY] Z-score: -0.51
2025-05-04 12:23:25.044 | INFO     | final_strategy:get_signal:34 - [STRATEGY] Z-score: -0.39
2025-05-04 12:23:26.731 | INFO     | final_strategy:get_signal:34 - [STRATEGY] Z-score: -0.15
2025-05-04 12:23:28.440 | INFO     | final_strategy:get_signal:34 - [STRATEGY] Z-score: 0.06
2025-05-04 12:23:30.090 | INFO     | final_strategy:get_signal:34 - [STRATEGY] Z-score: 0.03
2025-05-04 12:23:31.778 | INFO     | final_strategy:get_signal:34 - [STRATEGY] Z-score: 0.19
2025-05-04 12:23:33.598 | INFO     | final_strategy:get_signal:34 - [STRATEGY] Z-score: 2.59
2025-05-04 12:23:33.601 | INFO     | final_bot:step:48 - [STRATEGY] Short signal skipped (short spreads disabled)
2025-05-04 12:23:35.258 | INFO     | final_strategy:get_signal:34 - [STRATEGY] Z-score: 2.5
2025-05-04 12:23:35.262 | INFO     | final_bot:step:48 - [STRATEGY] Short signal skipped (short spreads disabled)
2025-05-04 12:23:36.955 | INFO     | final_strategy:get_signal:34 - [STRATEGY] Z-score: 0.3
2025-05-04 12:23:38.762 | INFO     | final_strategy:get_signal:34 - [STRATEGY] Z-score: 0.23
2025-05-04 12:23:40.452 | INFO     | final_strategy:get_signal:34 - [STRATEGY] Z-score: 0.24
2025-05-04 12:23:42.138 | INFO     | final_strategy:get_signal:34 - [STRATEGY] Z-score: 0.26
2025-05-04 12:23:43.801 | INFO     | final_strategy:get_signal:34 - [STRATEGY] Z-score: 0.27
2025-05-04 12:23:45.522 | INFO     | final_strategy:get_signal:34 - [STRATEGY] Z-score: 0.28
2025-05-04 12:23:47.192 | INFO     | final_strategy:get_signal:34 - [STRATEGY] Z-score: 0.2
2025-05-04 12:23:48.869 | INFO     | final_strategy:get_signal:34 - [STRATEGY] Z-score: 0.35
2025-05-04 12:23:50.539 | INFO     | final_strategy:get_signal:34 - [STRATEGY] Z-score: 0.36
2025-05-04 12:23:52.205 | INFO     | final_strategy:get_signal:34 - [STRATEGY] Z-score: 0.2
2025-05-04 12:23:53.896 | INFO     | final_strategy:get_signal:34 - [STRATEGY] Z-score: 0.31
2025-05-04 12:23:55.595 | INFO     | final_strategy:get_signal:34 - [STRATEGY] Z-score: 1.68
2025-05-04 12:23:55.599 | INFO     | final_bot:step:48 - [STRATEGY] Short signal skipped (short spreads disabled)
2025-05-04 12:23:57.658 | INFO     | final_strategy:get_signal:34 - [STRATEGY] Z-score: 0.18
2025-05-04 12:23:59.317 | INFO     | final_strategy:get_signal:34 - [STRATEGY] Z-score: 0.19
2025-05-04 12:24:00.956 | INFO     | final_strategy:get_signal:34 - [STRATEGY] Z-score: 0.2
2025-05-04 12:24:02.592 | INFO     | final_strategy:get_signal:34 - [STRATEGY] Z-score: 0.13
2025-05-04 12:24:04.261 | INFO     | final_strategy:get_signal:34 - [STRATEGY] Z-score: 0.14
2025-05-04 12:24:05.919 | INFO     | final_strategy:get_signal:34 - [STRATEGY] Z-score: 0.15
2025-05-04 12:24:07.524 | INFO     | final_strategy:get_signal:34 - [STRATEGY] Z-score: 0.14
2025-05-04 12:24:09.285 | INFO     | final_strategy:get_signal:34 - [STRATEGY] Z-score: -0.27
2025-05-04 12:24:11.018 | INFO     | final_strategy:get_signal:34 - [STRATEGY] Z-score: -0.3
2025-05-04 12:24:12.701 | INFO     | final_strategy:get_signal:34 - [STRATEGY] Z-score: -0.43
2025-05-04 12:24:14.556 | INFO     | final_strategy:get_signal:34 - [STRATEGY] Z-score: -0.42
2025-05-04 12:24:16.304 | INFO     | final_strategy:get_signal:34 - [STRATEGY] Z-score: -0.44
2025-05-04 12:24:18.047 | INFO     | final_strategy:get_signal:34 - [STRATEGY] Z-score: 0.96
2025-05-04 12:24:19.737 | INFO     | final_strategy:get_signal:34 - [STRATEGY] Z-score: 0.61
2025-05-04 12:24:21.433 | INFO     | final_strategy:get_signal:34 - [STRATEGY] Z-score: 0.52
2025-05-04 12:24:23.097 | INFO     | final_strategy:get_signal:34 - [STRATEGY] Z-score: 0.5
2025-05-04 12:24:24.807 | INFO     | final_strategy:get_signal:34 - [STRATEGY] Z-score: 0.48
2025-05-04 12:24:26.508 | INFO     | final_strategy:get_signal:34 - [STRATEGY] Z-score: 0.46
2025-05-04 12:24:28.174 | INFO     | final_strategy:get_signal:34 - [STRATEGY] Z-score: 0.38
2025-05-04 12:24:30.293 | INFO     | final_strategy:get_signal:34 - [STRATEGY] Z-score: 0.51
2025-05-04 12:24:32.060 | INFO     | final_strategy:get_signal:34 - [STRATEGY] Z-score: 0.26
2025-05-04 12:24:33.748 | INFO     | final_strategy:get_signal:34 - [STRATEGY] Z-score: -0.06
2025-05-04 12:24:35.499 | INFO     | final_strategy:get_signal:34 - [STRATEGY] Z-score: 0.16
2025-05-04 12:24:37.203 | INFO     | final_strategy:get_signal:34 - [STRATEGY] Z-score: -0.08
2025-05-04 12:24:38.972 | INFO     | final_strategy:get_signal:34 - [STRATEGY] Z-score: 0.62
2025-05-04 12:24:40.654 | INFO     | final_strategy:get_signal:34 - [STRATEGY] Z-score: -0.02
2025-05-04 12:24:42.328 | INFO     | final_strategy:get_signal:34 - [STRATEGY] Z-score: -0.06
2025-05-04 12:24:44.011 | INFO     | final_strategy:get_signal:34 - [STRATEGY] Z-score: -0.07
2025-05-04 12:24:45.674 | INFO     | final_strategy:get_signal:34 - [STRATEGY] Z-score: -0.04
2025-05-04 12:24:47.467 | INFO     | final_strategy:get_signal:34 - [STRATEGY] Z-score: -0.01
2025-05-04 12:24:49.127 | INFO     | final_strategy:get_signal:34 - [STRATEGY] Z-score: -0.39
2025-05-04 12:24:50.770 | INFO     | final_strategy:get_signal:34 - [STRATEGY] Z-score: -0.54
2025-05-04 12:24:52.484 | INFO     | final_strategy:get_signal:34 - [STRATEGY] Z-score: -0.53
2025-05-04 12:24:54.229 | INFO     | final_strategy:get_signal:34 - [STRATEGY] Z-score: -0.53
2025-05-04 12:24:55.938 | INFO     | final_strategy:get_signal:34 - [STRATEGY] Z-score: 0.24
2025-05-04 12:24:57.633 | INFO     | final_strategy:get_signal:34 - [STRATEGY] Z-score: 0.08
2025-05-04 12:24:59.281 | INFO     | final_strategy:get_signal:34 - [STRATEGY] Z-score: 0.11
2025-05-04 12:25:01.013 | INFO     | final_strategy:get_signal:34 - [STRATEGY] Z-score: 0.1
2025-05-04 12:25:02.807 | INFO     | final_strategy:get_signal:34 - [STRATEGY] Z-score: 0.05
2025-05-04 12:25:04.515 | INFO     | final_strategy:get_signal:34 - [STRATEGY] Z-score: 0.03
2025-05-04 12:25:06.294 | INFO     | final_strategy:get_signal:34 - [STRATEGY] Z-score: 0.01
2025-05-04 12:25:08.031 | INFO     | final_strategy:get_signal:34 - [STRATEGY] Z-score: -0.11
2025-05-04 12:25:09.780 | INFO     | final_strategy:get_signal:34 - [STRATEGY] Z-score: -0.12
2025-05-04 12:25:11.637 | INFO     | final_strategy:get_signal:34 - [STRATEGY] Z-score: -0.06
2025-05-04 12:25:13.324 | INFO     | final_strategy:get_signal:34 - [STRATEGY] Z-score: -0.13
2025-05-04 12:25:15.195 | INFO     | final_strategy:get_signal:34 - [STRATEGY] Z-score: -0.1
2025-05-04 12:25:16.855 | INFO     | final_strategy:get_signal:34 - [STRATEGY] Z-score: 0.02
2025-05-04 12:25:18.526 | INFO     | final_strategy:get_signal:34 - [STRATEGY] Z-score: 0.16
2025-05-04 12:25:20.240 | INFO     | final_strategy:get_signal:34 - [STRATEGY] Z-score: 0.18
2025-05-04 12:25:21.979 | INFO     | final_strategy:get_signal:34 - [STRATEGY] Z-score: 0.18
2025-05-04 12:25:23.643 | INFO     | final_strategy:get_signal:34 - [STRATEGY] Z-score: 0.18
2025-05-04 12:25:25.321 | INFO     | final_strategy:get_signal:34 - [STRATEGY] Z-score: -0.03
2025-05-04 12:25:26.919 | INFO     | final_strategy:get_signal:34 - [STRATEGY] Z-score: 0.31
2025-05-04 12:25:28.550 | INFO     | final_strategy:get_signal:34 - [STRATEGY] Z-score: 2.12
2025-05-04 12:25:28.552 | INFO     | final_bot:step:48 - [STRATEGY] Short signal skipped (short spreads disabled)
2025-05-04 12:25:30.214 | INFO     | final_strategy:get_signal:34 - [STRATEGY] Z-score: 2.01
2025-05-04 12:25:30.217 | INFO     | final_bot:step:48 - [STRATEGY] Short signal skipped (short spreads disabled)
2025-05-04 12:25:31.890 | INFO     | final_strategy:get_signal:34 - [STRATEGY] Z-score: 1.93
2025-05-04 12:25:31.893 | INFO     | final_bot:step:48 - [STRATEGY] Short signal skipped (short spreads disabled)
2025-05-04 12:25:33.542 | INFO     | final_strategy:get_signal:34 - [STRATEGY] Z-score: 1.85
2025-05-04 12:25:33.545 | INFO     | final_bot:step:48 - [STRATEGY] Short signal skipped (short spreads disabled)
2025-05-04 12:25:35.213 | INFO     | final_strategy:get_signal:34 - [STRATEGY] Z-score: 1.34
2025-05-04 12:25:36.847 | INFO     | final_strategy:get_signal:34 - [STRATEGY] Z-score: 1.3
2025-05-04 12:25:38.519 | INFO     | final_strategy:get_signal:34 - [STRATEGY] Z-score: 1.53
2025-05-04 12:25:38.524 | INFO     | final_bot:step:48 - [STRATEGY] Short signal skipped (short spreads disabled)
2025-05-04 12:25:40.191 | INFO     | final_strategy:get_signal:34 - [STRATEGY] Z-score: 1.48
2025-05-04 12:25:42.054 | INFO     | final_strategy:get_signal:34 - [STRATEGY] Z-score: 1.43
2025-05-04 12:25:43.771 | INFO     | final_strategy:get_signal:34 - [STRATEGY] Z-score: 2.88
2025-05-04 12:25:43.774 | INFO     | final_bot:step:48 - [STRATEGY] Short signal skipped (short spreads disabled)
2025-05-04 12:25:45.965 | INFO     | final_strategy:get_signal:34 - [STRATEGY] Z-score: 0.33
2025-05-04 12:25:47.623 | INFO     | final_strategy:get_signal:34 - [STRATEGY] Z-score: 2.79
2025-05-04 12:25:47.627 | INFO     | final_bot:step:48 - [STRATEGY] Short signal skipped (short spreads disabled)
2025-05-04 12:25:49.285 | INFO     | final_strategy:get_signal:34 - [STRATEGY] Z-score: 2.45
2025-05-04 12:25:49.288 | INFO     | final_bot:step:48 - [STRATEGY] Short signal skipped (short spreads disabled)
2025-05-04 12:25:51.146 | INFO     | final_strategy:get_signal:34 - [STRATEGY] Z-score: 1.76
2025-05-04 12:25:51.149 | INFO     | final_bot:step:48 - [STRATEGY] Short signal skipped (short spreads disabled)
2025-05-04 12:25:52.978 | INFO     | final_strategy:get_signal:34 - [STRATEGY] Z-score: 1.26
2025-05-04 12:25:54.801 | INFO     | final_strategy:get_signal:34 - [STRATEGY] Z-score: 0.04
2025-05-04 12:25:56.437 | INFO     | final_strategy:get_signal:34 - [STRATEGY] Z-score: -0.21
2025-05-04 12:25:58.088 | INFO     | final_strategy:get_signal:34 - [STRATEGY] Z-score: -0.52
2025-05-04 12:26:00.180 | INFO     | final_strategy:get_signal:34 - [STRATEGY] Z-score: -1.29
2025-05-04 12:26:01.904 | INFO     | final_strategy:get_signal:34 - [STRATEGY] Z-score: -0.98
2025-05-04 12:26:03.526 | INFO     | final_strategy:get_signal:34 - [STRATEGY] Z-score: -0.26
2025-05-04 12:26:05.353 | INFO     | final_strategy:get_signal:34 - [STRATEGY] Z-score: -0.25
2025-05-04 12:26:06.983 | INFO     | final_strategy:get_signal:34 - [STRATEGY] Z-score: -4.12
2025-05-04 12:26:06.987 | DEBUG    | final_bot:step:57 - [ACTION] Opening new position.
2025-05-04 12:26:08.478 | SUCCESS  | order_manager:_safe_order:111 - [ORDER SUCCESS] BUY 0.00999 BTCUSDT (futures=False, reduceOnly=False)
2025-05-04 12:26:09.839 | ERROR    | order_manager:_safe_order:129 - [ORDER ERROR] Binance API error -2019: Margin is insufficient.
2025-05-04 12:26:11.530 | INFO     | order_manager:close_spot_position:75 - [SPOT] Closing spot position: SELL 0.01 BTCUSDT
2025-05-04 12:26:12.925 | SUCCESS  | order_manager:_safe_order:111 - [ORDER SUCCESS] SELL 0.00999 BTCUSDT (futures=False, reduceOnly=False)
2025-05-04 12:26:13.226 | DEBUG    | order_manager:close_futures_position:46 - [FUTURES] No open futures position for BTCUSDT.
2025-05-04 12:26:13.230 | ERROR    | final_bot:open_position:95 - [ERROR] Order failed. Closed all open positions.
2025-05-04 12:26:14.938 | INFO     | final_strategy:get_signal:34 - [STRATEGY] Z-score: -4.72
2025-05-04 12:26:14.941 | DEBUG    | final_bot:step:57 - [ACTION] Opening new position.
2025-05-04 12:26:15.916 | SUCCESS  | order_manager:_safe_order:111 - [ORDER SUCCESS] BUY 0.00999 BTCUSDT (futures=False, reduceOnly=False)
2025-05-04 12:26:16.797 | ERROR    | order_manager:_safe_order:129 - [ORDER ERROR] Binance API error -2019: Margin is insufficient.
2025-05-04 12:26:18.921 | INFO     | order_manager:close_spot_position:75 - [SPOT] Closing spot position: SELL 0.01 BTCUSDT
2025-05-04 12:26:19.899 | SUCCESS  | order_manager:_safe_order:111 - [ORDER SUCCESS] SELL 0.00999 BTCUSDT (futures=False, reduceOnly=False)
2025-05-04 12:26:20.188 | DEBUG    | order_manager:close_futures_position:46 - [FUTURES] No open futures position for BTCUSDT.
2025-05-04 12:26:20.192 | ERROR    | final_bot:open_position:95 - [ERROR] Order failed. Closed all open positions.
2025-05-04 12:26:21.819 | INFO     | final_strategy:get_signal:34 - [STRATEGY] Z-score: -3.62
2025-05-04 12:26:21.822 | DEBUG    | final_bot:step:57 - [ACTION] Opening new position.
2025-05-04 12:26:22.860 | SUCCESS  | order_manager:_safe_order:111 - [ORDER SUCCESS] BUY 0.00999 BTCUSDT (futures=False, reduceOnly=False)
2025-05-04 12:26:23.725 | ERROR    | order_manager:_safe_order:129 - [ORDER ERROR] Binance API error -2019: Margin is insufficient.
2025-05-04 12:26:25.105 | INFO     | order_manager:close_spot_position:75 - [SPOT] Closing spot position: SELL 0.01 BTCUSDT
2025-05-04 12:26:26.130 | SUCCESS  | order_manager:_safe_order:111 - [ORDER SUCCESS] SELL 0.00999 BTCUSDT (futures=False, reduceOnly=False)
2025-05-04 12:26:26.431 | DEBUG    | order_manager:close_futures_position:46 - [FUTURES] No open futures position for BTCUSDT.
2025-05-04 12:26:26.434 | ERROR    | final_bot:open_position:95 - [ERROR] Order failed. Closed all open positions.
2025-05-04 12:26:28.055 | INFO     | final_strategy:get_signal:34 - [STRATEGY] Z-score: -3.08
2025-05-04 12:26:28.058 | DEBUG    | final_bot:step:57 - [ACTION] Opening new position.
2025-05-04 12:26:29.152 | SUCCESS  | order_manager:_safe_order:111 - [ORDER SUCCESS] BUY 0.00999 BTCUSDT (futures=False, reduceOnly=False)
2025-05-04 12:26:30.714 | ERROR    | order_manager:_safe_order:129 - [ORDER ERROR] Binance API error -2019: Margin is insufficient.
2025-05-04 12:26:32.422 | INFO     | order_manager:close_spot_position:75 - [SPOT] Closing spot position: SELL 0.01 BTCUSDT
2025-05-04 12:26:33.514 | SUCCESS  | order_manager:_safe_order:111 - [ORDER SUCCESS] SELL 0.00999 BTCUSDT (futures=False, reduceOnly=False)
2025-05-04 12:26:33.805 | DEBUG    | order_manager:close_futures_position:46 - [FUTURES] No open futures position for BTCUSDT.
2025-05-04 12:26:33.809 | ERROR    | final_bot:open_position:95 - [ERROR] Order failed. Closed all open positions.
2025-05-04 12:26:35.446 | INFO     | final_strategy:get_signal:34 - [STRATEGY] Z-score: 2.25
2025-05-04 12:26:35.450 | INFO     | final_bot:step:48 - [STRATEGY] Short signal skipped (short spreads disabled)
2025-05-04 12:26:37.082 | INFO     | final_strategy:get_signal:34 - [STRATEGY] Z-score: -0.38
2025-05-04 12:26:38.691 | INFO     | final_strategy:get_signal:34 - [STRATEGY] Z-score: -0.38
2025-05-04 12:26:40.391 | INFO     | final_strategy:get_signal:34 - [STRATEGY] Z-score: -0.37
2025-05-04 12:26:42.013 | INFO     | final_strategy:get_signal:34 - [STRATEGY] Z-score: -0.37
2025-05-04 12:26:43.624 | INFO     | final_strategy:get_signal:34 - [STRATEGY] Z-score: 0.26
2025-05-04 12:26:45.242 | INFO     | final_strategy:get_signal:34 - [STRATEGY] Z-score: 0.71
2025-05-04 12:26:46.869 | INFO     | final_strategy:get_signal:34 - [STRATEGY] Z-score: 0.53
2025-05-04 12:26:48.467 | INFO     | final_strategy:get_signal:34 - [STRATEGY] Z-score: -0.4
2025-05-04 12:26:50.109 | INFO     | final_strategy:get_signal:34 - [STRATEGY] Z-score: 0.59
2025-05-04 12:26:51.738 | INFO     | final_strategy:get_signal:34 - [STRATEGY] Z-score: 0.66
2025-05-04 12:26:53.928 | INFO     | final_strategy:get_signal:34 - [STRATEGY] Z-score: 0.59
2025-05-04 12:26:55.565 | INFO     | final_strategy:get_signal:34 - [STRATEGY] Z-score: -0.4
2025-05-04 12:26:57.183 | INFO     | final_strategy:get_signal:34 - [STRATEGY] Z-score: 0.28
2025-05-04 12:26:58.857 | INFO     | final_strategy:get_signal:34 - [STRATEGY] Z-score: 0.25
2025-05-04 12:27:00.533 | INFO     | final_strategy:get_signal:34 - [STRATEGY] Z-score: 0.24
2025-05-04 12:27:02.284 | INFO     | final_strategy:get_signal:34 - [STRATEGY] Z-score: -0.07
2025-05-04 12:27:03.949 | INFO     | final_strategy:get_signal:34 - [STRATEGY] Z-score: -0.11
2025-05-04 12:27:05.592 | INFO     | final_strategy:get_signal:34 - [STRATEGY] Z-score: -0.17
2025-05-04 12:28:41.681 | INFO     | order_manager:close_spot_position:73 - [SPOT] No spot balance for BTC to close.
2025-05-04 12:28:41.931 | DEBUG    | order_manager:close_futures_position:46 - [FUTURES] No open futures position for BTCUSDT.
2025-05-04 12:28:42.436 | INFO     | final_strategy:get_signal:23 - Building history BTCUSDT 1/60...
2025-05-04 12:28:43.949 | INFO     | final_strategy:get_signal:23 - Building history BTCUSDT 2/60...
2025-05-04 12:28:45.463 | INFO     | final_strategy:get_signal:23 - Building history BTCUSDT 3/60...
2025-05-04 12:28:47.128 | INFO     | final_strategy:get_signal:23 - Building history BTCUSDT 4/60...
2025-05-04 12:28:48.647 | INFO     | final_strategy:get_signal:23 - Building history BTCUSDT 5/60...
2025-05-04 12:28:50.611 | INFO     | final_strategy:get_signal:23 - Building history BTCUSDT 6/60...
2025-05-04 12:28:52.117 | INFO     | final_strategy:get_signal:23 - Building history BTCUSDT 7/60...
2025-05-04 12:28:53.627 | INFO     | final_strategy:get_signal:23 - Building history BTCUSDT 8/60...
2025-05-04 12:28:55.135 | INFO     | final_strategy:get_signal:23 - Building history BTCUSDT 9/60...
2025-05-04 12:28:56.664 | INFO     | final_strategy:get_signal:23 - Building history BTCUSDT 10/60...
2025-05-04 12:28:58.629 | INFO     | final_strategy:get_signal:23 - Building history BTCUSDT 11/60...
2025-05-04 12:29:00.197 | INFO     | final_strategy:get_signal:23 - Building history BTCUSDT 12/60...
2025-05-04 12:29:01.710 | INFO     | final_strategy:get_signal:23 - Building history BTCUSDT 13/60...
2025-05-04 12:29:03.243 | INFO     | final_strategy:get_signal:23 - Building history BTCUSDT 14/60...
2025-05-04 12:29:04.750 | INFO     | final_strategy:get_signal:23 - Building history BTCUSDT 15/60...
2025-05-04 12:29:06.255 | INFO     | final_strategy:get_signal:23 - Building history BTCUSDT 16/60...
2025-05-04 12:29:07.854 | INFO     | final_strategy:get_signal:23 - Building history BTCUSDT 17/60...
2025-05-04 12:29:09.372 | INFO     | final_strategy:get_signal:23 - Building history BTCUSDT 18/60...
2025-05-04 12:29:10.885 | INFO     | final_strategy:get_signal:23 - Building history BTCUSDT 19/60...
2025-05-04 12:29:12.401 | INFO     | final_strategy:get_signal:23 - Building history BTCUSDT 20/60...
2025-05-04 12:29:13.905 | INFO     | final_strategy:get_signal:23 - Building history BTCUSDT 21/60...
2025-05-04 12:29:15.420 | INFO     | final_strategy:get_signal:23 - Building history BTCUSDT 22/60...
2025-05-04 12:29:16.928 | INFO     | final_strategy:get_signal:23 - Building history BTCUSDT 23/60...
2025-05-04 12:29:18.554 | INFO     | final_strategy:get_signal:23 - Building history BTCUSDT 24/60...
2025-05-04 12:29:20.061 | INFO     | final_strategy:get_signal:23 - Building history BTCUSDT 25/60...
2025-05-04 12:29:22.020 | INFO     | final_strategy:get_signal:23 - Building history BTCUSDT 26/60...
2025-05-04 12:29:23.539 | INFO     | final_strategy:get_signal:23 - Building history BTCUSDT 27/60...
2025-05-04 12:29:25.506 | INFO     | final_strategy:get_signal:23 - Building history BTCUSDT 28/60...
2025-05-04 12:29:27.562 | INFO     | final_strategy:get_signal:23 - Building history BTCUSDT 29/60...
2025-05-04 12:29:29.070 | INFO     | final_strategy:get_signal:23 - Building history BTCUSDT 30/60...
2025-05-04 12:29:30.581 | INFO     | final_strategy:get_signal:23 - Building history BTCUSDT 31/60...
2025-05-04 12:29:32.099 | INFO     | final_strategy:get_signal:23 - Building history BTCUSDT 32/60...
2025-05-04 12:29:33.611 | INFO     | final_strategy:get_signal:23 - Building history BTCUSDT 33/60...
2025-05-04 12:29:35.114 | INFO     | final_strategy:get_signal:23 - Building history BTCUSDT 34/60...
2025-05-04 12:29:36.627 | INFO     | final_strategy:get_signal:23 - Building history BTCUSDT 35/60...
2025-05-04 12:29:38.134 | INFO     | final_strategy:get_signal:23 - Building history BTCUSDT 36/60...
2025-05-04 12:29:39.642 | INFO     | final_strategy:get_signal:23 - Building history BTCUSDT 37/60...
2025-05-04 12:29:41.604 | INFO     | final_strategy:get_signal:23 - Building history BTCUSDT 38/60...
2025-05-04 12:29:43.108 | INFO     | final_strategy:get_signal:23 - Building history BTCUSDT 39/60...
2025-05-04 12:29:44.615 | INFO     | final_strategy:get_signal:23 - Building history BTCUSDT 40/60...
2025-05-04 12:29:46.123 | INFO     | final_strategy:get_signal:23 - Building history BTCUSDT 41/60...
2025-05-04 12:29:47.638 | INFO     | final_strategy:get_signal:23 - Building history BTCUSDT 42/60...
2025-05-04 12:29:49.151 | INFO     | final_strategy:get_signal:23 - Building history BTCUSDT 43/60...
2025-05-04 12:29:50.661 | INFO     | final_strategy:get_signal:23 - Building history BTCUSDT 44/60...
2025-05-04 12:29:52.653 | INFO     | final_strategy:get_signal:23 - Building history BTCUSDT 45/60...
