2025-04-29 23:11:15.174 | INFO     | __main__:<module>:51 - [BOT] Starting...
2025-04-29 23:11:15.965 | INFO     | __main__:<module>:64 - Building history (1/120)...
2025-04-29 23:11:16.669 | INFO     | __main__:<module>:64 - Building history (2/120)...
2025-04-29 23:11:17.504 | INFO     | __main__:<module>:64 - Building history (3/120)...
2025-04-29 23:11:18.321 | INFO     | __main__:<module>:64 - Building history (4/120)...
2025-04-29 23:11:19.243 | INFO     | __main__:<module>:64 - Building history (5/120)...
2025-04-29 23:11:20.062 | INFO     | __main__:<module>:64 - Building history (6/120)...
2025-04-29 23:11:20.882 | INFO     | __main__:<module>:64 - Building history (7/120)...
2025-04-29 23:11:21.658 | INFO     | __main__:<module>:64 - Building history (8/120)...
2025-04-29 23:11:22.358 | INFO     | __main__:<module>:64 - Building history (9/120)...
2025-04-29 23:11:23.137 | INFO     | __main__:<module>:64 - Building history (10/120)...
2025-04-29 23:11:23.954 | INFO     | __main__:<module>:64 - Building history (11/120)...
2025-04-29 23:11:24.719 | INFO     | __main__:<module>:64 - Building history (12/120)...
2025-04-29 23:11:25.417 | INFO     | __main__:<module>:64 - Building history (13/120)...
2025-04-29 23:11:26.208 | INFO     | __main__:<module>:64 - Building history (14/120)...
2025-04-29 23:11:27.026 | INFO     | __main__:<module>:64 - Building history (15/120)...
2025-04-29 23:11:27.847 | INFO     | __main__:<module>:64 - Building history (16/120)...
2025-04-29 23:11:28.558 | INFO     | __main__:<module>:64 - Building history (17/120)...
2025-04-29 23:11:29.265 | INFO     | __main__:<module>:64 - Building history (18/120)...
2025-04-29 23:11:29.997 | INFO     | __main__:<module>:64 - Building history (19/120)...
2025-04-29 23:11:30.703 | INFO     | __main__:<module>:64 - Building history (20/120)...
2025-04-29 23:11:31.868 | INFO     | __main__:<module>:64 - Building history (21/120)...
2025-04-29 23:11:32.575 | INFO     | __main__:<module>:64 - Building history (22/120)...
2025-04-29 23:11:33.374 | INFO     | __main__:<module>:64 - Building history (23/120)...
2025-04-29 23:11:34.194 | INFO     | __main__:<module>:64 - Building history (24/120)...
2025-04-29 23:11:34.907 | INFO     | __main__:<module>:64 - Building history (25/120)...
2025-04-29 23:11:36.081 | INFO     | __main__:<module>:64 - Building history (26/120)...
2025-04-29 23:11:36.858 | INFO     | __main__:<module>:64 - Building history (27/120)...
2025-04-29 23:11:37.567 | INFO     | __main__:<module>:64 - Building history (28/120)...
2025-04-29 23:11:38.708 | INFO     | __main__:<module>:64 - Building history (29/120)...
2025-04-29 23:11:39.519 | INFO     | __main__:<module>:64 - Building history (30/120)...
2025-04-29 23:11:40.343 | INFO     | __main__:<module>:64 - Building history (31/120)...
2025-04-29 23:11:41.155 | INFO     | __main__:<module>:64 - Building history (32/120)...
2025-04-29 23:11:41.926 | INFO     | __main__:<module>:64 - Building history (33/120)...
2025-04-29 23:11:43.610 | INFO     | __main__:<module>:64 - Building history (34/120)...
2025-04-29 23:11:44.379 | INFO     | __main__:<module>:64 - Building history (35/120)...
2025-04-29 23:11:45.562 | INFO     | __main__:<module>:64 - Building history (36/120)...
2025-04-29 23:11:46.411 | INFO     | __main__:<module>:64 - Building history (37/120)...
2025-04-29 23:11:47.171 | INFO     | __main__:<module>:64 - Building history (38/120)...
2025-04-29 23:11:47.957 | INFO     | __main__:<module>:64 - Building history (39/120)...
2025-04-29 23:11:49.442 | INFO     | __main__:<module>:64 - Building history (40/120)...
2025-04-29 23:11:50.614 | INFO     | __main__:<module>:64 - Building history (41/120)...
2025-04-29 23:11:51.601 | INFO     | __main__:<module>:64 - Building history (42/120)...
2025-04-29 23:11:52.310 | INFO     | __main__:<module>:64 - Building history (43/120)...
2025-04-29 23:11:53.147 | INFO     | __main__:<module>:64 - Building history (44/120)...
2025-04-29 23:11:53.959 | INFO     | __main__:<module>:64 - Building history (45/120)...
2025-04-29 23:11:54.669 | INFO     | __main__:<module>:64 - Building history (46/120)...
2025-04-29 23:11:55.493 | INFO     | __main__:<module>:64 - Building history (47/120)...
2025-04-29 23:11:56.373 | INFO     | __main__:<module>:64 - Building history (48/120)...
2025-04-29 23:11:57.177 | INFO     | __main__:<module>:64 - Building history (49/120)...
2025-04-29 23:11:58.055 | INFO     | __main__:<module>:64 - Building history (50/120)...
2025-04-29 23:11:58.766 | INFO     | __main__:<module>:64 - Building history (51/120)...
2025-04-29 23:11:59.533 | INFO     | __main__:<module>:64 - Building history (52/120)...
2025-04-29 23:12:00.358 | INFO     | __main__:<module>:64 - Building history (53/120)...
2025-04-29 23:12:01.169 | INFO     | __main__:<module>:64 - Building history (54/120)...
2025-04-29 23:12:02.326 | INFO     | __main__:<module>:64 - Building history (55/120)...
2025-04-29 23:12:03.155 | INFO     | __main__:<module>:64 - Building history (56/120)...
2025-04-29 23:12:03.877 | INFO     | __main__:<module>:64 - Building history (57/120)...
2025-04-29 23:12:04.712 | INFO     | __main__:<module>:64 - Building history (58/120)...
2025-04-29 23:12:05.424 | INFO     | __main__:<module>:64 - Building history (59/120)...
2025-04-29 23:12:06.140 | INFO     | __main__:<module>:64 - Building history (60/120)...
2025-04-29 23:12:06.965 | INFO     | __main__:<module>:64 - Building history (61/120)...
2025-04-29 23:12:07.677 | INFO     | __main__:<module>:64 - Building history (62/120)...
2025-04-29 23:12:08.506 | INFO     | __main__:<module>:64 - Building history (63/120)...
2025-04-29 23:12:09.321 | INFO     | __main__:<module>:64 - Building history (64/120)...
2025-04-29 23:12:10.535 | INFO     | __main__:<module>:64 - Building history (65/120)...
2025-04-29 23:12:11.357 | INFO     | __main__:<module>:64 - Building history (66/120)...
2025-04-29 23:12:12.195 | INFO     | __main__:<module>:64 - Building history (67/120)...
2025-04-29 23:12:13.005 | INFO     | __main__:<module>:64 - Building history (68/120)...
2025-04-29 23:12:14.162 | INFO     | __main__:<module>:64 - Building history (69/120)...
2025-04-29 23:12:14.954 | INFO     | __main__:<module>:64 - Building history (70/120)...
2025-04-29 23:12:15.732 | INFO     | __main__:<module>:64 - Building history (71/120)...
2025-04-29 23:12:16.905 | INFO     | __main__:<module>:64 - Building history (72/120)...
2025-04-29 23:12:17.819 | INFO     | __main__:<module>:64 - Building history (73/120)...
2025-04-29 23:12:18.607 | INFO     | __main__:<module>:64 - Building history (74/120)...
2025-04-29 23:12:19.390 | INFO     | __main__:<module>:64 - Building history (75/120)...
2025-04-29 23:12:20.100 | INFO     | __main__:<module>:64 - Building history (76/120)...
2025-04-29 23:12:20.874 | INFO     | __main__:<module>:64 - Building history (77/120)...
2025-04-29 23:12:22.034 | INFO     | __main__:<module>:64 - Building history (78/120)...
2025-04-29 23:12:23.247 | INFO     | __main__:<module>:64 - Building history (79/120)...
2025-04-29 23:12:23.956 | INFO     | __main__:<module>:64 - Building history (80/120)...
2025-04-29 23:12:25.191 | INFO     | __main__:<module>:64 - Building history (81/120)...
2025-04-29 23:12:25.897 | INFO     | __main__:<module>:64 - Building history (82/120)...
2025-04-29 23:12:26.680 | INFO     | __main__:<module>:64 - Building history (83/120)...
2025-04-29 23:12:27.546 | INFO     | __main__:<module>:64 - Building history (84/120)...
2025-04-29 23:12:28.364 | INFO     | __main__:<module>:64 - Building history (85/120)...
2025-04-29 23:12:29.186 | INFO     | __main__:<module>:64 - Building history (86/120)...
2025-04-29 23:12:29.894 | INFO     | __main__:<module>:64 - Building history (87/120)...
2025-04-29 23:12:30.701 | INFO     | __main__:<module>:64 - Building history (88/120)...
2025-04-29 23:12:32.034 | INFO     | __main__:<module>:64 - Building history (89/120)...
2025-04-29 23:12:32.846 | INFO     | __main__:<module>:64 - Building history (90/120)...
2025-04-29 23:12:33.690 | INFO     | __main__:<module>:64 - Building history (91/120)...
2025-04-29 23:12:34.431 | INFO     | __main__:<module>:64 - Building history (92/120)...
2025-04-29 23:12:35.636 | INFO     | __main__:<module>:64 - Building history (93/120)...
2025-04-29 23:12:36.456 | INFO     | __main__:<module>:64 - Building history (94/120)...
2025-04-29 23:12:37.275 | INFO     | __main__:<module>:64 - Building history (95/120)...
2025-04-29 23:12:38.894 | INFO     | __main__:<module>:64 - Building history (96/120)...
2025-04-29 23:12:39.604 | INFO     | __main__:<module>:64 - Building history (97/120)...
2025-04-29 23:12:40.311 | INFO     | __main__:<module>:64 - Building history (98/120)...
2025-04-29 23:12:41.575 | INFO     | __main__:<module>:64 - Building history (99/120)...
2025-04-29 23:12:42.287 | INFO     | __main__:<module>:64 - Building history (100/120)...
2025-04-29 23:12:43.118 | INFO     | __main__:<module>:64 - Building history (101/120)...
2025-04-29 23:12:43.822 | INFO     | __main__:<module>:64 - Building history (102/120)...
2025-04-29 23:12:44.609 | INFO     | __main__:<module>:64 - Building history (103/120)...
2025-04-29 23:12:45.314 | INFO     | __main__:<module>:64 - Building history (104/120)...
2025-04-29 23:12:46.284 | INFO     | __main__:<module>:64 - Building history (105/120)...
2025-04-29 23:12:47.106 | INFO     | __main__:<module>:64 - Building history (106/120)...
2025-04-29 23:12:47.926 | INFO     | __main__:<module>:64 - Building history (107/120)...
2025-04-29 23:12:48.771 | INFO     | __main__:<module>:64 - Building history (108/120)...
2025-04-29 23:12:49.944 | INFO     | __main__:<module>:64 - Building history (109/120)...
2025-04-29 23:12:50.722 | INFO     | __main__:<module>:64 - Building history (110/120)...
2025-04-29 23:12:51.507 | INFO     | __main__:<module>:64 - Building history (111/120)...
2025-04-29 23:12:52.443 | INFO     | __main__:<module>:64 - Building history (112/120)...
2025-04-29 23:12:53.153 | INFO     | __main__:<module>:64 - Building history (113/120)...
2025-04-29 23:12:53.966 | INFO     | __main__:<module>:64 - Building history (114/120)...
2025-04-29 23:12:54.776 | INFO     | __main__:<module>:64 - Building history (115/120)...
2025-04-29 23:12:55.553 | INFO     | __main__:<module>:64 - Building history (116/120)...
2025-04-29 23:12:56.270 | INFO     | __main__:<module>:64 - Building history (117/120)...
2025-04-29 23:12:57.038 | INFO     | __main__:<module>:64 - Building history (118/120)...
2025-04-29 23:12:58.272 | INFO     | __main__:<module>:64 - Building history (119/120)...
2025-04-29 23:12:59.742 | INFO     | __main__:<module>:70 - [SPREAD] Spot: 0.1512, Futures: 0.1525, Spread: -0.0013, Z: -0.64, TC: 0, PF: 0.00020833333333333402
2025-04-29 23:12:59.947 | INFO     | __main__:<module>:202 - Cumulative pnl: 0
2025-04-29 23:13:00.973 | INFO     | __main__:<module>:70 - [SPREAD] Spot: 0.1512, Futures: 0.1525, Spread: -0.0013, Z: -0.62, TC: 0, PF: 0.00020250000000000064
2025-04-29 23:13:01.179 | INFO     | __main__:<module>:202 - Cumulative pnl: 0
2025-04-29 23:13:02.664 | INFO     | __main__:<module>:70 - [SPREAD] Spot: 0.1512, Futures: 0.1525, Spread: -0.0013, Z: -0.61, TC: 0, PF: 0.00019666666666666725
2025-04-29 23:13:02.870 | INFO     | __main__:<module>:202 - Cumulative pnl: 0
2025-04-29 23:13:03.736 | INFO     | __main__:<module>:70 - [SPREAD] Spot: 0.1512, Futures: 0.1525, Spread: -0.0013, Z: -0.60, TC: 0, PF: 0.00019083333333333387
2025-04-29 23:13:03.941 | INFO     | __main__:<module>:202 - Cumulative pnl: 0
2025-04-29 23:13:05.162 | INFO     | __main__:<module>:70 - [SPREAD] Spot: 0.1512, Futures: 0.1525, Spread: -0.0013, Z: -0.59, TC: 0, PF: 0.00018500000000000049
2025-04-29 23:13:05.368 | INFO     | __main__:<module>:202 - Cumulative pnl: 0
2025-04-29 23:13:06.806 | INFO     | __main__:<module>:70 - [SPREAD] Spot: 0.1512, Futures: 0.1525, Spread: -0.0013, Z: -0.57, TC: 0, PF: 0.0001791666666666671
2025-04-29 23:13:07.006 | INFO     | __main__:<module>:202 - Cumulative pnl: 0
2025-04-29 23:13:07.820 | INFO     | __main__:<module>:70 - [SPREAD] Spot: 0.1512, Futures: 0.1525, Spread: -0.0013, Z: -0.56, TC: 0, PF: 0.00017333333333333372
2025-04-29 23:13:08.025 | INFO     | __main__:<module>:202 - Cumulative pnl: 0
2025-04-29 23:13:09.470 | INFO     | __main__:<module>:70 - [SPREAD] Spot: 0.1512, Futures: 0.1525, Spread: -0.0013, Z: -0.55, TC: 0, PF: 0.00016750000000000033
2025-04-29 23:13:09.676 | INFO     | __main__:<module>:202 - Cumulative pnl: 0
2025-04-29 23:13:11.067 | INFO     | __main__:<module>:70 - [SPREAD] Spot: 0.1512, Futures: 0.1525, Spread: -0.0013, Z: -0.53, TC: 0, PF: 0.00016166666666666695
2025-04-29 23:13:11.273 | INFO     | __main__:<module>:202 - Cumulative pnl: 0
2025-04-29 23:13:12.234 | INFO     | __main__:<module>:70 - [SPREAD] Spot: 0.1512, Futures: 0.1525, Spread: -0.0013, Z: -0.52, TC: 0, PF: 0.00015583333333333356
2025-04-29 23:13:12.440 | INFO     | __main__:<module>:202 - Cumulative pnl: 0
2025-04-29 23:13:13.322 | INFO     | __main__:<module>:70 - [SPREAD] Spot: 0.1512, Futures: 0.1525, Spread: -0.0013, Z: -0.51, TC: 0, PF: 0.00015000000000000018
2025-04-29 23:13:13.528 | INFO     | __main__:<module>:202 - Cumulative pnl: 0
2025-04-29 23:13:14.495 | INFO     | __main__:<module>:70 - [SPREAD] Spot: 0.1512, Futures: 0.1525, Spread: -0.0013, Z: -0.50, TC: 0, PF: 0.0001441666666666668
2025-04-29 23:13:14.701 | INFO     | __main__:<module>:202 - Cumulative pnl: 0
2025-04-29 23:13:17.143 | INFO     | __main__:<module>:70 - [SPREAD] Spot: 0.1512, Futures: 0.1525, Spread: -0.0013, Z: -0.48, TC: 0, PF: 0.0001383333333333334
2025-04-29 23:13:17.349 | INFO     | __main__:<module>:202 - Cumulative pnl: 0
2025-04-29 23:13:19.215 | INFO     | __main__:<module>:70 - [SPREAD] Spot: 0.1513, Futures: 0.1525, Spread: -0.0012, Z: -0.12, TC: 0, PF: 3.333333333334419e-05
2025-04-29 23:13:19.421 | INFO     | __main__:<module>:202 - Cumulative pnl: 0
2025-04-29 23:13:20.238 | INFO     | __main__:<module>:70 - [SPREAD] Spot: 0.1513, Futures: 0.1525, Spread: -0.0012, Z: -0.10, TC: 0, PF: 2.8333333333344177e-05
2025-04-29 23:13:20.443 | INFO     | __main__:<module>:202 - Cumulative pnl: 0
2025-04-29 23:13:21.347 | INFO     | __main__:<module>:70 - [SPREAD] Spot: 0.1513, Futures: 0.1525, Spread: -0.0012, Z: -0.09, TC: 0, PF: 2.3333333333343947e-05
2025-04-29 23:13:21.552 | INFO     | __main__:<module>:202 - Cumulative pnl: 0
2025-04-29 23:13:22.351 | INFO     | __main__:<module>:70 - [SPREAD] Spot: 0.1513, Futures: 0.1525, Spread: -0.0012, Z: -0.07, TC: 0, PF: 1.8333333333343717e-05
2025-04-29 23:13:22.557 | INFO     | __main__:<module>:202 - Cumulative pnl: 0
2025-04-29 23:13:23.964 | INFO     | __main__:<module>:70 - [SPREAD] Spot: 0.1513, Futures: 0.1525, Spread: -0.0012, Z: -0.05, TC: 0, PF: 1.3333333333343704e-05
2025-04-29 23:13:24.170 | INFO     | __main__:<module>:202 - Cumulative pnl: 0
2025-04-29 23:13:25.136 | INFO     | __main__:<module>:70 - [SPREAD] Spot: 0.1513, Futures: 0.1525, Spread: -0.0012, Z: -0.03, TC: 0, PF: 8.333333333343474e-06
2025-04-29 23:13:25.341 | INFO     | __main__:<module>:202 - Cumulative pnl: 0
2025-04-29 23:13:26.269 | INFO     | __main__:<module>:70 - [SPREAD] Spot: 0.1513, Futures: 0.1525, Spread: -0.0012, Z: -0.01, TC: 0, PF: 3.3333333333434613e-06
2025-04-29 23:13:26.477 | INFO     | __main__:<module>:202 - Cumulative pnl: 0
2025-04-29 23:13:27.286 | INFO     | __main__:<module>:70 - [SPREAD] Spot: 0.1513, Futures: 0.1525, Spread: -0.0012, Z: 0.01, TC: 0, PF: 1.6666666666567687e-06
2025-04-29 23:13:27.492 | INFO     | __main__:<module>:202 - Cumulative pnl: 0
2025-04-29 23:13:28.413 | INFO     | __main__:<module>:70 - [SPREAD] Spot: 0.1513, Futures: 0.1525, Spread: -0.0012, Z: 0.02, TC: 0, PF: 4.999999999990255e-06
2025-04-29 23:13:28.619 | INFO     | __main__:<module>:202 - Cumulative pnl: 0
2025-04-29 23:13:29.493 | INFO     | __main__:<module>:70 - [SPREAD] Spot: 0.1513, Futures: 0.1525, Spread: -0.0012, Z: 0.03, TC: 0, PF: 8.333333333323525e-06
2025-04-29 23:13:29.699 | INFO     | __main__:<module>:202 - Cumulative pnl: 0
2025-04-29 23:13:30.681 | INFO     | __main__:<module>:70 - [SPREAD] Spot: 0.1513, Futures: 0.1525, Spread: -0.0012, Z: 0.05, TC: 0, PF: 1.1666666666657012e-05
2025-04-29 23:13:30.886 | INFO     | __main__:<module>:202 - Cumulative pnl: 0
2025-04-29 23:13:32.011 | INFO     | __main__:<module>:70 - [SPREAD] Spot: 0.1513, Futures: 0.1525, Spread: -0.0012, Z: 0.06, TC: 0, PF: 1.4999999999990498e-05
2025-04-29 23:13:32.217 | INFO     | __main__:<module>:202 - Cumulative pnl: 0
2025-04-29 23:13:34.025 | INFO     | __main__:<module>:70 - [SPREAD] Spot: 0.1513, Futures: 0.1525, Spread: -0.0012, Z: 0.08, TC: 0, PF: 1.8333333333323985e-05
2025-04-29 23:13:34.231 | INFO     | __main__:<module>:202 - Cumulative pnl: 0
2025-04-29 23:13:35.681 | INFO     | __main__:<module>:70 - [SPREAD] Spot: 0.1513, Futures: 0.1525, Spread: -0.0012, Z: 0.10, TC: 0, PF: 2.1666666666657255e-05
2025-04-29 23:13:35.887 | INFO     | __main__:<module>:202 - Cumulative pnl: 0
2025-04-29 23:13:36.913 | INFO     | __main__:<module>:70 - [SPREAD] Spot: 0.1513, Futures: 0.1525, Spread: -0.0012, Z: 0.11, TC: 0, PF: 2.499999999999074e-05
2025-04-29 23:13:37.118 | INFO     | __main__:<module>:202 - Cumulative pnl: 0
2025-04-29 23:13:38.093 | INFO     | __main__:<module>:70 - [SPREAD] Spot: 0.1513, Futures: 0.1525, Spread: -0.0012, Z: 0.13, TC: 0, PF: 2.8333333333324228e-05
2025-04-29 23:13:38.298 | INFO     | __main__:<module>:202 - Cumulative pnl: 0
2025-04-29 23:13:39.667 | INFO     | __main__:<module>:70 - [SPREAD] Spot: 0.1513, Futures: 0.1525, Spread: -0.0012, Z: 0.15, TC: 0, PF: 3.1666666666657715e-05
2025-04-29 23:13:39.871 | INFO     | __main__:<module>:202 - Cumulative pnl: 0
2025-04-29 23:13:40.683 | INFO     | __main__:<module>:70 - [SPREAD] Spot: 0.1513, Futures: 0.1525, Spread: -0.0012, Z: 0.16, TC: 0, PF: 3.4999999999990985e-05
2025-04-29 23:13:40.887 | INFO     | __main__:<module>:202 - Cumulative pnl: 0
2025-04-29 23:13:42.713 | INFO     | __main__:<module>:70 - [SPREAD] Spot: 0.1513, Futures: 0.1525, Spread: -0.0012, Z: 0.18, TC: 0, PF: 3.833333333332447e-05
2025-04-29 23:13:42.919 | INFO     | __main__:<module>:202 - Cumulative pnl: 0
2025-04-29 23:13:43.998 | INFO     | __main__:<module>:70 - [SPREAD] Spot: 0.1513, Futures: 0.1525, Spread: -0.0012, Z: 0.20, TC: 0, PF: 4.166666666665796e-05
2025-04-29 23:13:44.202 | INFO     | __main__:<module>:202 - Cumulative pnl: 0
2025-04-29 23:13:46.290 | INFO     | __main__:<module>:70 - [SPREAD] Spot: 0.1513, Futures: 0.1525, Spread: -0.0012, Z: 0.22, TC: 0, PF: 4.4999999999991444e-05
2025-04-29 23:13:46.506 | INFO     | __main__:<module>:202 - Cumulative pnl: 0
2025-04-29 23:13:47.803 | INFO     | __main__:<module>:70 - [SPREAD] Spot: 0.1513, Futures: 0.1525, Spread: -0.0012, Z: 0.25, TC: 0, PF: 4.8333333333324714e-05
2025-04-29 23:13:48.005 | INFO     | __main__:<module>:202 - Cumulative pnl: 0
2025-04-29 23:13:48.827 | INFO     | __main__:<module>:70 - [SPREAD] Spot: 0.1513, Futures: 0.1525, Spread: -0.0012, Z: 0.27, TC: 0, PF: 5.16666666666582e-05
2025-04-29 23:13:49.033 | INFO     | __main__:<module>:202 - Cumulative pnl: 0
2025-04-29 23:13:50.748 | INFO     | __main__:<module>:70 - [SPREAD] Spot: 0.1513, Futures: 0.1525, Spread: -0.0012, Z: 0.29, TC: 0, PF: 5.499999999999169e-05
2025-04-29 23:13:50.955 | INFO     | __main__:<module>:202 - Cumulative pnl: 0
2025-04-29 23:13:52.438 | INFO     | __main__:<module>:70 - [SPREAD] Spot: 0.1513, Futures: 0.1525, Spread: -0.0012, Z: 0.32, TC: 0, PF: 5.833333333332496e-05
2025-04-29 23:13:52.644 | INFO     | __main__:<module>:202 - Cumulative pnl: 0
2025-04-29 23:13:53.479 | INFO     | __main__:<module>:70 - [SPREAD] Spot: 0.1513, Futures: 0.1525, Spread: -0.0012, Z: 0.34, TC: 0, PF: 6.166666666665844e-05
2025-04-29 23:13:53.684 | INFO     | __main__:<module>:202 - Cumulative pnl: 0
2025-04-29 23:13:55.387 | INFO     | __main__:<module>:70 - [SPREAD] Spot: 0.1513, Futures: 0.1525, Spread: -0.0012, Z: 0.37, TC: 0, PF: 6.499999999999193e-05
2025-04-29 23:13:55.592 | INFO     | __main__:<module>:202 - Cumulative pnl: 0
2025-04-29 23:13:56.399 | INFO     | __main__:<module>:70 - [SPREAD] Spot: 0.1513, Futures: 0.1525, Spread: -0.0012, Z: 0.40, TC: 0, PF: 6.833333333332542e-05
2025-04-29 23:13:56.604 | INFO     | __main__:<module>:202 - Cumulative pnl: 0
2025-04-29 23:13:57.425 | INFO     | __main__:<module>:70 - [SPREAD] Spot: 0.1513, Futures: 0.1525, Spread: -0.0012, Z: 0.44, TC: 0, PF: 7.166666666665869e-05
2025-04-29 23:13:57.627 | INFO     | __main__:<module>:202 - Cumulative pnl: 0
2025-04-29 23:13:58.437 | INFO     | __main__:<module>:70 - [SPREAD] Spot: 0.1513, Futures: 0.1525, Spread: -0.0012, Z: 0.48, TC: 0, PF: 7.499999999999217e-05
2025-04-29 23:13:58.642 | INFO     | __main__:<module>:202 - Cumulative pnl: 0
2025-04-29 23:13:59.684 | INFO     | __main__:<module>:70 - [SPREAD] Spot: 0.1513, Futures: 0.1525, Spread: -0.0012, Z: 0.52, TC: 0, PF: 7.833333333332566e-05
2025-04-29 23:13:59.890 | INFO     | __main__:<module>:202 - Cumulative pnl: 0
2025-04-29 23:14:00.777 | INFO     | __main__:<module>:70 - [SPREAD] Spot: 0.1513, Futures: 0.1525, Spread: -0.0012, Z: 0.53, TC: 0, PF: 7.99999999999924e-05
2025-04-29 23:14:00.979 | INFO     | __main__:<module>:202 - Cumulative pnl: 0
2025-04-29 23:14:01.787 | INFO     | __main__:<module>:70 - [SPREAD] Spot: 0.1513, Futures: 0.1525, Spread: -0.0012, Z: 0.55, TC: 0, PF: 8.166666666665915e-05
2025-04-29 23:14:01.993 | INFO     | __main__:<module>:202 - Cumulative pnl: 0
2025-04-29 23:14:02.802 | INFO     | __main__:<module>:70 - [SPREAD] Spot: 0.1513, Futures: 0.1525, Spread: -0.0012, Z: 0.57, TC: 0, PF: 8.333333333332567e-05
2025-04-29 23:14:03.006 | INFO     | __main__:<module>:202 - Cumulative pnl: 0
2025-04-29 23:14:03.999 | INFO     | __main__:<module>:70 - [SPREAD] Spot: 0.1513, Futures: 0.1525, Spread: -0.0012, Z: 0.59, TC: 0, PF: 8.499999999999242e-05
2025-04-29 23:14:04.204 | INFO     | __main__:<module>:202 - Cumulative pnl: 0
2025-04-29 23:14:05.027 | INFO     | __main__:<module>:70 - [SPREAD] Spot: 0.1513, Futures: 0.1525, Spread: -0.0012, Z: 0.61, TC: 0, PF: 8.666666666665916e-05
2025-04-29 23:14:05.233 | INFO     | __main__:<module>:202 - Cumulative pnl: 0
2025-04-29 23:14:06.040 | INFO     | __main__:<module>:70 - [SPREAD] Spot: 0.1513, Futures: 0.1525, Spread: -0.0012, Z: 0.63, TC: 0, PF: 8.83333333333259e-05
2025-04-29 23:14:06.246 | INFO     | __main__:<module>:202 - Cumulative pnl: 0
2025-04-29 23:14:07.502 | INFO     | __main__:<module>:70 - [SPREAD] Spot: 0.1513, Futures: 0.1525, Spread: -0.0012, Z: 0.66, TC: 0, PF: 8.999999999999265e-05
2025-04-29 23:14:07.704 | INFO     | __main__:<module>:202 - Cumulative pnl: 0
2025-04-29 23:14:08.657 | INFO     | __main__:<module>:70 - [SPREAD] Spot: 0.1513, Futures: 0.1525, Spread: -0.0012, Z: 0.68, TC: 0, PF: 9.166666666665939e-05
2025-04-29 23:14:08.862 | INFO     | __main__:<module>:202 - Cumulative pnl: 0
2025-04-29 23:14:09.674 | INFO     | __main__:<module>:70 - [SPREAD] Spot: 0.1513, Futures: 0.1525, Spread: -0.0012, Z: 0.71, TC: 0, PF: 9.333333333332613e-05
2025-04-29 23:14:09.878 | INFO     | __main__:<module>:202 - Cumulative pnl: 0
2025-04-29 23:14:10.752 | INFO     | __main__:<module>:70 - [SPREAD] Spot: 0.1513, Futures: 0.1525, Spread: -0.0012, Z: 0.73, TC: 0, PF: 9.499999999999288e-05
2025-04-29 23:14:10.954 | INFO     | __main__:<module>:202 - Cumulative pnl: 0
2025-04-29 23:14:12.246 | INFO     | __main__:<module>:70 - [SPREAD] Spot: 0.1513, Futures: 0.1525, Spread: -0.0012, Z: 0.76, TC: 0, PF: 9.66666666666594e-05
2025-04-29 23:14:12.451 | INFO     | __main__:<module>:202 - Cumulative pnl: 0
2025-04-29 23:14:13.363 | INFO     | __main__:<module>:70 - [SPREAD] Spot: 0.1513, Futures: 0.1525, Spread: -0.0012, Z: 0.79, TC: 0, PF: 9.833333333332615e-05
2025-04-29 23:14:13.569 | INFO     | __main__:<module>:202 - Cumulative pnl: 0
2025-04-29 23:14:14.430 | INFO     | __main__:<module>:70 - [SPREAD] Spot: 0.1513, Futures: 0.1525, Spread: -0.0012, Z: 0.82, TC: 0, PF: 9.999999999999289e-05
2025-04-29 23:14:14.635 | INFO     | __main__:<module>:202 - Cumulative pnl: 0
2025-04-29 23:14:15.901 | INFO     | __main__:<module>:70 - [SPREAD] Spot: 0.1513, Futures: 0.1525, Spread: -0.0012, Z: 0.85, TC: 0, PF: 0.00010166666666665963
2025-04-29 23:14:16.105 | INFO     | __main__:<module>:202 - Cumulative pnl: 0
2025-04-29 23:14:17.354 | INFO     | __main__:<module>:70 - [SPREAD] Spot: 0.1513, Futures: 0.1525, Spread: -0.0012, Z: 0.89, TC: 0, PF: 0.00010333333333332638
2025-04-29 23:14:17.560 | INFO     | __main__:<module>:202 - Cumulative pnl: 0
2025-04-29 23:14:18.955 | INFO     | __main__:<module>:70 - [SPREAD] Spot: 0.1513, Futures: 0.1525, Spread: -0.0012, Z: 0.93, TC: 0, PF: 0.00010499999999999312
2025-04-29 23:14:19.161 | INFO     | __main__:<module>:202 - Cumulative pnl: 0
2025-04-29 23:14:19.961 | INFO     | __main__:<module>:70 - [SPREAD] Spot: 0.1513, Futures: 0.1525, Spread: -0.0012, Z: 0.97, TC: 0, PF: 0.00010666666666665986
2025-04-29 23:14:20.167 | INFO     | __main__:<module>:202 - Cumulative pnl: 0
2025-04-29 23:14:21.182 | INFO     | __main__:<module>:70 - [SPREAD] Spot: 0.1513, Futures: 0.1525, Spread: -0.0012, Z: 0.96, TC: 0, PF: 0.00010583333333332649
2025-04-29 23:14:21.387 | INFO     | __main__:<module>:202 - Cumulative pnl: 0
2025-04-29 23:14:22.193 | INFO     | __main__:<module>:70 - [SPREAD] Spot: 0.1513, Futures: 0.1525, Spread: -0.0012, Z: 0.95, TC: 0, PF: 0.00010499999999999334
2025-04-29 23:14:22.395 | INFO     | __main__:<module>:202 - Cumulative pnl: 0
2025-04-29 23:14:23.639 | INFO     | __main__:<module>:70 - [SPREAD] Spot: 0.1513, Futures: 0.1525, Spread: -0.0012, Z: 0.94, TC: 0, PF: 0.00010416666666665996
2025-04-29 23:14:23.840 | INFO     | __main__:<module>:202 - Cumulative pnl: 0
2025-04-29 23:14:24.642 | INFO     | __main__:<module>:70 - [SPREAD] Spot: 0.1513, Futures: 0.1525, Spread: -0.0012, Z: 0.92, TC: 0, PF: 0.00010333333333332681
2025-04-29 23:14:24.847 | INFO     | __main__:<module>:202 - Cumulative pnl: 0
2025-04-29 23:14:25.632 | INFO     | __main__:<module>:70 - [SPREAD] Spot: 0.1513, Futures: 0.1525, Spread: -0.0012, Z: 0.91, TC: 0, PF: 0.00010249999999999366
2025-04-29 23:14:25.838 | INFO     | __main__:<module>:202 - Cumulative pnl: 0
2025-04-29 23:14:27.087 | INFO     | __main__:<module>:70 - [SPREAD] Spot: 0.1513, Futures: 0.1525, Spread: -0.0012, Z: 0.90, TC: 0, PF: 0.00010166666666666028
2025-04-29 23:14:27.291 | INFO     | __main__:<module>:202 - Cumulative pnl: 0
2025-04-29 23:14:28.102 | INFO     | __main__:<module>:70 - [SPREAD] Spot: 0.1513, Futures: 0.1525, Spread: -0.0012, Z: 0.89, TC: 0, PF: 0.00010083333333332713
2025-04-29 23:14:28.308 | INFO     | __main__:<module>:202 - Cumulative pnl: 0
2025-04-29 23:14:29.560 | INFO     | __main__:<module>:70 - [SPREAD] Spot: 0.1513, Futures: 0.1525, Spread: -0.0012, Z: 0.88, TC: 0, PF: 9.999999999999376e-05
2025-04-29 23:14:29.766 | INFO     | __main__:<module>:202 - Cumulative pnl: 0
2025-04-29 23:14:30.681 | INFO     | __main__:<module>:70 - [SPREAD] Spot: 0.1513, Futures: 0.1525, Spread: -0.0012, Z: 0.87, TC: 0, PF: 9.91666666666606e-05
2025-04-29 23:14:30.886 | INFO     | __main__:<module>:202 - Cumulative pnl: 0
2025-04-29 23:14:31.688 | INFO     | __main__:<module>:70 - [SPREAD] Spot: 0.1513, Futures: 0.1525, Spread: -0.0012, Z: 0.86, TC: 0, PF: 9.833333333332745e-05
2025-04-29 23:14:31.893 | INFO     | __main__:<module>:202 - Cumulative pnl: 0
2025-04-29 23:14:32.957 | INFO     | __main__:<module>:70 - [SPREAD] Spot: 0.1513, Futures: 0.1525, Spread: -0.0012, Z: 0.85, TC: 0, PF: 9.749999999999408e-05
2025-04-29 23:14:33.163 | INFO     | __main__:<module>:202 - Cumulative pnl: 0
2025-04-29 23:14:33.969 | INFO     | __main__:<module>:70 - [SPREAD] Spot: 0.1513, Futures: 0.1525, Spread: -0.0012, Z: 0.84, TC: 0, PF: 9.666666666666092e-05
2025-04-29 23:14:34.171 | INFO     | __main__:<module>:202 - Cumulative pnl: 0
2025-04-29 23:14:35.479 | INFO     | __main__:<module>:70 - [SPREAD] Spot: 0.1513, Futures: 0.1525, Spread: -0.0012, Z: 0.83, TC: 0, PF: 9.583333333332755e-05
2025-04-29 23:14:35.685 | INFO     | __main__:<module>:202 - Cumulative pnl: 0
2025-04-29 23:14:36.494 | INFO     | __main__:<module>:70 - [SPREAD] Spot: 0.1513, Futures: 0.1525, Spread: -0.0012, Z: 0.82, TC: 0, PF: 9.49999999999944e-05
2025-04-29 23:14:36.699 | INFO     | __main__:<module>:202 - Cumulative pnl: 0
2025-04-29 23:14:37.516 | INFO     | __main__:<module>:70 - [SPREAD] Spot: 0.1513, Futures: 0.1525, Spread: -0.0012, Z: 0.81, TC: 0, PF: 9.416666666666124e-05
2025-04-29 23:14:37.722 | INFO     | __main__:<module>:202 - Cumulative pnl: 0
2025-04-29 23:14:38.528 | INFO     | __main__:<module>:70 - [SPREAD] Spot: 0.1513, Futures: 0.1525, Spread: -0.0012, Z: 0.80, TC: 0, PF: 9.333333333332787e-05
2025-04-29 23:14:38.733 | INFO     | __main__:<module>:202 - Cumulative pnl: 0
2025-04-29 23:14:39.701 | INFO     | __main__:<module>:70 - [SPREAD] Spot: 0.1513, Futures: 0.1525, Spread: -0.0012, Z: 0.80, TC: 0, PF: 9.249999999999471e-05
2025-04-29 23:14:39.904 | INFO     | __main__:<module>:202 - Cumulative pnl: 0
2025-04-29 23:14:40.714 | INFO     | __main__:<module>:70 - [SPREAD] Spot: 0.1513, Futures: 0.1525, Spread: -0.0012, Z: 0.79, TC: 0, PF: 9.166666666666134e-05
2025-04-29 23:14:40.919 | INFO     | __main__:<module>:202 - Cumulative pnl: 0
2025-04-29 23:14:41.720 | INFO     | __main__:<module>:70 - [SPREAD] Spot: 0.1513, Futures: 0.1525, Spread: -0.0012, Z: 0.78, TC: 0, PF: 9.083333333332819e-05
2025-04-29 23:14:41.922 | INFO     | __main__:<module>:202 - Cumulative pnl: 0
2025-04-29 23:14:42.734 | INFO     | __main__:<module>:70 - [SPREAD] Spot: 0.1513, Futures: 0.1525, Spread: -0.0012, Z: 0.77, TC: 0, PF: 8.999999999999503e-05
2025-04-29 23:14:42.939 | INFO     | __main__:<module>:202 - Cumulative pnl: 0
2025-04-29 23:14:43.743 | INFO     | __main__:<module>:70 - [SPREAD] Spot: 0.1513, Futures: 0.1525, Spread: -0.0012, Z: 0.76, TC: 0, PF: 8.916666666666166e-05
2025-04-29 23:14:43.949 | INFO     | __main__:<module>:202 - Cumulative pnl: 0
2025-04-29 23:14:44.750 | INFO     | __main__:<module>:70 - [SPREAD] Spot: 0.1513, Futures: 0.1525, Spread: -0.0012, Z: 0.75, TC: 0, PF: 8.83333333333285e-05
2025-04-29 23:14:44.955 | INFO     | __main__:<module>:202 - Cumulative pnl: 0
2025-04-29 23:14:45.801 | INFO     | __main__:<module>:70 - [SPREAD] Spot: 0.1513, Futures: 0.1525, Spread: -0.0012, Z: 0.74, TC: 0, PF: 8.749999999999513e-05
2025-04-29 23:14:46.004 | INFO     | __main__:<module>:202 - Cumulative pnl: 0
2025-04-29 23:14:47.532 | INFO     | __main__:<module>:70 - [SPREAD] Spot: 0.1513, Futures: 0.1525, Spread: -0.0012, Z: 0.73, TC: 0, PF: 8.583333333332882e-05
2025-04-29 23:14:47.738 | INFO     | __main__:<module>:202 - Cumulative pnl: 0
2025-04-29 23:14:48.744 | INFO     | __main__:<module>:70 - [SPREAD] Spot: 0.1513, Futures: 0.1525, Spread: -0.0012, Z: 0.72, TC: 0, PF: 8.41666666666623e-05
2025-04-29 23:14:48.946 | INFO     | __main__:<module>:202 - Cumulative pnl: 0
2025-04-29 23:14:49.748 | INFO     | __main__:<module>:70 - [SPREAD] Spot: 0.1513, Futures: 0.1525, Spread: -0.0012, Z: 0.70, TC: 0, PF: 8.249999999999577e-05
2025-04-29 23:14:49.953 | INFO     | __main__:<module>:202 - Cumulative pnl: 0
2025-04-29 23:14:50.750 | INFO     | __main__:<module>:70 - [SPREAD] Spot: 0.1513, Futures: 0.1525, Spread: -0.0012, Z: 0.69, TC: 0, PF: 8.083333333332924e-05
2025-04-29 23:14:50.954 | INFO     | __main__:<module>:202 - Cumulative pnl: 0
2025-04-29 23:14:52.759 | INFO     | __main__:<module>:70 - [SPREAD] Spot: 0.1513, Futures: 0.1525, Spread: -0.0012, Z: 0.68, TC: 0, PF: 7.916666666666272e-05
2025-04-29 23:14:52.961 | INFO     | __main__:<module>:202 - Cumulative pnl: 0
2025-04-29 23:14:53.860 | INFO     | __main__:<module>:70 - [SPREAD] Spot: 0.1513, Futures: 0.1525, Spread: -0.0012, Z: 0.67, TC: 0, PF: 7.749999999999641e-05
2025-04-29 23:14:54.066 | INFO     | __main__:<module>:202 - Cumulative pnl: 0
2025-04-29 23:14:54.845 | INFO     | __main__:<module>:70 - [SPREAD] Spot: 0.1513, Futures: 0.1525, Spread: -0.0012, Z: 0.65, TC: 0, PF: 7.583333333332988e-05
2025-04-29 23:14:55.051 | INFO     | __main__:<module>:202 - Cumulative pnl: 0
2025-04-29 23:14:56.352 | INFO     | __main__:<module>:70 - [SPREAD] Spot: 0.1513, Futures: 0.1525, Spread: -0.0012, Z: 0.64, TC: 0, PF: 7.416666666666336e-05
2025-04-29 23:14:56.555 | INFO     | __main__:<module>:202 - Cumulative pnl: 0
2025-04-29 23:14:57.338 | INFO     | __main__:<module>:70 - [SPREAD] Spot: 0.1513, Futures: 0.1525, Spread: -0.0012, Z: 0.63, TC: 0, PF: 7.249999999999683e-05
2025-04-29 23:14:57.543 | INFO     | __main__:<module>:202 - Cumulative pnl: 0
2025-04-29 23:14:59.225 | INFO     | __main__:<module>:70 - [SPREAD] Spot: 0.1513, Futures: 0.1525, Spread: -0.0012, Z: 0.62, TC: 0, PF: 7.08333333333303e-05
2025-04-29 23:14:59.430 | INFO     | __main__:<module>:202 - Cumulative pnl: 0
2025-04-29 23:15:00.228 | INFO     | __main__:<module>:70 - [SPREAD] Spot: 0.1513, Futures: 0.1525, Spread: -0.0012, Z: 0.60, TC: 0, PF: 6.916666666666399e-05
2025-04-29 23:15:00.433 | INFO     | __main__:<module>:202 - Cumulative pnl: 0
2025-04-29 23:15:01.250 | INFO     | __main__:<module>:70 - [SPREAD] Spot: 0.1513, Futures: 0.1525, Spread: -0.0012, Z: 0.59, TC: 0, PF: 6.749999999999747e-05
2025-04-29 23:15:01.456 | INFO     | __main__:<module>:202 - Cumulative pnl: 0
2025-04-29 23:15:02.251 | INFO     | __main__:<module>:70 - [SPREAD] Spot: 0.1513, Futures: 0.1525, Spread: -0.0012, Z: 0.58, TC: 0, PF: 6.583333333333094e-05
2025-04-29 23:15:02.458 | INFO     | __main__:<module>:202 - Cumulative pnl: 0
2025-04-29 23:15:04.152 | INFO     | __main__:<module>:70 - [SPREAD] Spot: 0.1513, Futures: 0.1525, Spread: -0.0012, Z: 0.57, TC: 0, PF: 6.416666666666441e-05
2025-04-29 23:15:04.354 | INFO     | __main__:<module>:202 - Cumulative pnl: 0
2025-04-29 23:15:05.133 | INFO     | __main__:<module>:70 - [SPREAD] Spot: 0.1513, Futures: 0.1525, Spread: -0.0012, Z: 0.55, TC: 0, PF: 6.166666666666452e-05
2025-04-29 23:15:05.338 | INFO     | __main__:<module>:202 - Cumulative pnl: 0
2025-04-29 23:15:06.123 | INFO     | __main__:<module>:70 - [SPREAD] Spot: 0.1513, Futures: 0.1525, Spread: -0.0012, Z: 0.54, TC: 0, PF: 5.916666666666462e-05
2025-04-29 23:15:06.328 | INFO     | __main__:<module>:202 - Cumulative pnl: 0
2025-04-29 23:15:07.579 | INFO     | __main__:<module>:70 - [SPREAD] Spot: 0.1513, Futures: 0.1525, Spread: -0.0012, Z: 0.53, TC: 0, PF: 5.66666666666645e-05
2025-04-29 23:15:07.785 | INFO     | __main__:<module>:202 - Cumulative pnl: 0
2025-04-29 23:15:09.471 | INFO     | __main__:<module>:70 - [SPREAD] Spot: 0.1513, Futures: 0.1525, Spread: -0.0012, Z: 0.52, TC: 0, PF: 5.4166666666664604e-05
2025-04-29 23:15:09.677 | INFO     | __main__:<module>:202 - Cumulative pnl: 0
2025-04-29 23:15:10.503 | INFO     | __main__:<module>:70 - [SPREAD] Spot: 0.1513, Futures: 0.1525, Spread: -0.0012, Z: 0.50, TC: 0, PF: 5.1666666666664706e-05
2025-04-29 23:15:10.704 | INFO     | __main__:<module>:202 - Cumulative pnl: 0
2025-04-29 23:15:11.501 | INFO     | __main__:<module>:70 - [SPREAD] Spot: 0.1513, Futures: 0.1525, Spread: -0.0012, Z: 0.49, TC: 0, PF: 4.916666666666481e-05
2025-04-29 23:15:11.706 | INFO     | __main__:<module>:202 - Cumulative pnl: 0
2025-04-29 23:15:12.487 | INFO     | __main__:<module>:70 - [SPREAD] Spot: 0.1513, Futures: 0.1525, Spread: -0.0012, Z: 0.48, TC: 0, PF: 4.666666666666469e-05
2025-04-29 23:15:12.690 | INFO     | __main__:<module>:202 - Cumulative pnl: 0
2025-04-29 23:15:13.490 | INFO     | __main__:<module>:70 - [SPREAD] Spot: 0.1513, Futures: 0.1525, Spread: -0.0012, Z: 0.47, TC: 0, PF: 4.4166666666664795e-05
2025-04-29 23:15:13.693 | INFO     | __main__:<module>:202 - Cumulative pnl: 0
2025-04-29 23:15:14.930 | INFO     | __main__:<module>:70 - [SPREAD] Spot: 0.1513, Futures: 0.1525, Spread: -0.0012, Z: 0.45, TC: 0, PF: 4.16666666666649e-05
2025-04-29 23:15:15.135 | INFO     | __main__:<module>:202 - Cumulative pnl: 0
2025-04-29 23:15:16.369 | INFO     | __main__:<module>:70 - [SPREAD] Spot: 0.1513, Futures: 0.1525, Spread: -0.0012, Z: 0.44, TC: 0, PF: 3.9166666666665e-05
2025-04-29 23:15:16.573 | INFO     | __main__:<module>:202 - Cumulative pnl: 0
2025-04-29 23:15:17.808 | INFO     | __main__:<module>:70 - [SPREAD] Spot: 0.1513, Futures: 0.1525, Spread: -0.0012, Z: 0.43, TC: 0, PF: 3.6666666666664884e-05
2025-04-29 23:15:18.014 | INFO     | __main__:<module>:202 - Cumulative pnl: 0
2025-04-29 23:15:18.840 | INFO     | __main__:<module>:70 - [SPREAD] Spot: 0.1513, Futures: 0.1525, Spread: -0.0012, Z: 0.42, TC: 0, PF: 3.4166666666664985e-05
2025-04-29 23:15:19.046 | INFO     | __main__:<module>:202 - Cumulative pnl: 0
2025-04-29 23:15:19.826 | INFO     | __main__:<module>:70 - [SPREAD] Spot: 0.1513, Futures: 0.1525, Spread: -0.0012, Z: 0.40, TC: 0, PF: 3.166666666666509e-05
2025-04-29 23:15:20.029 | INFO     | __main__:<module>:202 - Cumulative pnl: 0
2025-04-29 23:15:21.321 | INFO     | __main__:<module>:70 - [SPREAD] Spot: 0.1513, Futures: 0.1525, Spread: -0.0012, Z: 0.39, TC: 0, PF: 2.9166666666664972e-05
2025-04-29 23:15:21.524 | INFO     | __main__:<module>:202 - Cumulative pnl: 0
2025-04-29 23:15:22.373 | INFO     | __main__:<module>:70 - [SPREAD] Spot: 0.1513, Futures: 0.1525, Spread: -0.0012, Z: 0.38, TC: 0, PF: 2.6666666666665074e-05
2025-04-29 23:15:22.574 | INFO     | __main__:<module>:202 - Cumulative pnl: 0
2025-04-29 23:15:23.813 | INFO     | __main__:<module>:70 - [SPREAD] Spot: 0.1513, Futures: 0.1525, Spread: -0.0012, Z: 0.37, TC: 0, PF: 2.4166666666665176e-05
2025-04-29 23:15:24.019 | INFO     | __main__:<module>:202 - Cumulative pnl: 0
2025-04-29 23:15:25.027 | INFO     | __main__:<module>:70 - [SPREAD] Spot: 0.1513, Futures: 0.1525, Spread: -0.0012, Z: 0.36, TC: 0, PF: 2.1666666666665278e-05
2025-04-29 23:15:25.230 | INFO     | __main__:<module>:202 - Cumulative pnl: 0
2025-04-29 23:15:26.912 | INFO     | __main__:<module>:70 - [SPREAD] Spot: 0.1513, Futures: 0.1525, Spread: -0.0012, Z: 0.35, TC: 0, PF: 1.9166666666665163e-05
2025-04-29 23:15:27.113 | INFO     | __main__:<module>:202 - Cumulative pnl: 0
2025-04-29 23:15:28.423 | INFO     | __main__:<module>:70 - [SPREAD] Spot: 0.1513, Futures: 0.1525, Spread: -0.0012, Z: 0.34, TC: 0, PF: 1.6666666666665265e-05
2025-04-29 23:15:28.628 | INFO     | __main__:<module>:202 - Cumulative pnl: 0
2025-04-29 23:15:29.873 | INFO     | __main__:<module>:70 - [SPREAD] Spot: 0.1513, Futures: 0.1525, Spread: -0.0012, Z: 0.34, TC: 0, PF: 1.4166666666665367e-05
2025-04-29 23:15:30.078 | INFO     | __main__:<module>:202 - Cumulative pnl: 0
2025-04-29 23:15:31.768 | INFO     | __main__:<module>:70 - [SPREAD] Spot: 0.1513, Futures: 0.1525, Spread: -0.0012, Z: 0.36, TC: 0, PF: 1.1666666666665469e-05
2025-04-29 23:15:31.971 | INFO     | __main__:<module>:202 - Cumulative pnl: 0
2025-04-29 23:15:33.224 | INFO     | __main__:<module>:70 - [SPREAD] Spot: 0.1513, Futures: 0.1525, Spread: -0.0012, Z: 0.35, TC: 0, PF: 1.0833333333332097e-05
2025-04-29 23:15:33.428 | INFO     | __main__:<module>:202 - Cumulative pnl: 0
2025-04-29 23:15:34.301 | INFO     | __main__:<module>:70 - [SPREAD] Spot: 0.1513, Futures: 0.1525, Spread: -0.0012, Z: 0.33, TC: 0, PF: 9.999999999998942e-06
2025-04-29 23:15:34.503 | INFO     | __main__:<module>:202 - Cumulative pnl: 0
2025-04-29 23:15:35.294 | INFO     | __main__:<module>:70 - [SPREAD] Spot: 0.1513, Futures: 0.1525, Spread: -0.0012, Z: 0.32, TC: 0, PF: 9.16666666666557e-06
2025-04-29 23:15:35.499 | INFO     | __main__:<module>:202 - Cumulative pnl: 0
2025-04-29 23:15:36.726 | INFO     | __main__:<module>:70 - [SPREAD] Spot: 0.1513, Futures: 0.1525, Spread: -0.0012, Z: 0.30, TC: 0, PF: 8.333333333332416e-06
2025-04-29 23:15:36.931 | INFO     | __main__:<module>:202 - Cumulative pnl: 0
2025-04-29 23:15:38.025 | INFO     | __main__:<module>:70 - [SPREAD] Spot: 0.1513, Futures: 0.1525, Spread: -0.0012, Z: 0.28, TC: 0, PF: 7.499999999999261e-06
2025-04-29 23:15:38.230 | INFO     | __main__:<module>:202 - Cumulative pnl: 0
2025-04-29 23:15:39.024 | INFO     | __main__:<module>:70 - [SPREAD] Spot: 0.1513, Futures: 0.1525, Spread: -0.0012, Z: 0.27, TC: 0, PF: 6.666666666665889e-06
2025-04-29 23:15:39.229 | INFO     | __main__:<module>:202 - Cumulative pnl: 0
2025-04-29 23:15:40.243 | INFO     | __main__:<module>:70 - [SPREAD] Spot: 0.1513, Futures: 0.1525, Spread: -0.0012, Z: 0.25, TC: 0, PF: 5.833333333332734e-06
2025-04-29 23:15:40.450 | INFO     | __main__:<module>:202 - Cumulative pnl: 0
2025-04-29 23:15:41.228 | INFO     | __main__:<module>:70 - [SPREAD] Spot: 0.1513, Futures: 0.1525, Spread: -0.0012, Z: 0.23, TC: 0, PF: 4.999999999999363e-06
2025-04-29 23:15:41.432 | INFO     | __main__:<module>:202 - Cumulative pnl: 0
2025-04-29 23:15:42.214 | INFO     | __main__:<module>:70 - [SPREAD] Spot: 0.1513, Futures: 0.1525, Spread: -0.0012, Z: 0.21, TC: 0, PF: 4.166666666666208e-06
2025-04-29 23:15:42.419 | INFO     | __main__:<module>:202 - Cumulative pnl: 0
2025-04-29 23:15:44.089 | INFO     | __main__:<module>:70 - [SPREAD] Spot: 0.1513, Futures: 0.1525, Spread: -0.0012, Z: 0.19, TC: 0, PF: 3.333333333333053e-06
2025-04-29 23:15:44.294 | INFO     | __main__:<module>:202 - Cumulative pnl: 0
2025-04-29 23:15:45.078 | INFO     | __main__:<module>:70 - [SPREAD] Spot: 0.1513, Futures: 0.1525, Spread: -0.0012, Z: 0.16, TC: 0, PF: 2.4999999999996813e-06
2025-04-29 23:15:45.279 | INFO     | __main__:<module>:202 - Cumulative pnl: 0
2025-04-29 23:15:46.057 | INFO     | __main__:<module>:70 - [SPREAD] Spot: 0.1513, Futures: 0.1525, Spread: -0.0012, Z: 0.13, TC: 0, PF: 1.6666666666665265e-06
2025-04-29 23:15:46.258 | INFO     | __main__:<module>:202 - Cumulative pnl: 0
2025-04-29 23:15:47.043 | INFO     | __main__:<module>:70 - [SPREAD] Spot: 0.1513, Futures: 0.1525, Spread: -0.0012, Z: 0.09, TC: 0, PF: 8.333333333331548e-07
2025-04-29 23:15:47.249 | INFO     | __main__:<module>:202 - Cumulative pnl: 0
2025-04-29 23:15:48.205 | INFO     | __main__:<module>:64 - Building history (120/120)...
2025-04-29 23:15:49.353 | INFO     | __main__:<module>:64 - Building history (120/120)...
2025-04-29 23:15:50.199 | INFO     | __main__:<module>:64 - Building history (120/120)...
2025-04-29 23:15:51.017 | INFO     | __main__:<module>:64 - Building history (120/120)...
2025-04-29 23:15:51.729 | INFO     | __main__:<module>:64 - Building history (120/120)...
2025-04-29 23:15:52.510 | INFO     | __main__:<module>:64 - Building history (120/120)...
2025-04-29 23:15:53.219 | INFO     | __main__:<module>:64 - Building history (120/120)...
2025-04-29 23:15:53.995 | INFO     | __main__:<module>:64 - Building history (120/120)...
2025-04-29 23:15:54.809 | INFO     | __main__:<module>:64 - Building history (120/120)...
2025-04-29 23:15:55.510 | INFO     | __main__:<module>:64 - Building history (120/120)...
2025-04-29 23:15:56.305 | INFO     | __main__:<module>:64 - Building history (120/120)...
2025-04-29 23:15:57.010 | INFO     | __main__:<module>:64 - Building history (120/120)...
2025-04-29 23:15:57.796 | INFO     | __main__:<module>:64 - Building history (120/120)...
2025-04-29 23:15:58.646 | INFO     | __main__:<module>:64 - Building history (120/120)...
2025-04-29 23:15:59.645 | INFO     | __main__:<module>:64 - Building history (120/120)...
2025-04-29 23:16:00.887 | INFO     | __main__:<module>:64 - Building history (120/120)...
2025-04-29 23:16:01.798 | INFO     | __main__:<module>:64 - Building history (120/120)...
2025-04-29 23:16:02.800 | INFO     | __main__:<module>:64 - Building history (120/120)...
2025-04-29 23:16:03.677 | INFO     | __main__:<module>:64 - Building history (120/120)...
2025-04-29 23:16:04.388 | INFO     | __main__:<module>:64 - Building history (120/120)...
2025-04-29 23:16:05.661 | INFO     | __main__:<module>:64 - Building history (120/120)...
2025-04-29 23:16:07.096 | INFO     | __main__:<module>:64 - Building history (120/120)...
2025-04-29 23:16:07.804 | INFO     | __main__:<module>:64 - Building history (120/120)...
2025-04-29 23:16:08.525 | INFO     | __main__:<module>:64 - Building history (120/120)...
2025-04-29 23:16:09.451 | INFO     | __main__:<module>:64 - Building history (120/120)...
2025-04-29 23:16:10.217 | INFO     | __main__:<module>:64 - Building history (120/120)...
2025-04-29 23:16:10.983 | INFO     | __main__:<module>:64 - Building history (120/120)...
2025-04-29 23:16:11.810 | INFO     | __main__:<module>:64 - Building history (120/120)...
2025-04-29 23:16:13.038 | INFO     | __main__:<module>:64 - Building history (120/120)...
2025-04-29 23:16:13.753 | INFO     | __main__:<module>:64 - Building history (120/120)...
2025-04-29 23:16:15.083 | INFO     | __main__:<module>:64 - Building history (120/120)...
2025-04-29 23:16:16.319 | INFO     | __main__:<module>:64 - Building history (120/120)...
2025-04-29 23:16:17.025 | INFO     | __main__:<module>:64 - Building history (120/120)...
2025-04-29 23:16:18.049 | INFO     | __main__:<module>:64 - Building history (120/120)...
2025-04-29 23:16:18.869 | INFO     | __main__:<module>:64 - Building history (120/120)...
2025-04-29 23:16:19.570 | INFO     | __main__:<module>:64 - Building history (120/120)...
2025-04-29 23:16:20.274 | INFO     | __main__:<module>:64 - Building history (120/120)...
2025-04-29 23:16:21.284 | INFO     | __main__:<module>:64 - Building history (120/120)...
2025-04-29 23:16:22.459 | INFO     | __main__:<module>:64 - Building history (120/120)...
2025-04-29 23:16:23.275 | INFO     | __main__:<module>:64 - Building history (120/120)...
2025-04-29 23:16:24.621 | INFO     | __main__:<module>:70 - [SPREAD] Spot: 0.1511, Futures: 0.1525, Spread: -0.0014, Z: -10.91, TC: 0, PF: 0.00019833333333331145
2025-04-29 23:16:40.300 | SUCCESS  | margin_trader:safe_spot_order:63 - [SPOT ORDER SUCCESS] BUY 662.0 ONTUSDT
2025-04-29 23:16:40.305 | INFO     | margin_trader:spot_buy:42 - [SPOT] Bought 662.0 ONTUSDT.
2025-04-29 23:16:40.605 | INFO     | futures_trader:futures_open_short:50 - [FUTURES] Opened SHORT 662.0 ONTUSDT.
2025-04-29 23:16:40.608 | SUCCESS  | __main__:<module>:120 - [TRADE] Opened LONG spread. Exp Profit 0.00019833333333331145, Exp Cost 0
2025-04-29 23:16:40.821 | INFO     | __main__:<module>:202 - Cumulative pnl: 0
2025-04-29 23:16:42.118 | INFO     | __main__:<module>:70 - [SPREAD] Spot: 0.1511, Futures: 0.1525, Spread: -0.0014, Z: -7.68, TC: 0, PF: 0.00019666666666664492
2025-04-29 23:16:42.623 | INFO     | __main__:<module>:202 - Cumulative pnl: 0
2025-04-29 23:16:44.254 | INFO     | __main__:<module>:70 - [SPREAD] Spot: 0.1511, Futures: 0.1525, Spread: -0.0014, Z: -6.24, TC: 0, PF: 0.0001949999999999786
2025-04-29 23:16:44.769 | INFO     | __main__:<module>:202 - Cumulative pnl: 0
2025-04-29 23:16:45.897 | INFO     | __main__:<module>:70 - [SPREAD] Spot: 0.1511, Futures: 0.1525, Spread: -0.0014, Z: -5.39, TC: 0, PF: 0.00019333333333331208
2025-04-29 23:16:46.446 | INFO     | __main__:<module>:202 - Cumulative pnl: 0
2025-04-29 23:16:47.520 | INFO     | __main__:<module>:70 - [SPREAD] Spot: 0.1511, Futures: 0.1525, Spread: -0.0014, Z: -4.80, TC: 0, PF: 0.00019166666666664556
2025-04-29 23:16:48.476 | INFO     | __main__:<module>:202 - Cumulative pnl: 0
2025-04-29 23:16:49.658 | INFO     | __main__:<module>:70 - [SPREAD] Spot: 0.1511, Futures: 0.1525, Spread: -0.0014, Z: -4.36, TC: 0, PF: 0.00018999999999997903
2025-04-29 23:16:50.162 | INFO     | __main__:<module>:202 - Cumulative pnl: 0
2025-04-29 23:16:51.220 | INFO     | __main__:<module>:70 - [SPREAD] Spot: 0.1511, Futures: 0.1525, Spread: -0.0014, Z: -4.02, TC: 0, PF: 0.0001883333333333125
2025-04-29 23:16:51.771 | INFO     | __main__:<module>:202 - Cumulative pnl: 0
2025-04-29 23:16:52.848 | INFO     | __main__:<module>:70 - [SPREAD] Spot: 0.1511, Futures: 0.1525, Spread: -0.0014, Z: -3.74, TC: 0, PF: 0.0001866666666666462
2025-04-29 23:16:53.347 | INFO     | __main__:<module>:202 - Cumulative pnl: 0
2025-04-29 23:16:54.600 | INFO     | __main__:<module>:70 - [SPREAD] Spot: 0.1511, Futures: 0.1525, Spread: -0.0014, Z: -3.51, TC: 0, PF: 0.00018499999999997967
2025-04-29 23:16:55.099 | INFO     | __main__:<module>:202 - Cumulative pnl: 0
2025-04-29 23:16:56.264 | INFO     | __main__:<module>:70 - [SPREAD] Spot: 0.1511, Futures: 0.1525, Spread: -0.0014, Z: -3.32, TC: 0, PF: 0.00018333333333331314
2025-04-29 23:16:56.759 | INFO     | __main__:<module>:202 - Cumulative pnl: 0
2025-04-29 23:16:58.287 | INFO     | __main__:<module>:70 - [SPREAD] Spot: 0.1511, Futures: 0.1525, Spread: -0.0014, Z: -3.15, TC: 0, PF: 0.00018166666666664662
2025-04-29 23:16:58.787 | INFO     | __main__:<module>:202 - Cumulative pnl: 0
2025-04-29 23:16:59.923 | INFO     | __main__:<module>:70 - [SPREAD] Spot: 0.1511, Futures: 0.1525, Spread: -0.0014, Z: -3.00, TC: 0, PF: 0.0001799999999999801
2025-04-29 23:17:00.986 | INFO     | __main__:<module>:202 - Cumulative pnl: 0
2025-04-29 23:17:02.065 | INFO     | __main__:<module>:70 - [SPREAD] Spot: 0.1511, Futures: 0.1525, Spread: -0.0014, Z: -2.87, TC: 0, PF: 0.00017833333333331378
2025-04-29 23:17:02.567 | INFO     | __main__:<module>:202 - Cumulative pnl: 0
2025-04-29 23:17:03.627 | INFO     | __main__:<module>:70 - [SPREAD] Spot: 0.1511, Futures: 0.1525, Spread: -0.0014, Z: -2.75, TC: 0, PF: 0.00017666666666664725
2025-04-29 23:17:04.595 | INFO     | __main__:<module>:202 - Cumulative pnl: 0
2025-04-29 23:17:06.016 | INFO     | __main__:<module>:70 - [SPREAD] Spot: 0.1511, Futures: 0.1525, Spread: -0.0014, Z: -2.65, TC: 0, PF: 0.00017499999999998073
2025-04-29 23:17:06.509 | INFO     | __main__:<module>:202 - Cumulative pnl: 0
2025-04-29 23:17:08.130 | INFO     | __main__:<module>:70 - [SPREAD] Spot: 0.1511, Futures: 0.1525, Spread: -0.0014, Z: -2.55, TC: 0, PF: 0.0001733333333333142
2025-04-29 23:17:09.180 | INFO     | __main__:<module>:202 - Cumulative pnl: 0
2025-04-29 23:17:10.468 | INFO     | __main__:<module>:70 - [SPREAD] Spot: 0.1511, Futures: 0.1525, Spread: -0.0014, Z: -2.46, TC: 0, PF: 0.00017166666666664767
2025-04-29 23:17:10.950 | INFO     | __main__:<module>:202 - Cumulative pnl: 0
2025-04-29 23:17:12.049 | INFO     | __main__:<module>:70 - [SPREAD] Spot: 0.1511, Futures: 0.1525, Spread: -0.0014, Z: -2.38, TC: 0, PF: 0.00016999999999998136
2025-04-29 23:17:12.656 | INFO     | __main__:<module>:202 - Cumulative pnl: 0
2025-04-29 23:17:14.242 | INFO     | __main__:<module>:70 - [SPREAD] Spot: 0.1511, Futures: 0.1525, Spread: -0.0014, Z: -2.31, TC: 0, PF: 0.00016833333333331484
2025-04-29 23:17:14.723 | INFO     | __main__:<module>:202 - Cumulative pnl: 0
2025-04-29 23:17:15.962 | INFO     | __main__:<module>:70 - [SPREAD] Spot: 0.1511, Futures: 0.1525, Spread: -0.0014, Z: -2.24, TC: 0, PF: 0.0001666666666666483
2025-04-29 23:17:16.456 | INFO     | __main__:<module>:202 - Cumulative pnl: 0
2025-04-29 23:17:17.933 | INFO     | __main__:<module>:70 - [SPREAD] Spot: 0.1511, Futures: 0.1525, Spread: -0.0014, Z: -2.17, TC: 0, PF: 0.00016499999999998178
2025-04-29 23:17:18.501 | INFO     | __main__:<module>:202 - Cumulative pnl: 0
2025-04-29 23:17:19.969 | INFO     | __main__:<module>:70 - [SPREAD] Spot: 0.1511, Futures: 0.1525, Spread: -0.0014, Z: -2.11, TC: 0, PF: 0.00016333333333331526
2025-04-29 23:17:20.943 | INFO     | __main__:<module>:202 - Cumulative pnl: 0
2025-04-29 23:17:21.919 | INFO     | __main__:<module>:70 - [SPREAD] Spot: 0.1511, Futures: 0.1525, Spread: -0.0014, Z: -2.05, TC: 0, PF: 0.00016166666666664895
2025-04-29 23:17:22.488 | INFO     | __main__:<module>:202 - Cumulative pnl: 0
2025-04-29 23:17:23.474 | INFO     | __main__:<module>:70 - [SPREAD] Spot: 0.1511, Futures: 0.1525, Spread: -0.0014, Z: -2.00, TC: 0, PF: 0.00015999999999998242
2025-04-29 23:17:24.012 | INFO     | __main__:<module>:202 - Cumulative pnl: 0
2025-04-29 23:17:25.229 | INFO     | __main__:<module>:70 - [SPREAD] Spot: 0.1511, Futures: 0.1525, Spread: -0.0014, Z: -1.95, TC: 0, PF: 0.0001583333333333159
2025-04-29 23:17:25.784 | INFO     | __main__:<module>:202 - Cumulative pnl: 0
2025-04-29 23:17:26.846 | INFO     | __main__:<module>:70 - [SPREAD] Spot: 0.1511, Futures: 0.1525, Spread: -0.0014, Z: -1.90, TC: 0, PF: 0.00015666666666664937
2025-04-29 23:17:27.331 | INFO     | __main__:<module>:202 - Cumulative pnl: 0
2025-04-29 23:17:28.511 | INFO     | __main__:<module>:70 - [SPREAD] Spot: 0.1511, Futures: 0.1525, Spread: -0.0014, Z: -1.86, TC: 0, PF: 0.00015499999999998284
2025-04-29 23:17:28.997 | INFO     | __main__:<module>:202 - Cumulative pnl: 0
2025-04-29 23:17:30.132 | INFO     | __main__:<module>:70 - [SPREAD] Spot: 0.1511, Futures: 0.1525, Spread: -0.0014, Z: -1.81, TC: 0, PF: 0.00015333333333331653
2025-04-29 23:17:30.694 | INFO     | __main__:<module>:202 - Cumulative pnl: 0
2025-04-29 23:17:31.775 | INFO     | __main__:<module>:70 - [SPREAD] Spot: 0.1511, Futures: 0.1525, Spread: -0.0014, Z: -1.77, TC: 0, PF: 0.00015166666666665
2025-04-29 23:17:32.422 | INFO     | __main__:<module>:202 - Cumulative pnl: 0
2025-04-29 23:17:33.356 | INFO     | __main__:<module>:70 - [SPREAD] Spot: 0.1511, Futures: 0.1525, Spread: -0.0014, Z: -1.73, TC: 0, PF: 0.00014999999999998348
2025-04-29 23:17:34.287 | INFO     | __main__:<module>:202 - Cumulative pnl: 0
2025-04-29 23:17:35.458 | INFO     | __main__:<module>:70 - [SPREAD] Spot: 0.1511, Futures: 0.1525, Spread: -0.0014, Z: -1.69, TC: 0, PF: 0.00014833333333331695
2025-04-29 23:17:35.950 | INFO     | __main__:<module>:202 - Cumulative pnl: 0
2025-04-29 23:17:37.105 | INFO     | __main__:<module>:70 - [SPREAD] Spot: 0.1511, Futures: 0.1525, Spread: -0.0014, Z: -1.66, TC: 0, PF: 0.00014666666666665043
2025-04-29 23:17:37.607 | INFO     | __main__:<module>:202 - Cumulative pnl: 0
2025-04-29 23:17:38.734 | INFO     | __main__:<module>:70 - [SPREAD] Spot: 0.1511, Futures: 0.1525, Spread: -0.0014, Z: -1.62, TC: 0, PF: 0.00014499999999998412
2025-04-29 23:17:39.228 | INFO     | __main__:<module>:202 - Cumulative pnl: 0
2025-04-29 23:17:40.777 | INFO     | __main__:<module>:70 - [SPREAD] Spot: 0.1511, Futures: 0.1525, Spread: -0.0014, Z: -1.59, TC: 0, PF: 0.0001433333333333176
2025-04-29 23:17:41.278 | INFO     | __main__:<module>:202 - Cumulative pnl: 0
2025-04-29 23:17:42.421 | INFO     | __main__:<module>:70 - [SPREAD] Spot: 0.1511, Futures: 0.1525, Spread: -0.0014, Z: -1.56, TC: 0, PF: 0.00014166666666665106
2025-04-29 23:17:42.966 | INFO     | __main__:<module>:202 - Cumulative pnl: 0
2025-04-29 23:17:44.264 | INFO     | __main__:<module>:70 - [SPREAD] Spot: 0.1511, Futures: 0.1525, Spread: -0.0014, Z: -1.53, TC: 0, PF: 0.00013999999999998454
2025-04-29 23:17:44.766 | INFO     | __main__:<module>:202 - Cumulative pnl: 0
2025-04-29 23:17:46.416 | INFO     | __main__:<module>:70 - [SPREAD] Spot: 0.1511, Futures: 0.1525, Spread: -0.0014, Z: -1.50, TC: 0, PF: 0.000138333333333318
2025-04-29 23:17:47.367 | INFO     | __main__:<module>:202 - Cumulative pnl: 0
2025-04-29 23:17:49.740 | INFO     | __main__:<module>:70 - [SPREAD] Spot: 0.1511, Futures: 0.1525, Spread: -0.0014, Z: -1.47, TC: 0, PF: 0.0001366666666666517
2025-04-29 23:17:50.241 | INFO     | __main__:<module>:202 - Cumulative pnl: 0
2025-04-29 23:17:51.515 | INFO     | __main__:<module>:70 - [SPREAD] Spot: 0.1511, Futures: 0.1525, Spread: -0.0014, Z: -1.44, TC: 0, PF: 0.00013499999999998518
2025-04-29 23:17:52.453 | INFO     | __main__:<module>:202 - Cumulative pnl: 0
2025-04-29 23:17:53.586 | INFO     | __main__:<module>:70 - [SPREAD] Spot: 0.1511, Futures: 0.1525, Spread: -0.0014, Z: -1.41, TC: 0, PF: 0.00013333333333331865
2025-04-29 23:17:54.108 | INFO     | __main__:<module>:202 - Cumulative pnl: 0
2025-04-29 23:17:55.199 | INFO     | __main__:<module>:70 - [SPREAD] Spot: 0.1511, Futures: 0.1525, Spread: -0.0014, Z: -1.39, TC: 0, PF: 0.00013166666666665212
2025-04-29 23:17:55.683 | INFO     | __main__:<module>:202 - Cumulative pnl: 0
2025-04-29 23:17:57.043 | INFO     | __main__:<module>:70 - [SPREAD] Spot: 0.1511, Futures: 0.1525, Spread: -0.0014, Z: -1.36, TC: 0, PF: 0.0001299999999999856
2025-04-29 23:17:57.602 | INFO     | __main__:<module>:202 - Cumulative pnl: 0
2025-04-29 23:17:59.235 | INFO     | __main__:<module>:70 - [SPREAD] Spot: 0.1511, Futures: 0.1525, Spread: -0.0014, Z: -1.34, TC: 0, PF: 0.00012833333333331929
2025-04-29 23:17:59.774 | INFO     | __main__:<module>:202 - Cumulative pnl: 0
2025-04-29 23:18:01.282 | INFO     | __main__:<module>:70 - [SPREAD] Spot: 0.1511, Futures: 0.1525, Spread: -0.0014, Z: -1.31, TC: 0, PF: 0.00012666666666665276
2025-04-29 23:18:01.790 | INFO     | __main__:<module>:202 - Cumulative pnl: 0
2025-04-29 23:18:02.796 | INFO     | __main__:<module>:70 - [SPREAD] Spot: 0.1511, Futures: 0.1525, Spread: -0.0014, Z: -1.29, TC: 0, PF: 0.00012499999999998623
2025-04-29 23:18:03.295 | INFO     | __main__:<module>:202 - Cumulative pnl: 0
2025-04-29 23:18:04.447 | INFO     | __main__:<module>:70 - [SPREAD] Spot: 0.1511, Futures: 0.1525, Spread: -0.0014, Z: -1.27, TC: 0, PF: 0.0001233333333333197
2025-04-29 23:18:04.952 | INFO     | __main__:<module>:202 - Cumulative pnl: 0
2025-04-29 23:18:06.787 | INFO     | __main__:<module>:70 - [SPREAD] Spot: 0.1511, Futures: 0.1525, Spread: -0.0014, Z: -1.25, TC: 0, PF: 0.00012166666666665318
2025-04-29 23:18:07.447 | INFO     | __main__:<module>:202 - Cumulative pnl: 0
2025-04-29 23:18:08.433 | INFO     | __main__:<module>:70 - [SPREAD] Spot: 0.1511, Futures: 0.1525, Spread: -0.0014, Z: -1.22, TC: 0, PF: 0.00011999999999998687
2025-04-29 23:18:09.017 | INFO     | __main__:<module>:202 - Cumulative pnl: 0
2025-04-29 23:18:10.206 | INFO     | __main__:<module>:70 - [SPREAD] Spot: 0.1511, Futures: 0.1525, Spread: -0.0014, Z: -1.20, TC: 0, PF: 0.00011833333333332034
2025-04-29 23:18:11.161 | INFO     | __main__:<module>:202 - Cumulative pnl: 0
2025-04-29 23:18:12.325 | INFO     | __main__:<module>:70 - [SPREAD] Spot: 0.1511, Futures: 0.1525, Spread: -0.0014, Z: -1.18, TC: 0, PF: 0.00011666666666665382
2025-04-29 23:18:12.820 | INFO     | __main__:<module>:202 - Cumulative pnl: 0
2025-04-29 23:18:14.074 | INFO     | __main__:<module>:70 - [SPREAD] Spot: 0.1511, Futures: 0.1525, Spread: -0.0014, Z: -1.16, TC: 0, PF: 0.00011499999999998729
2025-04-29 23:18:14.578 | INFO     | __main__:<module>:202 - Cumulative pnl: 0
2025-04-29 23:18:16.563 | INFO     | __main__:<module>:70 - [SPREAD] Spot: 0.1511, Futures: 0.1525, Spread: -0.0014, Z: -1.14, TC: 0, PF: 0.00011333333333332076
2025-04-29 23:18:17.176 | INFO     | __main__:<module>:202 - Cumulative pnl: 0
2025-04-29 23:18:18.364 | INFO     | __main__:<module>:70 - [SPREAD] Spot: 0.1511, Futures: 0.1525, Spread: -0.0014, Z: -1.12, TC: 0, PF: 0.00011166666666665446
2025-04-29 23:18:18.913 | INFO     | __main__:<module>:202 - Cumulative pnl: 0
2025-04-29 23:18:20.106 | INFO     | __main__:<module>:70 - [SPREAD] Spot: 0.1511, Futures: 0.1525, Spread: -0.0014, Z: -1.11, TC: 0, PF: 0.00010999999999998793
2025-04-29 23:18:21.169 | INFO     | __main__:<module>:202 - Cumulative pnl: 0
2025-04-29 23:18:23.121 | INFO     | __main__:<module>:70 - [SPREAD] Spot: 0.1511, Futures: 0.1525, Spread: -0.0014, Z: -1.09, TC: 0, PF: 0.0001083333333333214
2025-04-29 23:18:23.726 | INFO     | __main__:<module>:202 - Cumulative pnl: 0
2025-04-29 23:18:25.226 | INFO     | __main__:<module>:70 - [SPREAD] Spot: 0.1511, Futures: 0.1525, Spread: -0.0014, Z: -1.07, TC: 0, PF: 0.00010666666666665488
2025-04-29 23:18:25.748 | INFO     | __main__:<module>:202 - Cumulative pnl: 0
2025-04-29 23:18:26.951 | INFO     | __main__:<module>:70 - [SPREAD] Spot: 0.1511, Futures: 0.1525, Spread: -0.0014, Z: -1.05, TC: 0, PF: 0.00010499999999998835
2025-04-29 23:18:27.455 | INFO     | __main__:<module>:202 - Cumulative pnl: 0
2025-04-29 23:18:28.448 | INFO     | __main__:<module>:70 - [SPREAD] Spot: 0.1511, Futures: 0.1525, Spread: -0.0014, Z: -1.03, TC: 0, PF: 0.00010333333333332204
2025-04-29 23:18:28.948 | INFO     | __main__:<module>:202 - Cumulative pnl: 0
2025-04-29 23:18:29.955 | INFO     | __main__:<module>:70 - [SPREAD] Spot: 0.1511, Futures: 0.1525, Spread: -0.0014, Z: -1.02, TC: 0, PF: 0.00010166666666665551
2025-04-29 23:18:30.493 | INFO     | __main__:<module>:202 - Cumulative pnl: 0
2025-04-29 23:18:31.574 | INFO     | __main__:<module>:70 - [SPREAD] Spot: 0.1511, Futures: 0.1525, Spread: -0.0014, Z: -1.00, TC: 0, PF: 9.999999999998899e-05
2025-04-29 23:18:32.074 | INFO     | __main__:<module>:202 - Cumulative pnl: 0
2025-04-29 23:18:33.182 | INFO     | __main__:<module>:70 - [SPREAD] Spot: 0.1511, Futures: 0.1525, Spread: -0.0014, Z: -0.98, TC: 0, PF: 9.833333333332246e-05
2025-04-29 23:18:34.135 | INFO     | __main__:<module>:202 - Cumulative pnl: 0
2025-04-29 23:18:35.674 | INFO     | __main__:<module>:70 - [SPREAD] Spot: 0.1511, Futures: 0.1525, Spread: -0.0014, Z: -0.97, TC: 0, PF: 9.666666666665593e-05
2025-04-29 23:18:36.231 | INFO     | __main__:<module>:202 - Cumulative pnl: 0
2025-04-29 23:18:37.595 | INFO     | __main__:<module>:70 - [SPREAD] Spot: 0.1511, Futures: 0.1525, Spread: -0.0014, Z: -0.95, TC: 0, PF: 9.499999999998962e-05
2025-04-29 23:18:38.198 | INFO     | __main__:<module>:202 - Cumulative pnl: 0
2025-04-29 23:18:39.393 | INFO     | __main__:<module>:70 - [SPREAD] Spot: 0.1511, Futures: 0.1525, Spread: -0.0014, Z: -0.94, TC: 0, PF: 9.33333333333231e-05
2025-04-29 23:18:40.009 | INFO     | __main__:<module>:202 - Cumulative pnl: 0
2025-04-29 23:18:41.099 | INFO     | __main__:<module>:70 - [SPREAD] Spot: 0.1511, Futures: 0.1525, Spread: -0.0014, Z: -0.92, TC: 0, PF: 9.166666666665657e-05
2025-04-29 23:18:41.647 | INFO     | __main__:<module>:202 - Cumulative pnl: 0
2025-04-29 23:18:42.645 | INFO     | __main__:<module>:70 - [SPREAD] Spot: 0.1511, Futures: 0.1525, Spread: -0.0014, Z: -0.90, TC: 0, PF: 8.999999999999004e-05
2025-04-29 23:18:43.144 | INFO     | __main__:<module>:202 - Cumulative pnl: 0
2025-04-29 23:18:44.222 | INFO     | __main__:<module>:70 - [SPREAD] Spot: 0.1511, Futures: 0.1525, Spread: -0.0014, Z: -0.89, TC: 0, PF: 8.833333333332352e-05
2025-04-29 23:18:45.231 | INFO     | __main__:<module>:202 - Cumulative pnl: 0
2025-04-29 23:18:46.557 | INFO     | __main__:<module>:70 - [SPREAD] Spot: 0.1511, Futures: 0.1525, Spread: -0.0014, Z: -0.87, TC: 0, PF: 8.666666666665721e-05
2025-04-29 23:18:47.512 | INFO     | __main__:<module>:202 - Cumulative pnl: 0
2025-04-29 23:18:49.084 | INFO     | __main__:<module>:70 - [SPREAD] Spot: 0.1509, Futures: 0.1525, Spread: -0.0016, Z: -2.78, TC: 0, PF: 0.00028333333333332967
2025-04-29 23:18:49.654 | INFO     | __main__:<module>:202 - Cumulative pnl: 0
2025-04-29 23:18:51.336 | INFO     | __main__:<module>:70 - [SPREAD] Spot: 0.1509, Futures: 0.1525, Spread: -0.0016, Z: -2.68, TC: 0, PF: 0.0002799999999999964
2025-04-29 23:18:51.887 | INFO     | __main__:<module>:202 - Cumulative pnl: 0
2025-04-29 23:18:52.964 | INFO     | __main__:<module>:70 - [SPREAD] Spot: 0.1509, Futures: 0.1525, Spread: -0.0016, Z: -2.58, TC: 0, PF: 0.00027666666666666334
2025-04-29 23:18:53.524 | INFO     | __main__:<module>:202 - Cumulative pnl: 0
2025-04-29 23:18:54.818 | INFO     | __main__:<module>:70 - [SPREAD] Spot: 0.1509, Futures: 0.1525, Spread: -0.0016, Z: -2.50, TC: 0, PF: 0.0002733333333333301
2025-04-29 23:18:55.476 | INFO     | __main__:<module>:202 - Cumulative pnl: 0
2025-04-29 23:18:56.481 | INFO     | __main__:<module>:70 - [SPREAD] Spot: 0.1509, Futures: 0.1525, Spread: -0.0016, Z: -2.42, TC: 0, PF: 0.0002699999999999968
2025-04-29 23:18:57.006 | INFO     | __main__:<module>:202 - Cumulative pnl: 0
2025-04-29 23:18:58.069 | INFO     | __main__:<module>:70 - [SPREAD] Spot: 0.1509, Futures: 0.1525, Spread: -0.0016, Z: -2.35, TC: 0, PF: 0.00026666666666666375
2025-04-29 23:18:58.649 | INFO     | __main__:<module>:202 - Cumulative pnl: 0
2025-04-29 23:19:00.258 | INFO     | __main__:<module>:70 - [SPREAD] Spot: 0.1509, Futures: 0.1525, Spread: -0.0016, Z: -2.28, TC: 0, PF: 0.0002633333333333305
2025-04-29 23:19:00.767 | INFO     | __main__:<module>:202 - Cumulative pnl: 0
2025-04-29 23:19:02.186 | INFO     | __main__:<module>:70 - [SPREAD] Spot: 0.1509, Futures: 0.1525, Spread: -0.0016, Z: -2.22, TC: 0, PF: 0.0002599999999999972
2025-04-29 23:19:03.147 | INFO     | __main__:<module>:202 - Cumulative pnl: 0
2025-04-29 23:19:04.342 | INFO     | __main__:<module>:70 - [SPREAD] Spot: 0.1509, Futures: 0.1525, Spread: -0.0016, Z: -2.16, TC: 0, PF: 0.00025666666666666416
2025-04-29 23:19:04.911 | INFO     | __main__:<module>:202 - Cumulative pnl: 0
2025-04-29 23:19:06.185 | INFO     | __main__:<module>:70 - [SPREAD] Spot: 0.1509, Futures: 0.1525, Spread: -0.0016, Z: -2.10, TC: 0, PF: 0.0002533333333333309
2025-04-29 23:19:06.763 | INFO     | __main__:<module>:202 - Cumulative pnl: 0
2025-04-29 23:19:07.769 | INFO     | __main__:<module>:70 - [SPREAD] Spot: 0.1509, Futures: 0.1525, Spread: -0.0016, Z: -2.05, TC: 0, PF: 0.0002499999999999976
2025-04-29 23:19:08.784 | INFO     | __main__:<module>:202 - Cumulative pnl: 0
2025-04-29 23:19:10.075 | INFO     | __main__:<module>:70 - [SPREAD] Spot: 0.1509, Futures: 0.1525, Spread: -0.0016, Z: -2.00, TC: 0, PF: 0.00024666666666666457
2025-04-29 23:19:10.575 | INFO     | __main__:<module>:202 - Cumulative pnl: 0
2025-04-29 23:19:11.559 | INFO     | __main__:<module>:70 - [SPREAD] Spot: 0.1509, Futures: 0.1525, Spread: -0.0016, Z: -1.96, TC: 0, PF: 0.0002433333333333313
2025-04-29 23:19:12.572 | INFO     | __main__:<module>:202 - Cumulative pnl: 0
2025-04-29 23:19:13.764 | INFO     | __main__:<module>:70 - [SPREAD] Spot: 0.1509, Futures: 0.1525, Spread: -0.0016, Z: -1.91, TC: 0, PF: 0.00023999999999999803
2025-04-29 23:19:14.374 | INFO     | __main__:<module>:202 - Cumulative pnl: 0
2025-04-29 23:19:16.097 | INFO     | __main__:<module>:70 - [SPREAD] Spot: 0.1509, Futures: 0.1525, Spread: -0.0016, Z: -1.87, TC: 0, PF: 0.00023666666666666497
2025-04-29 23:19:16.653 | INFO     | __main__:<module>:202 - Cumulative pnl: 0
2025-04-29 23:19:18.140 | INFO     | __main__:<module>:70 - [SPREAD] Spot: 0.1509, Futures: 0.1525, Spread: -0.0016, Z: -1.83, TC: 0, PF: 0.0002333333333333317
2025-04-29 23:19:18.807 | INFO     | __main__:<module>:202 - Cumulative pnl: 0
2025-04-29 23:19:20.113 | INFO     | __main__:<module>:70 - [SPREAD] Spot: 0.1509, Futures: 0.1525, Spread: -0.0016, Z: -1.79, TC: 0, PF: 0.00022999999999999843
2025-04-29 23:19:21.164 | INFO     | __main__:<module>:202 - Cumulative pnl: 0
2025-04-29 23:19:22.523 | INFO     | __main__:<module>:70 - [SPREAD] Spot: 0.1509, Futures: 0.1525, Spread: -0.0016, Z: -1.76, TC: 0, PF: 0.00022666666666666538
2025-04-29 23:19:23.028 | INFO     | __main__:<module>:202 - Cumulative pnl: 0
2025-04-29 23:19:25.019 | INFO     | __main__:<module>:70 - [SPREAD] Spot: 0.1509, Futures: 0.1525, Spread: -0.0016, Z: -1.72, TC: 0, PF: 0.0002233333333333321
2025-04-29 23:19:25.677 | INFO     | __main__:<module>:202 - Cumulative pnl: 0
2025-04-29 23:19:26.667 | INFO     | __main__:<module>:70 - [SPREAD] Spot: 0.1508, Futures: 0.1525, Spread: -0.0017, Z: -2.42, TC: 0, PF: 0.0003191666666666822
2025-04-29 23:19:27.160 | INFO     | __main__:<module>:202 - Cumulative pnl: 0
2025-04-29 23:19:28.170 | INFO     | __main__:<module>:70 - [SPREAD] Spot: 0.1508, Futures: 0.1525, Spread: -0.0017, Z: -2.35, TC: 0, PF: 0.00031500000000001557
2025-04-29 23:19:29.137 | INFO     | __main__:<module>:202 - Cumulative pnl: 0
2025-04-29 23:19:30.529 | INFO     | __main__:<module>:70 - [SPREAD] Spot: 0.1508, Futures: 0.1525, Spread: -0.0017, Z: -2.29, TC: 0, PF: 0.00031083333333334893
2025-04-29 23:19:31.517 | INFO     | __main__:<module>:202 - Cumulative pnl: 0
2025-04-29 23:19:32.505 | INFO     | __main__:<module>:70 - [SPREAD] Spot: 0.1508, Futures: 0.1525, Spread: -0.0017, Z: -2.23, TC: 0, PF: 0.00030666666666668207
2025-04-29 23:19:33.073 | INFO     | __main__:<module>:202 - Cumulative pnl: 0
2025-04-29 23:19:34.268 | INFO     | __main__:<module>:70 - [SPREAD] Spot: 0.1508, Futures: 0.1525, Spread: -0.0017, Z: -2.17, TC: 0, PF: 0.00030250000000001543
2025-04-29 23:19:34.767 | INFO     | __main__:<module>:202 - Cumulative pnl: 0
2025-04-29 23:19:35.888 | INFO     | __main__:<module>:70 - [SPREAD] Spot: 0.1508, Futures: 0.1525, Spread: -0.0017, Z: -2.12, TC: 0, PF: 0.0002983333333333488
2025-04-29 23:19:36.465 | INFO     | __main__:<module>:202 - Cumulative pnl: 0
2025-04-29 23:19:38.075 | INFO     | __main__:<module>:70 - [SPREAD] Spot: 0.1508, Futures: 0.1525, Spread: -0.0017, Z: -2.07, TC: 0, PF: 0.00029416666666668215
2025-04-29 23:19:38.624 | INFO     | __main__:<module>:202 - Cumulative pnl: 0
2025-04-29 23:19:39.694 | INFO     | __main__:<module>:70 - [SPREAD] Spot: 0.1508, Futures: 0.1525, Spread: -0.0017, Z: -2.02, TC: 0, PF: 0.0002900000000000155
2025-04-29 23:19:40.322 | INFO     | __main__:<module>:202 - Cumulative pnl: 0
2025-04-29 23:19:41.340 | INFO     | __main__:<module>:70 - [SPREAD] Spot: 0.1508, Futures: 0.1525, Spread: -0.0017, Z: -1.98, TC: 0, PF: 0.00028583333333334886
2025-04-29 23:19:41.961 | INFO     | __main__:<module>:202 - Cumulative pnl: 0
2025-04-29 23:19:43.521 | INFO     | __main__:<module>:70 - [SPREAD] Spot: 0.1508, Futures: 0.1525, Spread: -0.0017, Z: -1.94, TC: 0, PF: 0.0002816666666666822
2025-04-29 23:19:44.033 | INFO     | __main__:<module>:202 - Cumulative pnl: 0
2025-04-29 23:19:45.091 | INFO     | __main__:<module>:70 - [SPREAD] Spot: 0.1508, Futures: 0.1525, Spread: -0.0017, Z: -1.90, TC: 0, PF: 0.00027750000000001536
2025-04-29 23:19:45.590 | INFO     | __main__:<module>:202 - Cumulative pnl: 0
2025-04-29 23:19:46.584 | INFO     | __main__:<module>:70 - [SPREAD] Spot: 0.1508, Futures: 0.1525, Spread: -0.0017, Z: -1.86, TC: 0, PF: 0.0002733333333333487
2025-04-29 23:19:47.084 | INFO     | __main__:<module>:202 - Cumulative pnl: 0
2025-04-29 23:19:48.920 | INFO     | __main__:<module>:70 - [SPREAD] Spot: 0.1508, Futures: 0.1525, Spread: -0.0017, Z: -1.82, TC: 0, PF: 0.0002691666666666821
2025-04-29 23:19:49.551 | INFO     | __main__:<module>:202 - Cumulative pnl: 0
2025-04-29 23:19:50.632 | INFO     | __main__:<module>:70 - [SPREAD] Spot: 0.1508, Futures: 0.1525, Spread: -0.0017, Z: -1.79, TC: 0, PF: 0.00026500000000001544
2025-04-29 23:19:51.268 | INFO     | __main__:<module>:202 - Cumulative pnl: 0
2025-04-29 23:19:52.571 | INFO     | __main__:<module>:70 - [SPREAD] Spot: 0.1508, Futures: 0.1525, Spread: -0.0017, Z: -1.76, TC: 0, PF: 0.0002608333333333488
2025-04-29 23:19:53.072 | INFO     | __main__:<module>:202 - Cumulative pnl: 0
2025-04-29 23:19:54.220 | INFO     | __main__:<module>:70 - [SPREAD] Spot: 0.1508, Futures: 0.1525, Spread: -0.0017, Z: -1.73, TC: 0, PF: 0.00025666666666668216
2025-04-29 23:19:55.275 | INFO     | __main__:<module>:202 - Cumulative pnl: 0
2025-04-29 23:19:56.267 | INFO     | __main__:<module>:70 - [SPREAD] Spot: 0.1508, Futures: 0.1525, Spread: -0.0017, Z: -1.70, TC: 0, PF: 0.0002525000000000155
2025-04-29 23:19:56.805 | INFO     | __main__:<module>:202 - Cumulative pnl: 0
2025-04-29 23:19:59.278 | INFO     | __main__:<module>:70 - [SPREAD] Spot: 0.1508, Futures: 0.1525, Spread: -0.0017, Z: -1.67, TC: 0, PF: 0.0002483333333333489
2025-04-29 23:19:59.791 | INFO     | __main__:<module>:202 - Cumulative pnl: 0
2025-04-29 23:20:00.993 | INFO     | __main__:<module>:70 - [SPREAD] Spot: 0.1508, Futures: 0.1525, Spread: -0.0017, Z: -1.64, TC: 0, PF: 0.000244166666666682
2025-04-29 23:20:01.493 | INFO     | __main__:<module>:202 - Cumulative pnl: 0
2025-04-29 23:20:02.488 | INFO     | __main__:<module>:70 - [SPREAD] Spot: 0.1508, Futures: 0.1525, Spread: -0.0017, Z: -1.62, TC: 0, PF: 0.00024000000000001537
2025-04-29 23:20:03.084 | INFO     | __main__:<module>:202 - Cumulative pnl: 0
2025-04-29 23:20:04.246 | INFO     | __main__:<module>:70 - [SPREAD] Spot: 0.1508, Futures: 0.1525, Spread: -0.0017, Z: -1.59, TC: 0, PF: 0.00023583333333334873
2025-04-29 23:20:04.756 | INFO     | __main__:<module>:202 - Cumulative pnl: 0
2025-04-29 23:20:05.895 | INFO     | __main__:<module>:70 - [SPREAD] Spot: 0.1508, Futures: 0.1525, Spread: -0.0017, Z: -1.57, TC: 0, PF: 0.0002316666666666821
2025-04-29 23:20:06.398 | INFO     | __main__:<module>:202 - Cumulative pnl: 0
2025-04-29 23:20:07.527 | INFO     | __main__:<module>:70 - [SPREAD] Spot: 0.1508, Futures: 0.1525, Spread: -0.0017, Z: -1.55, TC: 0, PF: 0.00022750000000001545
2025-04-29 23:20:08.027 | INFO     | __main__:<module>:202 - Cumulative pnl: 0
2025-04-29 23:20:09.159 | INFO     | __main__:<module>:70 - [SPREAD] Spot: 0.1508, Futures: 0.1525, Spread: -0.0017, Z: -1.52, TC: 0, PF: 0.0002233333333333488
2025-04-29 23:20:09.764 | INFO     | __main__:<module>:202 - Cumulative pnl: 0
2025-04-29 23:20:10.848 | INFO     | __main__:<module>:70 - [SPREAD] Spot: 0.1508, Futures: 0.1525, Spread: -0.0017, Z: -1.50, TC: 0, PF: 0.00021916666666668217
2025-04-29 23:20:11.454 | INFO     | __main__:<module>:202 - Cumulative pnl: 0
2025-04-29 23:20:12.644 | INFO     | __main__:<module>:70 - [SPREAD] Spot: 0.1508, Futures: 0.1525, Spread: -0.0017, Z: -1.49, TC: 0, PF: 0.0002150000000000153
2025-04-29 23:20:13.141 | INFO     | __main__:<module>:202 - Cumulative pnl: 0
2025-04-29 23:20:14.179 | INFO     | __main__:<module>:70 - [SPREAD] Spot: 0.1508, Futures: 0.1525, Spread: -0.0017, Z: -1.47, TC: 0, PF: 0.00021083333333334867
2025-04-29 23:20:14.728 | INFO     | __main__:<module>:202 - Cumulative pnl: 0
2025-04-29 23:20:16.320 | INFO     | __main__:<module>:70 - [SPREAD] Spot: 0.1508, Futures: 0.1525, Spread: -0.0017, Z: -1.45, TC: 0, PF: 0.00020666666666668203
2025-04-29 23:20:16.872 | INFO     | __main__:<module>:202 - Cumulative pnl: 0
2025-04-29 23:20:18.192 | INFO     | __main__:<module>:70 - [SPREAD] Spot: 0.1508, Futures: 0.1525, Spread: -0.0017, Z: -1.44, TC: 0, PF: 0.00020250000000001538
2025-04-29 23:20:18.692 | INFO     | __main__:<module>:202 - Cumulative pnl: 0
2025-04-29 23:20:20.300 | INFO     | __main__:<module>:70 - [SPREAD] Spot: 0.1508, Futures: 0.1525, Spread: -0.0017, Z: -1.42, TC: 0, PF: 0.00019833333333334874
2025-04-29 23:20:20.875 | INFO     | __main__:<module>:202 - Cumulative pnl: 0
2025-04-29 23:20:22.367 | INFO     | __main__:<module>:70 - [SPREAD] Spot: 0.1508, Futures: 0.1525, Spread: -0.0017, Z: -1.41, TC: 0, PF: 0.0001941666666666821
2025-04-29 23:20:22.867 | INFO     | __main__:<module>:202 - Cumulative pnl: 0
2025-04-29 23:20:24.007 | INFO     | __main__:<module>:70 - [SPREAD] Spot: 0.1508, Futures: 0.1525, Spread: -0.0017, Z: -1.39, TC: 0, PF: 0.00019000000000001546
2025-04-29 23:20:24.661 | INFO     | __main__:<module>:202 - Cumulative pnl: 0
2025-04-29 23:20:25.859 | INFO     | __main__:<module>:70 - [SPREAD] Spot: 0.1508, Futures: 0.1525, Spread: -0.0017, Z: -1.38, TC: 0, PF: 0.00018583333333334882
2025-04-29 23:20:26.363 | INFO     | __main__:<module>:202 - Cumulative pnl: 0
2025-04-29 23:20:27.972 | INFO     | __main__:<module>:70 - [SPREAD] Spot: 0.1508, Futures: 0.1525, Spread: -0.0017, Z: -1.36, TC: 0, PF: 0.0001833333333333485
2025-04-29 23:20:28.924 | INFO     | __main__:<module>:202 - Cumulative pnl: 0
2025-04-29 23:20:30.050 | INFO     | __main__:<module>:70 - [SPREAD] Spot: 0.1508, Futures: 0.1525, Spread: -0.0017, Z: -1.33, TC: 0, PF: 0.00018083333333334837
2025-04-29 23:20:30.618 | INFO     | __main__:<module>:202 - Cumulative pnl: 0
2025-04-29 23:20:31.790 | INFO     | __main__:<module>:70 - [SPREAD] Spot: 0.1508, Futures: 0.1525, Spread: -0.0017, Z: -1.31, TC: 0, PF: 0.00017833333333334826
2025-04-29 23:20:32.291 | INFO     | __main__:<module>:202 - Cumulative pnl: 0
2025-04-29 23:20:33.435 | INFO     | __main__:<module>:70 - [SPREAD] Spot: 0.1508, Futures: 0.1525, Spread: -0.0017, Z: -1.29, TC: 0, PF: 0.00017583333333334793
2025-04-29 23:20:34.494 | INFO     | __main__:<module>:202 - Cumulative pnl: 0
2025-04-29 23:20:35.484 | INFO     | __main__:<module>:70 - [SPREAD] Spot: 0.1508, Futures: 0.1525, Spread: -0.0017, Z: -1.26, TC: 0, PF: 0.0001733333333333478
2025-04-29 23:20:36.066 | INFO     | __main__:<module>:202 - Cumulative pnl: 0
2025-04-29 23:20:37.322 | INFO     | __main__:<module>:70 - [SPREAD] Spot: 0.1508, Futures: 0.1525, Spread: -0.0017, Z: -1.24, TC: 0, PF: 0.0001708333333333477
2025-04-29 23:20:37.915 | INFO     | __main__:<module>:202 - Cumulative pnl: 0
2025-04-29 23:20:39.112 | INFO     | __main__:<module>:70 - [SPREAD] Spot: 0.1508, Futures: 0.1525, Spread: -0.0017, Z: -1.22, TC: 0, PF: 0.00016833333333334736
2025-04-29 23:20:39.765 | INFO     | __main__:<module>:202 - Cumulative pnl: 0
2025-04-29 23:20:41.299 | INFO     | __main__:<module>:70 - [SPREAD] Spot: 0.1508, Futures: 0.1525, Spread: -0.0017, Z: -1.20, TC: 0, PF: 0.00016583333333334725
2025-04-29 23:20:41.921 | INFO     | __main__:<module>:202 - Cumulative pnl: 0
2025-04-29 23:20:43.568 | INFO     | __main__:<module>:70 - [SPREAD] Spot: 0.1508, Futures: 0.1525, Spread: -0.0017, Z: -1.18, TC: 0, PF: 0.00016333333333334713
2025-04-29 23:20:44.066 | INFO     | __main__:<module>:202 - Cumulative pnl: 0
2025-04-29 23:20:45.208 | INFO     | __main__:<module>:70 - [SPREAD] Spot: 0.1508, Futures: 0.1525, Spread: -0.0017, Z: -1.16, TC: 0, PF: 0.0001608333333333468
2025-04-29 23:20:45.703 | INFO     | __main__:<module>:202 - Cumulative pnl: 0
2025-04-29 23:20:47.030 | INFO     | __main__:<module>:70 - [SPREAD] Spot: 0.1508, Futures: 0.1525, Spread: -0.0017, Z: -1.14, TC: 0, PF: 0.0001583333333333467
2025-04-29 23:20:47.601 | INFO     | __main__:<module>:202 - Cumulative pnl: 0
2025-04-29 23:20:48.895 | INFO     | __main__:<module>:70 - [SPREAD] Spot: 0.1508, Futures: 0.1525, Spread: -0.0017, Z: -1.12, TC: 0, PF: 0.00015583333333334657
2025-04-29 23:20:49.391 | INFO     | __main__:<module>:202 - Cumulative pnl: 0
2025-04-29 23:20:50.534 | INFO     | __main__:<module>:70 - [SPREAD] Spot: 0.1508, Futures: 0.1525, Spread: -0.0017, Z: -1.10, TC: 0, PF: 0.00015333333333334624
2025-04-29 23:20:51.081 | INFO     | __main__:<module>:202 - Cumulative pnl: 0
2025-04-29 23:20:52.379 | INFO     | __main__:<module>:70 - [SPREAD] Spot: 0.1508, Futures: 0.1525, Spread: -0.0017, Z: -1.08, TC: 0, PF: 0.00015083333333334612
2025-04-29 23:20:52.875 | INFO     | __main__:<module>:202 - Cumulative pnl: 0
2025-04-29 23:20:54.117 | INFO     | __main__:<module>:70 - [SPREAD] Spot: 0.1508, Futures: 0.1525, Spread: -0.0017, Z: -1.07, TC: 0, PF: 0.000148333333333346
2025-04-29 23:20:55.178 | INFO     | __main__:<module>:202 - Cumulative pnl: 0
2025-04-29 23:20:56.573 | INFO     | __main__:<module>:70 - [SPREAD] Spot: 0.1508, Futures: 0.1525, Spread: -0.0017, Z: -1.05, TC: 0, PF: 0.00014583333333334568
2025-04-29 23:20:57.132 | INFO     | __main__:<module>:202 - Cumulative pnl: 0
2025-04-29 23:20:58.617 | INFO     | __main__:<module>:70 - [SPREAD] Spot: 0.1508, Futures: 0.1525, Spread: -0.0017, Z: -1.03, TC: 0, PF: 0.00014333333333334556
2025-04-29 23:20:59.119 | INFO     | __main__:<module>:202 - Cumulative pnl: 0
2025-04-29 23:21:00.261 | INFO     | __main__:<module>:70 - [SPREAD] Spot: 0.1508, Futures: 0.1525, Spread: -0.0017, Z: -1.02, TC: 0, PF: 0.00014083333333334545
2025-04-29 23:21:00.759 | INFO     | __main__:<module>:202 - Cumulative pnl: 0
2025-04-29 23:21:01.990 | INFO     | __main__:<module>:70 - [SPREAD] Spot: 0.1508, Futures: 0.1525, Spread: -0.0017, Z: -1.00, TC: 0, PF: 0.00013833333333334512
2025-04-29 23:21:02.494 | INFO     | __main__:<module>:202 - Cumulative pnl: 0
2025-04-29 23:21:03.735 | INFO     | __main__:<module>:70 - [SPREAD] Spot: 0.1508, Futures: 0.1525, Spread: -0.0017, Z: -0.98, TC: 0, PF: 0.000135833333333345
2025-04-29 23:21:04.293 | INFO     | __main__:<module>:202 - Cumulative pnl: 0
2025-04-29 23:21:05.381 | INFO     | __main__:<module>:70 - [SPREAD] Spot: 0.1508, Futures: 0.1525, Spread: -0.0017, Z: -0.97, TC: 0, PF: 0.0001333333333333449
2025-04-29 23:21:05.880 | INFO     | __main__:<module>:202 - Cumulative pnl: 0
2025-04-29 23:21:07.185 | INFO     | __main__:<module>:70 - [SPREAD] Spot: 0.1508, Futures: 0.1525, Spread: -0.0017, Z: -0.95, TC: 0, PF: 0.00013083333333334455
2025-04-29 23:21:07.692 | INFO     | __main__:<module>:202 - Cumulative pnl: 0
2025-04-29 23:21:08.865 | INFO     | __main__:<module>:70 - [SPREAD] Spot: 0.1508, Futures: 0.1525, Spread: -0.0017, Z: -0.93, TC: 0, PF: 0.00012833333333334444
2025-04-29 23:21:09.923 | INFO     | __main__:<module>:202 - Cumulative pnl: 0
2025-04-29 23:21:11.730 | INFO     | __main__:<module>:70 - [SPREAD] Spot: 0.1508, Futures: 0.1525, Spread: -0.0017, Z: -0.92, TC: 0, PF: 0.00012583333333334432
2025-04-29 23:21:12.262 | INFO     | __main__:<module>:202 - Cumulative pnl: 0
2025-04-29 23:21:14.095 | INFO     | __main__:<module>:70 - [SPREAD] Spot: 0.1508, Futures: 0.1525, Spread: -0.0017, Z: -0.90, TC: 0, PF: 0.000123333333333344
2025-04-29 23:21:14.604 | INFO     | __main__:<module>:202 - Cumulative pnl: 0
2025-04-29 23:21:15.983 | INFO     | __main__:<module>:70 - [SPREAD] Spot: 0.1508, Futures: 0.1525, Spread: -0.0017, Z: -0.89, TC: 0, PF: 0.00012083333333334388
2025-04-29 23:21:16.494 | INFO     | __main__:<module>:202 - Cumulative pnl: 0
2025-04-29 23:21:18.463 | INFO     | __main__:<module>:70 - [SPREAD] Spot: 0.1508, Futures: 0.1525, Spread: -0.0017, Z: -0.87, TC: 0, PF: 0.00011833333333334376
2025-04-29 23:21:18.952 | INFO     | __main__:<module>:202 - Cumulative pnl: 0
2025-04-29 23:21:20.555 | INFO     | __main__:<module>:70 - [SPREAD] Spot: 0.1508, Futures: 0.1525, Spread: -0.0017, Z: -0.86, TC: 0, PF: 0.00011583333333334343
2025-04-29 23:21:21.058 | INFO     | __main__:<module>:202 - Cumulative pnl: 0
2025-04-29 23:21:22.080 | INFO     | __main__:<module>:70 - [SPREAD] Spot: 0.1508, Futures: 0.1525, Spread: -0.0017, Z: -0.84, TC: 0, PF: 0.00011333333333334332
2025-04-29 23:21:22.579 | INFO     | __main__:<module>:202 - Cumulative pnl: 0
2025-04-29 23:21:23.821 | INFO     | __main__:<module>:70 - [SPREAD] Spot: 0.1508, Futures: 0.1525, Spread: -0.0017, Z: -0.83, TC: 0, PF: 0.0001108333333333432
2025-04-29 23:21:24.318 | INFO     | __main__:<module>:202 - Cumulative pnl: 0
2025-04-29 23:21:26.617 | INFO     | __main__:<module>:70 - [SPREAD] Spot: 0.1508, Futures: 0.1525, Spread: -0.0017, Z: -0.82, TC: 0, PF: 0.00010833333333334287
2025-04-29 23:21:27.231 | INFO     | __main__:<module>:202 - Cumulative pnl: 0
2025-04-29 23:21:28.309 | INFO     | __main__:<module>:70 - [SPREAD] Spot: 0.1509, Futures: 0.1525, Spread: -0.0016, Z: -0.05, TC: 0, PF: 6.666666666659384e-06
2025-04-29 23:21:28.981 | SUCCESS  | margin_trader:safe_spot_order:63 - [SPOT ORDER SUCCESS] SELL 663.0 ONTUSDT
2025-04-29 23:21:28.984 | INFO     | margin_trader:spot_sell:46 - [SPOT] Sold 663.0 ONTUSDT.
2025-04-29 23:42:10.681 | WARNING  | futures_trader:safe_futures_order:29 - [WARNING] PERCENT_PRICE limit hit. Retrying with smaller size. Attempt 1/10
2025-04-29 23:44:51.078 | WARNING  | futures_trader:safe_futures_order:29 - [WARNING] PERCENT_PRICE limit hit. Retrying with smaller size. Attempt 2/10
2025-04-29 23:48:05.976 | WARNING  | futures_trader:safe_futures_order:29 - [WARNING] PERCENT_PRICE limit hit. Retrying with smaller size. Attempt 3/10
